Performing C++ SOURCE FILE Test CMAKE_HAVE_LIBC_PTHREAD failed with the following output:
Change Dir: /home/uhdt/ws2_livox/build/livox_ros_driver2/CMakeFiles/CMakeTmp

Run Build Command(s):/usr/bin/make cmTC_ab4ef/fast && /usr/bin/make -f CMakeFiles/cmTC_ab4ef.dir/build.make CMakeFiles/cmTC_ab4ef.dir/build
make[1]: Entering directory '/home/uhdt/ws2_livox/build/livox_ros_driver2/CMakeFiles/CMakeTmp'
Building CXX object CMakeFiles/cmTC_ab4ef.dir/src.cxx.o
/usr/lib/ccache/c++    -DCMAKE_HAVE_LIBC_PTHREAD   -o CMakeFiles/cmTC_ab4ef.dir/src.cxx.o -c /home/uhdt/ws2_livox/build/livox_ros_driver2/CMakeFiles/CMakeTmp/src.cxx
Linking CXX executable cmTC_ab4ef
/usr/bin/cmake -E cmake_link_script CMakeFiles/cmTC_ab4ef.dir/link.txt --verbose=1
/usr/lib/ccache/c++   -DCMAKE_HAVE_LIBC_PTHREAD    -rdynamic CMakeFiles/cmTC_ab4ef.dir/src.cxx.o  -o cmTC_ab4ef 
/usr/bin/ld: CMakeFiles/cmTC_ab4ef.dir/src.cxx.o: in function `main':
src.cxx:(.text+0x48): undefined reference to `pthread_create'
/usr/bin/ld: src.cxx:(.text+0x50): undefined reference to `pthread_detach'
/usr/bin/ld: src.cxx:(.text+0x5c): undefined reference to `pthread_join'
collect2: error: ld returned 1 exit status
make[1]: *** [CMakeFiles/cmTC_ab4ef.dir/build.make:87: cmTC_ab4ef] Error 1
make[1]: Leaving directory '/home/uhdt/ws2_livox/build/livox_ros_driver2/CMakeFiles/CMakeTmp'
make: *** [Makefile:121: cmTC_ab4ef/fast] Error 2


Source file was:
#include <pthread.h>

void* test_func(void* data)
{
  return data;
}

int main(void)
{
  pthread_t thread;
  pthread_create(&thread, NULL, test_func, NULL);
  pthread_detach(thread);
  pthread_join(thread, NULL);
  pthread_atfork(NULL, NULL, NULL);
  pthread_exit(NULL);

  return 0;
}

Determining if the function pthread_create exists in the pthreads failed with the following output:
Change Dir: /home/uhdt/ws2_livox/build/livox_ros_driver2/CMakeFiles/CMakeTmp

Run Build Command(s):/usr/bin/make cmTC_dbc59/fast && /usr/bin/make -f CMakeFiles/cmTC_dbc59.dir/build.make CMakeFiles/cmTC_dbc59.dir/build
make[1]: Entering directory '/home/uhdt/ws2_livox/build/livox_ros_driver2/CMakeFiles/CMakeTmp'
Building CXX object CMakeFiles/cmTC_dbc59.dir/CheckFunctionExists.cxx.o
/usr/lib/ccache/c++    -DCHECK_FUNCTION_EXISTS=pthread_create   -o CMakeFiles/cmTC_dbc59.dir/CheckFunctionExists.cxx.o -c /home/uhdt/ws2_livox/build/livox_ros_driver2/CMakeFiles/CheckLibraryExists/CheckFunctionExists.cxx
Linking CXX executable cmTC_dbc59
/usr/bin/cmake -E cmake_link_script CMakeFiles/cmTC_dbc59.dir/link.txt --verbose=1
/usr/lib/ccache/c++   -DCHECK_FUNCTION_EXISTS=pthread_create    -rdynamic CMakeFiles/cmTC_dbc59.dir/CheckFunctionExists.cxx.o  -o cmTC_dbc59  -lpthreads 
/usr/bin/ld: cannot find -lpthreads
collect2: error: ld returned 1 exit status
make[1]: *** [CMakeFiles/cmTC_dbc59.dir/build.make:87: cmTC_dbc59] Error 1
make[1]: Leaving directory '/home/uhdt/ws2_livox/build/livox_ros_driver2/CMakeFiles/CMakeTmp'
make: *** [Makefile:121: cmTC_dbc59/fast] Error 2



