make: Warning: File 'Makefile' has modification time 1745459925 s in the future
make[1]: Warning: File 'CMakeFiles/Makefile2' has modification time 1745459925 s in the future
make[2]: Warning: File 'CMakeFiles/octomap_server_gencfg.dir/progress.make' has modification time 1745459925 s in the future
make[2]: warning:  Clock skew detected.  Your build may be incomplete.
make[2]: Warning: File 'CMakeFiles/octomap_server_gencfg.dir/progress.make' has modification time 1745459925 s in the future
make[2]: warning:  Clock skew detected.  Your build may be incomplete.
[  4%] Built target octomap_server_gencfg
make[2]: Warning: File 'CMakeFiles/octomap_server.dir/flags.make' has modification time 1745459925 s in the future
make[2]: warning:  Clock skew detected.  Your build may be incomplete.
make[2]: Warning: File 'CMakeFiles/octomap_server_color.dir/flags.make' has modification time 1745459925 s in the future
make[2]: Warning: File 'CMakeFiles/octomap_server.dir/flags.make' has modification time 1745459925 s in the future
make[2]: warning:  Clock skew detected.  Your build may be incomplete.
make[2]: warning:  Clock skew detected.  Your build may be incomplete.
make[2]: Warning: File 'CMakeFiles/octomap_server_color.dir/flags.make' has modification time 1745459925 s in the future
[ 20%] Built target octomap_server
make[2]: warning:  Clock skew detected.  Your build may be incomplete.
make[2]: Warning: File 'CMakeFiles/octomap_server_nodelet.dir/flags.make' has modification time 1745459925 s in the future
make[2]: Warning: File 'CMakeFiles/octomap_saver.dir/flags.make' has modification time 1745459925 s in the future
[ 36%] Built target octomap_server_color
make[2]: Warning: File 'CMakeFiles/octomap_server_static.dir/flags.make' has modification time 1745459925 s in the future
make[2]: warning:  Clock skew detected.  Your build may be incomplete.
make[2]: warning:  Clock skew detected.  Your build may be incomplete.
make[2]: Warning: File 'CMakeFiles/octomap_server_static.dir/flags.make' has modification time 1745459925 s in the future
make[2]: warning:  Clock skew detected.  Your build may be incomplete.
make[2]: Warning: File 'CMakeFiles/octomap_color_server_node.dir/flags.make' has modification time 1745459925 s in the future
make[2]: Warning: File 'CMakeFiles/octomap_server_nodelet.dir/flags.make' has modification time 1745459925 s in the future
make[2]: warning:  Clock skew detected.  Your build may be incomplete.
make[2]: Warning: File 'CMakeFiles/octomap_saver.dir/flags.make' has modification time 1745459925 s in the future
make[2]: warning:  Clock skew detected.  Your build may be incomplete.
make[2]: warning:  Clock skew detected.  Your build may be incomplete.
make[2]: Warning: File 'CMakeFiles/octomap_color_server_node.dir/flags.make' has modification time 1745459925 s in the future
make[2]: warning:  Clock skew detected.  Your build may be incomplete.
[ 44%] Built target octomap_server_static
[ 52%] Built target octomap_server_nodelet
make[2]: Warning: File 'CMakeFiles/octomap_server_node.dir/flags.make' has modification time 1745459925 s in the future
make[2]: warning:  Clock skew detected.  Your build may be incomplete.
make[2]: Warning: File 'CMakeFiles/octomap_color_server_nodelet.dir/flags.make' has modification time 1745459925 s in the future
[ 60%] Built target octomap_saver
make[2]: Warning: File 'CMakeFiles/octomap_tracking_server_node.dir/flags.make' has modification time 1745459925 s in the future
make[2]: warning:  Clock skew detected.  Your build may be incomplete.
[ 68%] Built target octomap_color_server_node
make[2]: Warning: File 'CMakeFiles/octomap_server_node.dir/flags.make' has modification time 1745459925 s in the future
make[2]: warning:  Clock skew detected.  Your build may be incomplete.
make[2]: Warning: File 'CMakeFiles/octomap_server_multilayer.dir/flags.make' has modification time 1745459925 s in the future
make[2]: warning:  Clock skew detected.  Your build may be incomplete.
make[2]: warning:  Clock skew detected.  Your build may be incomplete.
make[2]: Warning: File 'CMakeFiles/octomap_color_server_nodelet.dir/flags.make' has modification time 1745459925 s in the future
make[2]: warning:  Clock skew detected.  Your build may be incomplete.
make[2]: Warning: File 'CMakeFiles/octomap_tracking_server_node.dir/flags.make' has modification time 1745459925 s in the future
[ 76%] Built target octomap_server_node
make[2]: Warning: File 'CMakeFiles/octomap_server_multilayer.dir/flags.make' has modification time 1745459925 s in the future
make[2]: warning:  Clock skew detected.  Your build may be incomplete.
make[2]: warning:  Clock skew detected.  Your build may be incomplete.
[ 84%] Built target octomap_tracking_server_node
make[2]: warning:  Clock skew detected.  Your build may be incomplete.
[ 92%] Built target octomap_server_multilayer
[100%] Built target octomap_color_server_nodelet
make[1]: warning:  Clock skew detected.  Your build may be incomplete.
make: warning:  Clock skew detected.  Your build may be incomplete.
