make: Warning: File 'Makefile' has modification time 1745461358 s in the future
make[1]: Warning: File 'CMakeFiles/Makefile2' has modification time 1745461358 s in the future
make[2]: Warning: File 'CMakeFiles/octomap_server_gencfg.dir/progress.make' has modification time 1745461358 s in the future
make[2]: warning:  Clock skew detected.  Your build may be incomplete.
make[2]: Warning: File 'CMakeFiles/octomap_server_gencfg.dir/progress.make' has modification time 1745461357 s in the future
make[2]: warning:  Clock skew detected.  Your build may be incomplete.
make[2]: Warning: File 'CMakeFiles/octomap_server.dir/flags.make' has modification time 1745461357 s in the future
make[2]: warning:  Clock skew detected.  Your build may be incomplete.
make[2]: Warning: File 'CMakeFiles/octomap_server.dir/flags.make' has modification time 1745461357 s in the future
make[2]: Warning: File 'CMakeFiles/octomap_server_color.dir/flags.make' has modification time 1745461357 s in the future
make[2]: warning:  Clock skew detected.  Your build may be incomplete.
make[2]: warning:  Clock skew detected.  Your build may be incomplete.
make[2]: Warning: File 'CMakeFiles/octomap_server_color.dir/flags.make' has modification time 1745461357 s in the future
make[2]: Warning: File 'CMakeFiles/octomap_server_nodelet.dir/flags.make' has modification time 1745461357 s in the future
make[2]: warning:  Clock skew detected.  Your build may be incomplete.
make[2]: warning:  Clock skew detected.  Your build may be incomplete.
make[2]: Warning: File 'CMakeFiles/octomap_server_static.dir/flags.make' has modification time 1745461357 s in the future
make[2]: Warning: File 'CMakeFiles/octomap_server_nodelet.dir/flags.make' has modification time 1745461357 s in the future
make[2]: Warning: File 'CMakeFiles/octomap_saver.dir/flags.make' has modification time 1745461357 s in the future
make[2]: Warning: File 'CMakeFiles/octomap_color_server_node.dir/flags.make' has modification time 1745461357 s in the future
make[2]: warning:  Clock skew detected.  Your build may be incomplete.
make[2]: Warning: File 'CMakeFiles/octomap_server_static.dir/flags.make' has modification time 1745461357 s in the future
make[2]: warning:  Clock skew detected.  Your build may be incomplete.
make[2]: warning:  Clock skew detected.  Your build may be incomplete.
make[2]: warning:  Clock skew detected.  Your build may be incomplete.
make[2]: Warning: File 'CMakeFiles/octomap_server_node.dir/flags.make' has modification time 1745461357 s in the future
make[2]: Warning: File 'CMakeFiles/octomap_color_server_node.dir/flags.make' has modification time 1745461357 s in the future
make[2]: warning:  Clock skew detected.  Your build may be incomplete.
make[2]: Warning: File 'CMakeFiles/octomap_saver.dir/flags.make' has modification time 1745461357 s in the future
make[2]: warning:  Clock skew detected.  Your build may be incomplete.
make[2]: warning:  Clock skew detected.  Your build may be incomplete.
make[2]: warning:  Clock skew detected.  Your build may be incomplete.
make[2]: Warning: File 'CMakeFiles/octomap_color_server_nodelet.dir/flags.make' has modification time 1745461357 s in the future
make[2]: Warning: File 'CMakeFiles/octomap_server_node.dir/flags.make' has modification time 1745461357 s in the future
make[2]: Warning: File 'CMakeFiles/octomap_tracking_server_node.dir/flags.make' has modification time 1745461357 s in the future
make[2]: Warning: File 'CMakeFiles/octomap_server_multilayer.dir/flags.make' has modification time 1745461357 s in the future
make[2]: warning:  Clock skew detected.  Your build may be incomplete.
make[2]: warning:  Clock skew detected.  Your build may be incomplete.
make[2]: Warning: File 'CMakeFiles/octomap_color_server_nodelet.dir/flags.make' has modification time 1745461357 s in the future
make[2]: warning:  Clock skew detected.  Your build may be incomplete.
make[2]: Warning: File 'CMakeFiles/octomap_tracking_server_node.dir/flags.make' has modification time 1745461357 s in the future
make[2]: warning:  Clock skew detected.  Your build may be incomplete.
make[2]: warning:  Clock skew detected.  Your build may be incomplete.
make[2]: Warning: File 'CMakeFiles/octomap_server_multilayer.dir/flags.make' has modification time 1745461357 s in the future
make[2]: warning:  Clock skew detected.  Your build may be incomplete.
make[2]: warning:  Clock skew detected.  Your build may be incomplete.
make[1]: warning:  Clock skew detected.  Your build may be incomplete.
make: warning:  Clock skew detected.  Your build may be incomplete.
