2025-04-25 04:00:16,701 - INFO - Initializing system...
2025-04-25 04:00:16,702 - INFO - Loading camera configuration
2025-04-25 04:00:16,702 - INFO - Camera configuration loaded
2025-04-25 04:00:16,702 - INFO - Created source images directory: runtime/04_25-04_00_11/source
2025-04-25 04:00:16,702 - INFO - Created annotated detections directory: runtime/04_25-04_00_11/annotated_detections
2025-04-25 04:00:16,702 - INFO - Created cropped detections directory: runtime/04_25-04_00_11/cropped_detections
2025-04-25 04:00:16,703 - INFO - Created annotated detections directory: runtime/04_25-04_00_11/unique_targets
2025-04-25 04:00:16,703 - INFO - Initialization complete.
2025-04-25 04:00:16,703 - INFO - File Watcher Initiated
2025-04-25 04:00:16,703 - INFO - Watching /home/uhdt/ws2_livox/images
2025-04-25 04:00:28,740 - INFO - Processing /home/uhdt/ws2_livox/images/0.jpg
2025-04-25 04:00:28,740 - INFO - Running ODCL for runtime/04_25-04_00_11/source/0.jpg
2025-04-25 04:00:41,218 - INFO - Saved annotated image to runtime/04_25-04_00_11/annotated_detections
2025-04-25 04:00:41,220 - INFO - Completed ODCL for runtime/04_25-04_00_11/source/0.jpg. Elapsed Time: 12.47896146774292
2025-04-25 04:00:48,878 - INFO - Processing /home/uhdt/ws2_livox/images/1.jpg
2025-04-25 04:00:48,878 - INFO - Running ODCL for runtime/04_25-04_00_11/source/1.jpg
2025-04-25 04:00:53,466 - INFO - Saved annotated image to runtime/04_25-04_00_11/annotated_detections
2025-04-25 04:00:53,466 - INFO - Completed ODCL for runtime/04_25-04_00_11/source/1.jpg. Elapsed Time: 4.588202953338623
2025-04-25 04:01:09,030 - INFO - Processing /home/uhdt/ws2_livox/images/2.jpg
2025-04-25 04:01:09,030 - INFO - Running ODCL for runtime/04_25-04_00_11/source/2.jpg
2025-04-25 04:01:13,273 - INFO - Saved annotated image to runtime/04_25-04_00_11/annotated_detections
2025-04-25 04:01:13,274 - INFO - Completed ODCL for runtime/04_25-04_00_11/source/2.jpg. Elapsed Time: 4.243270635604858
2025-04-25 04:01:29,752 - INFO - Processing /home/uhdt/ws2_livox/images/3.jpg
2025-04-25 04:01:29,752 - INFO - Running ODCL for runtime/04_25-04_00_11/source/3.jpg
2025-04-25 04:01:34,060 - INFO - Saved annotated image to runtime/04_25-04_00_11/annotated_detections
2025-04-25 04:01:34,061 - INFO - Completed ODCL for runtime/04_25-04_00_11/source/3.jpg. Elapsed Time: 4.308620929718018
2025-04-25 04:01:49,778 - INFO - Processing /home/uhdt/ws2_livox/images/4.jpg
2025-04-25 04:01:49,778 - INFO - Running ODCL for runtime/04_25-04_00_11/source/4.jpg
2025-04-25 04:01:53,955 - INFO - Saved annotated image to runtime/04_25-04_00_11/annotated_detections
2025-04-25 04:01:53,956 - INFO - Completed ODCL for runtime/04_25-04_00_11/source/4.jpg. Elapsed Time: 4.177332639694214
2025-04-25 04:02:09,744 - INFO - Processing /home/uhdt/ws2_livox/images/5.jpg
2025-04-25 04:02:09,745 - INFO - Running ODCL for runtime/04_25-04_00_11/source/5.jpg
2025-04-25 04:02:14,167 - INFO - Saved annotated image to runtime/04_25-04_00_11/annotated_detections
2025-04-25 04:02:14,168 - INFO - Completed ODCL for runtime/04_25-04_00_11/source/5.jpg. Elapsed Time: 4.4231276512146
2025-04-25 04:02:30,317 - INFO - Processing /home/uhdt/ws2_livox/images/6.jpg
2025-04-25 04:02:30,317 - INFO - Running ODCL for runtime/04_25-04_00_11/source/6.jpg
2025-04-25 04:02:34,482 - INFO - Saved annotated image to runtime/04_25-04_00_11/annotated_detections
2025-04-25 04:02:34,483 - INFO - Completed ODCL for runtime/04_25-04_00_11/source/6.jpg. Elapsed Time: 4.165416240692139
