CMake Warning (dev) at CMakeLists.txt:2 (project):
  Policy CMP0048 is not set: project() command manages VERSION variables.
  Run "cmake --help-policy CMP0048" for policy details.  Use the cmake_policy
  command to set the policy and suppress this warning.

  The following variable(s) would be set to empty:

    CMAKE_PROJECT_VERSION
    CMAKE_PROJECT_VERSION_MAJOR
    CMAKE_PROJECT_VERSION_MINOR
    CMAKE_PROJECT_VERSION_PATCH
This warning is for project developers.  Use -Wno-dev to suppress it.

-- Using CATKIN_DEVEL_PREFIX: /home/uhdt/ws2_livox/devel/.private/mavros
-- Using CMAKE_PREFIX_PATH: /home/uhdt/ws2_livox/devel;/opt/ros/noetic
-- This workspace overlays: /home/uhdt/ws2_livox/devel;/opt/ros/noetic
-- Found PythonInterp: /usr/bin/python3 (found suitable version "3.8.10", minimum required is "3") 
-- Using PYTHON_EXECUTABLE: /usr/bin/python3
-- Using Debian Python package layout
-- Using empy: /home/uhdt/.local/lib/python3.8/site-packages/em.py
-- Using CATKIN_ENABLE_TESTING: ON
-- Call enable_testing()
-- Using CATKIN_TEST_RESULTS_DIR: /home/uhdt/ws2_livox/build/mavros/test_results
-- Forcing gtest/gmock from source, though one was otherwise available.
-- Found gtest sources under '/usr/src/googletest': gtests will be built
-- Found gmock sources under '/usr/src/googletest': gmock will be built
-- Found PythonInterp: /usr/bin/python3 (found version "3.8.10") 
-- Using Python nosetests: /usr/bin/nosetests3
-- catkin 0.8.10
-- BUILD_SHARED_LIBS is on
-- Using these message generators: gencpp;geneus;genlisp;gennodejs;genpy
-- Geoid model datasets found in: /usr/share/GeographicLib/geoid
-- Gravity Field model datasets found in: /usr/share/GeographicLib/gravity
-- Magnetic Field model datasets found in: /usr/share/GeographicLib/magnetic
-- Installing devel-space wrapper /home/uhdt/ws2_livox/src/mavros/mavros/scripts/Config.py to /home/uhdt/ws2_livox/devel/.private/mavros/lib/mavros
-- Installing devel-space wrapper /home/uhdt/ws2_livox/src/mavros/mavros/scripts/Search_Area.py to /home/uhdt/ws2_livox/devel/.private/mavros/lib/mavros
-- Installing devel-space wrapper /home/uhdt/ws2_livox/src/mavros/mavros/scripts/auto_test3 to /home/uhdt/ws2_livox/devel/.private/mavros/lib/mavros
-- Installing devel-space wrapper /home/uhdt/ws2_livox/src/mavros/mavros/scripts/checkid to /home/uhdt/ws2_livox/devel/.private/mavros/lib/mavros
-- Installing devel-space wrapper /home/uhdt/ws2_livox/src/mavros/mavros/scripts/collect_gps.py to /home/uhdt/ws2_livox/devel/.private/mavros/lib/mavros
-- Installing devel-space wrapper /home/uhdt/ws2_livox/src/mavros/mavros/scripts/control_servo.py to /home/uhdt/ws2_livox/devel/.private/mavros/lib/mavros
-- Installing devel-space wrapper /home/uhdt/ws2_livox/src/mavros/mavros/scripts/eeprom.bin to /home/uhdt/ws2_livox/devel/.private/mavros/lib/mavros
-- Installing devel-space wrapper /home/uhdt/ws2_livox/src/mavros/mavros/scripts/event_launcher to /home/uhdt/ws2_livox/devel/.private/mavros/lib/mavros
-- Installing devel-space wrapper /home/uhdt/ws2_livox/src/mavros/mavros/scripts/install_geographiclib_datasets.sh to /home/uhdt/ws2_livox/devel/.private/mavros/lib/mavros
-- Installing devel-space wrapper /home/uhdt/ws2_livox/src/mavros/mavros/scripts/map.html to /home/uhdt/ws2_livox/devel/.private/mavros/lib/mavros
-- Installing devel-space wrapper /home/uhdt/ws2_livox/src/mavros/mavros/scripts/mav.parm to /home/uhdt/ws2_livox/devel/.private/mavros/lib/mavros
-- Installing devel-space wrapper /home/uhdt/ws2_livox/src/mavros/mavros/scripts/mav.tlog to /home/uhdt/ws2_livox/devel/.private/mavros/lib/mavros
-- Installing devel-space wrapper /home/uhdt/ws2_livox/src/mavros/mavros/scripts/mav.tlog.raw to /home/uhdt/ws2_livox/devel/.private/mavros/lib/mavros
-- Installing devel-space wrapper /home/uhdt/ws2_livox/src/mavros/mavros/scripts/mavcmd to /home/uhdt/ws2_livox/devel/.private/mavros/lib/mavros
-- Installing devel-space wrapper /home/uhdt/ws2_livox/src/mavros/mavros/scripts/mavftp to /home/uhdt/ws2_livox/devel/.private/mavros/lib/mavros
-- Installing devel-space wrapper /home/uhdt/ws2_livox/src/mavros/mavros/scripts/mavparam to /home/uhdt/ws2_livox/devel/.private/mavros/lib/mavros
-- Installing devel-space wrapper /home/uhdt/ws2_livox/src/mavros/mavros/scripts/mavsafety to /home/uhdt/ws2_livox/devel/.private/mavros/lib/mavros
-- Installing devel-space wrapper /home/uhdt/ws2_livox/src/mavros/mavros/scripts/mavsetp to /home/uhdt/ws2_livox/devel/.private/mavros/lib/mavros
-- Installing devel-space wrapper /home/uhdt/ws2_livox/src/mavros/mavros/scripts/mavsys to /home/uhdt/ws2_livox/devel/.private/mavros/lib/mavros
-- Installing devel-space wrapper /home/uhdt/ws2_livox/src/mavros/mavros/scripts/mavwp to /home/uhdt/ws2_livox/devel/.private/mavros/lib/mavros
-- Installing devel-space wrapper /home/uhdt/ws2_livox/src/mavros/mavros/scripts/mission.waypoints to /home/uhdt/ws2_livox/devel/.private/mavros/lib/mavros
-- Installing devel-space wrapper /home/uhdt/ws2_livox/src/mavros/mavros/scripts/obstacle_distance_3d_node_test5.py to /home/uhdt/ws2_livox/devel/.private/mavros/lib/mavros
-- Installing devel-space wrapper /home/uhdt/ws2_livox/src/mavros/mavros/scripts/roslaunch.sh to /home/uhdt/ws2_livox/devel/.private/mavros/lib/mavros
-- Installing devel-space wrapper /home/uhdt/ws2_livox/src/mavros/mavros/scripts/start_mission.sh to /home/uhdt/ws2_livox/devel/.private/mavros/lib/mavros
-- Installing devel-space wrapper /home/uhdt/ws2_livox/src/mavros/mavros/scripts/stop-sign.txt to /home/uhdt/ws2_livox/devel/.private/mavros/lib/mavros
-- Installing devel-space wrapper /home/uhdt/ws2_livox/src/mavros/mavros/scripts/test.txt to /home/uhdt/ws2_livox/devel/.private/mavros/lib/mavros
-- Configuring done
-- Generating done
-- Build files have been written to: /home/uhdt/ws2_livox/build/mavros
make[2]: Warning: File 'CMakeFiles/trajectory_msgs_generate_messages_nodejs.dir/build.make' has modification time 1745459899 s in the future
make[2]: Warning: File 'CMakeFiles/actionlib_msgs_generate_messages_nodejs.dir/build.make' has modification time 1745459899 s in the future
make[2]: Warning: File 'CMakeFiles/trajectory_msgs_generate_messages_cpp.dir/build.make' has modification time 1745459899 s in the future
make[2]: Warning: File 'CMakeFiles/actionlib_generate_messages_nodejs.dir/build.make' has modification time 1745459899 s in the future
make[2]: Warning: File 'CMakeFiles/actionlib_generate_messages_cpp.dir/build.make' has modification time 1745459899 s in the future
make[2]: Warning: File 'CMakeFiles/trajectory_msgs_generate_messages_lisp.dir/build.make' has modification time 1745459899 s in the future
make[2]: warning:  Clock skew detected.  Your build may be incomplete.
make[2]: warning:  Clock skew detected.  Your build may be incomplete.
make[2]: Warning: File 'CMakeFiles/actionlib_msgs_generate_messages_nodejs.dir/build.make' has modification time 1745459899 s in the future
make[2]: warning:  Clock skew detected.  Your build may be incomplete.
make[2]: Warning: File 'CMakeFiles/trajectory_msgs_generate_messages_nodejs.dir/build.make' has modification time 1745459899 s in the future
make[2]: warning:  Clock skew detected.  Your build may be incomplete.
make[2]: warning:  Clock skew detected.  Your build may be incomplete.
make[2]: Warning: File 'CMakeFiles/actionlib_generate_messages_nodejs.dir/build.make' has modification time 1745459899 s in the future
make[2]: warning:  Clock skew detected.  Your build may be incomplete.
[  0%] Built target actionlib_msgs_generate_messages_nodejs
[  0%] Built target trajectory_msgs_generate_messages_nodejs
make[2]: warning:  Clock skew detected.  Your build may be incomplete.
[  0%] Built target actionlib_generate_messages_nodejs
make[2]: warning:  Clock skew detected.  Your build may be incomplete.
make[2]: Warning: File 'CMakeFiles/tf2_msgs_generate_messages_nodejs.dir/build.make' has modification time 1745459899 s in the future
make[2]: Warning: File 'CMakeFiles/trajectory_msgs_generate_messages_cpp.dir/build.make' has modification time 1745459899 s in the future
make[2]: warning:  Clock skew detected.  Your build may be incomplete.
make[2]: Warning: File 'CMakeFiles/trajectory_msgs_generate_messages_lisp.dir/build.make' has modification time 1745459899 s in the future
make[2]: warning:  Clock skew detected.  Your build may be incomplete.
make[2]: Warning: File 'CMakeFiles/tf2_msgs_generate_messages_cpp.dir/build.make' has modification time 1745459899 s in the future
make[2]: Warning: File 'CMakeFiles/tf2_msgs_generate_messages_lisp.dir/build.make' has modification time 1745459899 s in the future
make[2]: warning:  Clock skew detected.  Your build may be incomplete.
make[2]: Warning: File 'CMakeFiles/actionlib_generate_messages_cpp.dir/build.make' has modification time 1745459899 s in the future
make[2]: warning:  Clock skew detected.  Your build may be incomplete.
[  0%] Built target trajectory_msgs_generate_messages_cpp
make[2]: Warning: File 'CMakeFiles/std_srvs_generate_messages_nodejs.dir/build.make' has modification time 1745459899 s in the future
make[2]: warning:  Clock skew detected.  Your build may be incomplete.
[  0%] Built target trajectory_msgs_generate_messages_lisp
make[2]: Warning: File 'CMakeFiles/tf2_msgs_generate_messages_nodejs.dir/build.make' has modification time 1745459899 s in the future
make[2]: warning:  Clock skew detected.  Your build may be incomplete.
make[2]: Warning: File 'CMakeFiles/std_srvs_generate_messages_lisp.dir/build.make' has modification time 1745459899 s in the future
make[2]: warning:  Clock skew detected.  Your build may be incomplete.
make[2]: warning:  Clock skew detected.  Your build may be incomplete.
[  0%] Built target actionlib_generate_messages_cpp
make[2]: Warning: File 'CMakeFiles/std_srvs_generate_messages_nodejs.dir/build.make' has modification time 1745459899 s in the future
make[2]: warning:  Clock skew detected.  Your build may be incomplete.
make[2]: warning:  Clock skew detected.  Your build may be incomplete.
[  0%] Built target tf2_msgs_generate_messages_nodejs
make[2]: Warning: File 'CMakeFiles/tf2_msgs_generate_messages_cpp.dir/build.make' has modification time 1745459899 s in the future
make[2]: warning:  Clock skew detected.  Your build may be incomplete.
make[2]: Warning: File 'CMakeFiles/tf2_msgs_generate_messages_lisp.dir/build.make' has modification time 1745459899 s in the future
make[2]: warning:  Clock skew detected.  Your build may be incomplete.
make[2]: warning:  Clock skew detected.  Your build may be incomplete.
make[2]: Warning: File 'CMakeFiles/std_srvs_generate_messages_eus.dir/build.make' has modification time 1745459899 s in the future
[  0%] Built target tf2_msgs_generate_messages_lisp
[  0%] Built target std_srvs_generate_messages_nodejs
make[2]: Warning: File 'CMakeFiles/geometry_msgs_generate_messages_eus.dir/build.make' has modification time 1745459899 s in the future
[  0%] Built target tf2_msgs_generate_messages_cpp
make[2]: Warning: File 'CMakeFiles/std_srvs_generate_messages_lisp.dir/build.make' has modification time 1745459899 s in the future
make[2]: warning:  Clock skew detected.  Your build may be incomplete.
make[2]: Warning: File 'CMakeFiles/std_msgs_generate_messages_nodejs.dir/build.make' has modification time 1745459899 s in the future
make[2]: Warning: File 'CMakeFiles/rosgraph_msgs_generate_messages_lisp.dir/build.make' has modification time 1745459899 s in the future
make[2]: Warning: File 'CMakeFiles/actionlib_msgs_generate_messages_eus.dir/build.make' has modification time 1745459899 s in the future
make[2]: warning:  Clock skew detected.  Your build may be incomplete.
make[2]: warning:  Clock skew detected.  Your build may be incomplete.
[  0%] Built target std_srvs_generate_messages_lisp
make[2]: warning:  Clock skew detected.  Your build may be incomplete.
make[2]: warning:  Clock skew detected.  Your build may be incomplete.
make[2]: warning:  Clock skew detected.  Your build may be incomplete.
make[2]: Warning: File 'CMakeFiles/geometry_msgs_generate_messages_eus.dir/build.make' has modification time 1745459899 s in the future
make[2]: warning:  Clock skew detected.  Your build may be incomplete.
make[2]: Warning: File 'CMakeFiles/std_srvs_generate_messages_eus.dir/build.make' has modification time 1745459899 s in the future
make[2]: warning:  Clock skew detected.  Your build may be incomplete.
make[2]: Warning: File 'CMakeFiles/std_msgs_generate_messages_nodejs.dir/build.make' has modification time 1745459899 s in the future
make[2]: warning:  Clock skew detected.  Your build may be incomplete.
make[2]: Warning: File 'CMakeFiles/rosgraph_msgs_generate_messages_lisp.dir/build.make' has modification time 1745459899 s in the future
make[2]: warning:  Clock skew detected.  Your build may be incomplete.
make[2]: Warning: File 'CMakeFiles/actionlib_msgs_generate_messages_eus.dir/build.make' has modification time 1745459899 s in the future
make[2]: warning:  Clock skew detected.  Your build may be incomplete.
make[2]: Warning: File 'CMakeFiles/nav_msgs_generate_messages_cpp.dir/build.make' has modification time 1745459899 s in the future
[  0%] Built target std_msgs_generate_messages_nodejs
[  0%] Built target std_srvs_generate_messages_eus
[  0%] Built target geometry_msgs_generate_messages_eus
make[2]: Warning: File 'CMakeFiles/trajectory_msgs_generate_messages_eus.dir/build.make' has modification time 1745459899 s in the future
[  0%] Built target actionlib_msgs_generate_messages_eus
make[2]: Warning: File 'CMakeFiles/roscpp_generate_messages_py.dir/build.make' has modification time 1745459899 s in the future
make[2]: warning:  Clock skew detected.  Your build may be incomplete.
[  0%] Built target rosgraph_msgs_generate_messages_lisp
make[2]: Warning: File 'CMakeFiles/geometry_msgs_generate_messages_nodejs.dir/build.make' has modification time 1745459899 s in the future
make[2]: Warning: File 'CMakeFiles/nav_msgs_generate_messages_cpp.dir/build.make' has modification time 1745459899 s in the future
make[2]: warning:  Clock skew detected.  Your build may be incomplete.
make[2]: Warning: File 'CMakeFiles/geometry_msgs_generate_messages_cpp.dir/build.make' has modification time 1745459899 s in the future
make[2]: Warning: File 'CMakeFiles/rosgraph_msgs_generate_messages_py.dir/build.make' has modification time 1745459899 s in the future
make[2]: warning:  Clock skew detected.  Your build may be incomplete.
make[2]: warning:  Clock skew detected.  Your build may be incomplete.
make[2]: Warning: File 'CMakeFiles/trajectory_msgs_generate_messages_eus.dir/build.make' has modification time 1745459899 s in the future
make[2]: warning:  Clock skew detected.  Your build may be incomplete.
make[2]: warning:  Clock skew detected.  Your build may be incomplete.
make[2]: Warning: File 'CMakeFiles/roscpp_generate_messages_py.dir/build.make' has modification time 1745459899 s in the future
make[2]: warning:  Clock skew detected.  Your build may be incomplete.
make[2]: warning:  Clock skew detected.  Your build may be incomplete.
make[2]: Warning: File 'CMakeFiles/geometry_msgs_generate_messages_nodejs.dir/build.make' has modification time 1745459899 s in the future
make[2]: warning:  Clock skew detected.  Your build may be incomplete.
make[2]: Warning: File 'CMakeFiles/geometry_msgs_generate_messages_cpp.dir/build.make' has modification time 1745459899 s in the future
make[2]: warning:  Clock skew detected.  Your build may be incomplete.
make[2]: warning:  Clock skew detected.  Your build may be incomplete.
make[2]: Warning: File 'CMakeFiles/rosgraph_msgs_generate_messages_py.dir/build.make' has modification time 1745459899 s in the future
make[2]: warning:  Clock skew detected.  Your build may be incomplete.
[  0%] Built target nav_msgs_generate_messages_cpp
[  0%] Built target roscpp_generate_messages_py
[  0%] Built target geometry_msgs_generate_messages_nodejs
make[2]: Warning: File 'CMakeFiles/roscpp_generate_messages_lisp.dir/build.make' has modification time 1745459898 s in the future
make[2]: Warning: File 'CMakeFiles/actionlib_generate_messages_lisp.dir/build.make' has modification time 1745459899 s in the future
make[2]: Warning: File 'CMakeFiles/roscpp_generate_messages_cpp.dir/build.make' has modification time 1745459899 s in the future
[  0%] Built target trajectory_msgs_generate_messages_eus
[  0%] Built target geometry_msgs_generate_messages_cpp
make[2]: Warning: File 'CMakeFiles/std_msgs_generate_messages_py.dir/build.make' has modification time 1745459898 s in the future
[  0%] Built target rosgraph_msgs_generate_messages_py
make[2]: warning:  Clock skew detected.  Your build may be incomplete.
make[2]: warning:  Clock skew detected.  Your build may be incomplete.
make[2]: Warning: File 'CMakeFiles/diagnostic_msgs_generate_messages_eus.dir/build.make' has modification time 1745459898 s in the future
make[2]: Warning: File 'CMakeFiles/roscpp_generate_messages_cpp.dir/build.make' has modification time 1745459898 s in the future
make[2]: warning:  Clock skew detected.  Your build may be incomplete.
make[2]: Warning: File 'CMakeFiles/roscpp_generate_messages_lisp.dir/build.make' has modification time 1745459898 s in the future
make[2]: warning:  Clock skew detected.  Your build may be incomplete.
make[2]: Warning: File 'CMakeFiles/diagnostic_msgs_generate_messages_cpp.dir/build.make' has modification time 1745459898 s in the future
make[2]: warning:  Clock skew detected.  Your build may be incomplete.
make[2]: Warning: File 'CMakeFiles/actionlib_generate_messages_lisp.dir/build.make' has modification time 1745459898 s in the future
make[2]: warning:  Clock skew detected.  Your build may be incomplete.
[  0%] Built target roscpp_generate_messages_cpp
make[2]: warning:  Clock skew detected.  Your build may be incomplete.
make[2]: warning:  Clock skew detected.  Your build may be incomplete.
[  0%] Built target roscpp_generate_messages_lisp
make[2]: Warning: File 'CMakeFiles/std_msgs_generate_messages_py.dir/build.make' has modification time 1745459898 s in the future
make[2]: warning:  Clock skew detected.  Your build may be incomplete.
[  0%] Built target actionlib_generate_messages_lisp
make[2]: Warning: File 'CMakeFiles/diagnostic_msgs_generate_messages_eus.dir/build.make' has modification time 1745459898 s in the future
make[2]: warning:  Clock skew detected.  Your build may be incomplete.
make[2]: Warning: File 'CMakeFiles/std_msgs_generate_messages_cpp.dir/build.make' has modification time 1745459898 s in the future
make[2]: warning:  Clock skew detected.  Your build may be incomplete.
make[2]: Warning: File 'CMakeFiles/mavros_msgs_generate_messages_eus.dir/build.make' has modification time 1745459898 s in the future
make[2]: Warning: File 'CMakeFiles/diagnostic_msgs_generate_messages_cpp.dir/build.make' has modification time 1745459898 s in the future
make[2]: warning:  Clock skew detected.  Your build may be incomplete.
make[2]: Warning: File 'CMakeFiles/std_srvs_generate_messages_cpp.dir/build.make' has modification time 1745459898 s in the future
[  0%] Built target diagnostic_msgs_generate_messages_eus
[  0%] Built target std_msgs_generate_messages_py
make[2]: Warning: File 'CMakeFiles/std_msgs_generate_messages_lisp.dir/build.make' has modification time 1745459898 s in the future
make[2]: Warning: File 'CMakeFiles/actionlib_generate_messages_py.dir/build.make' has modification time 1745459898 s in the future
make[2]: warning:  Clock skew detected.  Your build may be incomplete.
make[2]: warning:  Clock skew detected.  Your build may be incomplete.
make[2]: warning:  Clock skew detected.  Your build may be incomplete.
make[2]: Warning: File 'CMakeFiles/std_srvs_generate_messages_cpp.dir/build.make' has modification time 1745459898 s in the future
make[2]: warning:  Clock skew detected.  Your build may be incomplete.
make[2]: Warning: File 'CMakeFiles/actionlib_generate_messages_py.dir/build.make' has modification time 1745459898 s in the future
make[2]: warning:  Clock skew detected.  Your build may be incomplete.
make[2]: Warning: File 'CMakeFiles/std_msgs_generate_messages_lisp.dir/build.make' has modification time 1745459898 s in the future
make[2]: warning:  Clock skew detected.  Your build may be incomplete.
make[2]: warning:  Clock skew detected.  Your build may be incomplete.
make[2]: warning:  Clock skew detected.  Your build may be incomplete.
make[2]: Warning: File 'CMakeFiles/mavros_msgs_generate_messages_eus.dir/build.make' has modification time 1745459898 s in the future
make[2]: warning:  Clock skew detected.  Your build may be incomplete.
[  0%] Built target diagnostic_msgs_generate_messages_cpp
[  0%] Built target std_srvs_generate_messages_cpp
make[2]: Warning: File 'CMakeFiles/std_msgs_generate_messages_cpp.dir/build.make' has modification time 1745459898 s in the future
make[2]: warning:  Clock skew detected.  Your build may be incomplete.
[  0%] Built target actionlib_generate_messages_py
make[2]: Warning: File 'CMakeFiles/diagnostic_msgs_generate_messages_lisp.dir/build.make' has modification time 1745459898 s in the future
[  0%] Built target std_msgs_generate_messages_lisp
make[2]: Warning: File 'CMakeFiles/nav_msgs_generate_messages_eus.dir/build.make' has modification time 1745459898 s in the future
[  0%] Built target mavros_msgs_generate_messages_eus
make[2]: Warning: File 'CMakeFiles/geometry_msgs_generate_messages_lisp.dir/build.make' has modification time 1745459898 s in the future
make[2]: warning:  Clock skew detected.  Your build may be incomplete.
make[2]: Warning: File 'CMakeFiles/trajectory_msgs_generate_messages_py.dir/build.make' has modification time 1745459898 s in the future
make[2]: Warning: File 'CMakeFiles/actionlib_generate_messages_eus.dir/build.make' has modification time 1745459898 s in the future
make[2]: Warning: File 'CMakeFiles/diagnostic_msgs_generate_messages_lisp.dir/build.make' has modification time 1745459898 s in the future
make[2]: warning:  Clock skew detected.  Your build may be incomplete.
[  0%] Built target std_msgs_generate_messages_cpp
make[2]: warning:  Clock skew detected.  Your build may be incomplete.
make[2]: warning:  Clock skew detected.  Your build may be incomplete.
make[2]: Warning: File 'CMakeFiles/rosgraph_msgs_generate_messages_cpp.dir/build.make' has modification time 1745459898 s in the future
make[2]: warning:  Clock skew detected.  Your build may be incomplete.
make[2]: Warning: File 'CMakeFiles/geometry_msgs_generate_messages_lisp.dir/build.make' has modification time 1745459898 s in the future
make[2]: warning:  Clock skew detected.  Your build may be incomplete.
make[2]: Warning: File 'CMakeFiles/nav_msgs_generate_messages_eus.dir/build.make' has modification time 1745459898 s in the future
make[2]: warning:  Clock skew detected.  Your build may be incomplete.
[  0%] Built target diagnostic_msgs_generate_messages_lisp
make[2]: Warning: File 'CMakeFiles/trajectory_msgs_generate_messages_py.dir/build.make' has modification time 1745459898 s in the future
make[2]: warning:  Clock skew detected.  Your build may be incomplete.
make[2]: Warning: File 'CMakeFiles/diagnostic_msgs_generate_messages_nodejs.dir/build.make' has modification time 1745459898 s in the future
make[2]: warning:  Clock skew detected.  Your build may be incomplete.
make[2]: warning:  Clock skew detected.  Your build may be incomplete.
make[2]: Warning: File 'CMakeFiles/actionlib_generate_messages_eus.dir/build.make' has modification time 1745459898 s in the future
make[2]: warning:  Clock skew detected.  Your build may be incomplete.
make[2]: Warning: File 'CMakeFiles/rosgraph_msgs_generate_messages_cpp.dir/build.make' has modification time 1745459898 s in the future
make[2]: warning:  Clock skew detected.  Your build may be incomplete.
[  0%] Built target geometry_msgs_generate_messages_lisp
[  0%] Built target nav_msgs_generate_messages_eus
make[2]: warning:  Clock skew detected.  Your build may be incomplete.
make[2]: Warning: File 'CMakeFiles/uuid_msgs_generate_messages_lisp.dir/build.make' has modification time 1745459898 s in the future
[  0%] Built target rosgraph_msgs_generate_messages_cpp
make[2]: Warning: File 'CMakeFiles/diagnostic_msgs_generate_messages_nodejs.dir/build.make' has modification time 1745459898 s in the future
make[2]: warning:  Clock skew detected.  Your build may be incomplete.
make[2]: Warning: File 'CMakeFiles/roscpp_generate_messages_nodejs.dir/build.make' has modification time 1745459898 s in the future
[  0%] Built target actionlib_generate_messages_eus
[  0%] Built target trajectory_msgs_generate_messages_py
make[2]: Warning: File 'CMakeFiles/roscpp_generate_messages_eus.dir/build.make' has modification time 1745459898 s in the future
make[2]: Warning: File 'CMakeFiles/uuid_msgs_generate_messages_cpp.dir/build.make' has modification time 1745459898 s in the future
make[2]: Warning: File 'CMakeFiles/uuid_msgs_generate_messages_eus.dir/build.make' has modification time 1745459898 s in the future
make[2]: warning:  Clock skew detected.  Your build may be incomplete.
make[2]: warning:  Clock skew detected.  Your build may be incomplete.
make[2]: Warning: File 'CMakeFiles/roscpp_generate_messages_nodejs.dir/build.make' has modification time 1745459898 s in the future
make[2]: warning:  Clock skew detected.  Your build may be incomplete.
make[2]: Warning: File 'CMakeFiles/uuid_msgs_generate_messages_lisp.dir/build.make' has modification time 1745459898 s in the future
make[2]: warning:  Clock skew detected.  Your build may be incomplete.
[  0%] Built target diagnostic_msgs_generate_messages_nodejs
make[2]: warning:  Clock skew detected.  Your build may be incomplete.
make[2]: Warning: File 'CMakeFiles/mavros_msgs_generate_messages_py.dir/build.make' has modification time 1745459898 s in the future
make[2]: warning:  Clock skew detected.  Your build may be incomplete.
make[2]: Warning: File 'CMakeFiles/roscpp_generate_messages_eus.dir/build.make' has modification time 1745459898 s in the future
make[2]: warning:  Clock skew detected.  Your build may be incomplete.
make[2]: Warning: File 'CMakeFiles/uuid_msgs_generate_messages_cpp.dir/build.make' has modification time 1745459898 s in the future
make[2]: warning:  Clock skew detected.  Your build may be incomplete.
[  0%] Built target uuid_msgs_generate_messages_lisp
[  0%] Built target roscpp_generate_messages_nodejs
make[2]: Warning: File 'CMakeFiles/geometry_msgs_generate_messages_py.dir/build.make' has modification time 1745459898 s in the future
make[2]: Warning: File 'CMakeFiles/tf2_msgs_generate_messages_eus.dir/build.make' has modification time 1745459898 s in the future
make[2]: warning:  Clock skew detected.  Your build may be incomplete.
make[2]: Warning: File 'CMakeFiles/uuid_msgs_generate_messages_eus.dir/build.make' has modification time 1745459898 s in the future
make[2]: warning:  Clock skew detected.  Your build may be incomplete.
[  0%] Built target uuid_msgs_generate_messages_cpp
[  0%] Built target roscpp_generate_messages_eus
make[2]: warning:  Clock skew detected.  Your build may be incomplete.
make[2]: warning:  Clock skew detected.  Your build may be incomplete.
make[2]: Warning: File 'CMakeFiles/sensor_msgs_generate_messages_py.dir/build.make' has modification time 1745459898 s in the future
make[2]: Warning: File 'CMakeFiles/tf2_msgs_generate_messages_eus.dir/build.make' has modification time 1745459898 s in the future
make[2]: warning:  Clock skew detected.  Your build may be incomplete.
make[2]: Warning: File 'CMakeFiles/nav_msgs_generate_messages_py.dir/build.make' has modification time 1745459898 s in the future
make[2]: Warning: File 'CMakeFiles/mavros_msgs_generate_messages_py.dir/build.make' has modification time 1745459898 s in the future
make[2]: warning:  Clock skew detected.  Your build may be incomplete.
[  0%] Built target uuid_msgs_generate_messages_eus
make[2]: warning:  Clock skew detected.  Your build may be incomplete.
make[2]: warning:  Clock skew detected.  Your build may be incomplete.
make[2]: Warning: File 'CMakeFiles/rosgraph_msgs_generate_messages_nodejs.dir/build.make' has modification time 1745459898 s in the future
make[2]: Warning: File 'CMakeFiles/geometry_msgs_generate_messages_py.dir/build.make' has modification time 1745459898 s in the future
make[2]: warning:  Clock skew detected.  Your build may be incomplete.
make[2]: Warning: File 'CMakeFiles/nav_msgs_generate_messages_py.dir/build.make' has modification time 1745459898 s in the future
make[2]: warning:  Clock skew detected.  Your build may be incomplete.
[  0%] Built target tf2_msgs_generate_messages_eus
make[2]: warning:  Clock skew detected.  Your build may be incomplete.
make[2]: Warning: File 'CMakeFiles/sensor_msgs_generate_messages_py.dir/build.make' has modification time 1745459898 s in the future
make[2]: warning:  Clock skew detected.  Your build may be incomplete.
make[2]: warning:  Clock skew detected.  Your build may be incomplete.
[  0%] Built target mavros_msgs_generate_messages_py
make[2]: Warning: File 'CMakeFiles/geographic_msgs_generate_messages_cpp.dir/build.make' has modification time 1745459898 s in the future
make[2]: Warning: File 'CMakeFiles/rosgraph_msgs_generate_messages_nodejs.dir/build.make' has modification time 1745459898 s in the future
make[2]: warning:  Clock skew detected.  Your build may be incomplete.
make[2]: Warning: File 'CMakeFiles/geographic_msgs_generate_messages_eus.dir/build.make' has modification time 1745459898 s in the future
[  0%] Built target geometry_msgs_generate_messages_py
[  0%] Built target nav_msgs_generate_messages_py
[  0%] Built target rosgraph_msgs_generate_messages_nodejs
[  0%] Built target sensor_msgs_generate_messages_py
make[2]: warning:  Clock skew detected.  Your build may be incomplete.
make[2]: Warning: File 'CMakeFiles/std_srvs_generate_messages_py.dir/build.make' has modification time 1745459898 s in the future
make[2]: Warning: File 'CMakeFiles/geographic_msgs_generate_messages_cpp.dir/build.make' has modification time 1745459898 s in the future
make[2]: warning:  Clock skew detected.  Your build may be incomplete.
make[2]: Warning: File 'CMakeFiles/rosgraph_msgs_generate_messages_eus.dir/build.make' has modification time 1745459898 s in the future
make[2]: Warning: File 'CMakeFiles/geographic_msgs_generate_messages_lisp.dir/build.make' has modification time 1745459898 s in the future
make[2]: Warning: File 'CMakeFiles/diagnostic_msgs_generate_messages_py.dir/build.make' has modification time 1745459898 s in the future
[  0%] Built target geographic_msgs_generate_messages_cpp
make[2]: warning:  Clock skew detected.  Your build may be incomplete.
make[2]: Warning: File 'CMakeFiles/nav_msgs_generate_messages_nodejs.dir/build.make' has modification time 1745459898 s in the future
make[2]: Warning: File 'CMakeFiles/geographic_msgs_generate_messages_eus.dir/build.make' has modification time 1745459898 s in the future
make[2]: warning:  Clock skew detected.  Your build may be incomplete.
make[2]: warning:  Clock skew detected.  Your build may be incomplete.
make[2]: warning:  Clock skew detected.  Your build may be incomplete.
make[2]: Warning: File 'CMakeFiles/std_srvs_generate_messages_py.dir/build.make' has modification time 1745459898 s in the future
make[2]: warning:  Clock skew detected.  Your build may be incomplete.
make[2]: warning:  Clock skew detected.  Your build may be incomplete.
make[2]: warning:  Clock skew detected.  Your build may be incomplete.
[  0%] Built target geographic_msgs_generate_messages_eus
make[2]: Warning: File 'CMakeFiles/geographic_msgs_generate_messages_lisp.dir/build.make' has modification time 1745459898 s in the future
make[2]: warning:  Clock skew detected.  Your build may be incomplete.
make[2]: Warning: File 'CMakeFiles/rosgraph_msgs_generate_messages_eus.dir/build.make' has modification time 1745459898 s in the future
make[2]: warning:  Clock skew detected.  Your build may be incomplete.
make[2]: warning:  Clock skew detected.  Your build may be incomplete.
make[2]: Warning: File 'CMakeFiles/diagnostic_msgs_generate_messages_py.dir/build.make' has modification time 1745459898 s in the future
make[2]: warning:  Clock skew detected.  Your build may be incomplete.
make[2]: Warning: File 'CMakeFiles/nav_msgs_generate_messages_nodejs.dir/build.make' has modification time 1745459898 s in the future
make[2]: Warning: File 'CMakeFiles/sensor_msgs_generate_messages_cpp.dir/build.make' has modification time 1745459898 s in the future
make[2]: warning:  Clock skew detected.  Your build may be incomplete.
[  0%] Built target diagnostic_msgs_generate_messages_py
[  0%] Built target geographic_msgs_generate_messages_lisp
[  0%] Built target nav_msgs_generate_messages_nodejs
make[2]: Warning: File 'CMakeFiles/geographic_msgs_generate_messages_nodejs.dir/build.make' has modification time 1745459898 s in the future
make[2]: Warning: File 'CMakeFiles/geographic_msgs_generate_messages_py.dir/build.make' has modification time 1745459898 s in the future
make[2]: Warning: File 'CMakeFiles/sensor_msgs_generate_messages_eus.dir/build.make' has modification time 1745459898 s in the future
[  0%] Built target rosgraph_msgs_generate_messages_eus
[  0%] Built target std_srvs_generate_messages_py
make[2]: warning:  Clock skew detected.  Your build may be incomplete.
make[2]: warning:  Clock skew detected.  Your build may be incomplete.
make[2]: Warning: File 'CMakeFiles/sensor_msgs_generate_messages_cpp.dir/build.make' has modification time 1745459898 s in the future
make[2]: warning:  Clock skew detected.  Your build may be incomplete.
make[2]: Warning: File 'CMakeFiles/sensor_msgs_generate_messages_lisp.dir/build.make' has modification time 1745459898 s in the future
make[2]: Warning: File 'CMakeFiles/uuid_msgs_generate_messages_nodejs.dir/build.make' has modification time 1745459898 s in the future
make[2]: Warning: File 'CMakeFiles/geographic_msgs_generate_messages_nodejs.dir/build.make' has modification time 1745459898 s in the future
make[2]: warning:  Clock skew detected.  Your build may be incomplete.
make[2]: warning:  Clock skew detected.  Your build may be incomplete.
make[2]: Warning: File 'CMakeFiles/geographic_msgs_generate_messages_py.dir/build.make' has modification time 1745459898 s in the future
make[2]: warning:  Clock skew detected.  Your build may be incomplete.
[  0%] Built target sensor_msgs_generate_messages_cpp
make[2]: warning:  Clock skew detected.  Your build may be incomplete.
make[2]: Warning: File 'CMakeFiles/sensor_msgs_generate_messages_eus.dir/build.make' has modification time 1745459898 s in the future
make[2]: warning:  Clock skew detected.  Your build may be incomplete.
make[2]: warning:  Clock skew detected.  Your build may be incomplete.
make[2]: Warning: File 'CMakeFiles/uuid_msgs_generate_messages_py.dir/build.make' has modification time 1745459898 s in the future
[  0%] Built target geographic_msgs_generate_messages_nodejs
make[2]: warning:  Clock skew detected.  Your build may be incomplete.
make[2]: Warning: File 'CMakeFiles/sensor_msgs_generate_messages_lisp.dir/build.make' has modification time 1745459898 s in the future
make[2]: warning:  Clock skew detected.  Your build may be incomplete.
[  0%] Built target geographic_msgs_generate_messages_py
[  0%] Built target sensor_msgs_generate_messages_eus
make[2]: Warning: File 'CMakeFiles/uuid_msgs_generate_messages_nodejs.dir/build.make' has modification time 1745459898 s in the future
make[2]: warning:  Clock skew detected.  Your build may be incomplete.
make[2]: warning:  Clock skew detected.  Your build may be incomplete.
make[2]: Warning: File 'CMakeFiles/tf2_msgs_generate_messages_py.dir/build.make' has modification time 1745459898 s in the future
make[2]: Warning: File 'CMakeFiles/uuid_msgs_generate_messages_py.dir/build.make' has modification time 1745459898 s in the future
make[2]: warning:  Clock skew detected.  Your build may be incomplete.
make[2]: Warning: File 'CMakeFiles/mavros_msgs_generate_messages_cpp.dir/build.make' has modification time 1745459898 s in the future
[  0%] Built target sensor_msgs_generate_messages_lisp
make[2]: Warning: File 'CMakeFiles/actionlib_msgs_generate_messages_py.dir/build.make' has modification time 1745459898 s in the future
make[2]: Warning: File 'CMakeFiles/mavros_msgs_generate_messages_lisp.dir/build.make' has modification time 1745459898 s in the future
[  0%] Built target uuid_msgs_generate_messages_nodejs
[  0%] Built target uuid_msgs_generate_messages_py
make[2]: warning:  Clock skew detected.  Your build may be incomplete.
make[2]: warning:  Clock skew detected.  Your build may be incomplete.
make[2]: Warning: File 'CMakeFiles/mavros_msgs_generate_messages_cpp.dir/build.make' has modification time 1745459898 s in the future
make[2]: Warning: File 'CMakeFiles/mavros_msgs_generate_messages_nodejs.dir/build.make' has modification time 1745459898 s in the future
make[2]: warning:  Clock skew detected.  Your build may be incomplete.
make[2]: Warning: File 'CMakeFiles/tf2_msgs_generate_messages_py.dir/build.make' has modification time 1745459898 s in the future
make[2]: warning:  Clock skew detected.  Your build may be incomplete.
make[2]: warning:  Clock skew detected.  Your build may be incomplete.
make[2]: Warning: File 'CMakeFiles/sensor_msgs_generate_messages_nodejs.dir/build.make' has modification time 1745459898 s in the future
make[2]: Warning: File 'CMakeFiles/actionlib_msgs_generate_messages_py.dir/build.make' has modification time 1745459898 s in the future
make[2]: warning:  Clock skew detected.  Your build may be incomplete.
make[2]: warning:  Clock skew detected.  Your build may be incomplete.
[  0%] Built target mavros_msgs_generate_messages_cpp
make[2]: warning:  Clock skew detected.  Your build may be incomplete.
make[2]: Warning: File 'CMakeFiles/mavros_msgs_generate_messages_lisp.dir/build.make' has modification time 1745459898 s in the future
make[2]: warning:  Clock skew detected.  Your build may be incomplete.
make[2]: Warning: File 'CMakeFiles/sensor_msgs_generate_messages_nodejs.dir/build.make' has modification time 1745459898 s in the future
make[2]: warning:  Clock skew detected.  Your build may be incomplete.
make[2]: Warning: File 'CMakeFiles/nav_msgs_generate_messages_lisp.dir/build.make' has modification time 1745459898 s in the future
make[2]: warning:  Clock skew detected.  Your build may be incomplete.
[  0%] Built target actionlib_msgs_generate_messages_py
make[2]: Warning: File 'CMakeFiles/mavros_msgs_generate_messages_nodejs.dir/build.make' has modification time 1745459898 s in the future
make[2]: warning:  Clock skew detected.  Your build may be incomplete.
[  0%] Built target mavros_msgs_generate_messages_lisp
[  0%] Built target tf2_msgs_generate_messages_py
make[2]: Warning: File 'CMakeFiles/actionlib_msgs_generate_messages_cpp.dir/build.make' has modification time 1745459898 s in the future
make[2]: Warning: File 'CMakeFiles/actionlib_msgs_generate_messages_lisp.dir/build.make' has modification time 1745459898 s in the future
make[2]: Warning: File 'CMakeFiles/std_msgs_generate_messages_eus.dir/build.make' has modification time 1745459898 s in the future
make[2]: warning:  Clock skew detected.  Your build may be incomplete.
[  0%] Built target sensor_msgs_generate_messages_nodejs
make[2]: warning:  Clock skew detected.  Your build may be incomplete.
[  0%] Built target mavros_msgs_generate_messages_nodejs
make[2]: Warning: File 'CMakeFiles/nav_msgs_generate_messages_lisp.dir/build.make' has modification time 1745459898 s in the future
make[2]: warning:  Clock skew detected.  Your build may be incomplete.
make[2]: Warning: File 'CMakeFiles/actionlib_msgs_generate_messages_cpp.dir/build.make' has modification time 1745459898 s in the future
make[2]: warning:  Clock skew detected.  Your build may be incomplete.
make[2]: warning:  Clock skew detected.  Your build may be incomplete.
[  0%] Built target nav_msgs_generate_messages_lisp
make[2]: Warning: File 'CMakeFiles/actionlib_msgs_generate_messages_lisp.dir/build.make' has modification time 1745459898 s in the future
make[2]: warning:  Clock skew detected.  Your build may be incomplete.
make[2]: warning:  Clock skew detected.  Your build may be incomplete.
make[2]: Warning: File 'CMakeFiles/std_msgs_generate_messages_eus.dir/build.make' has modification time 1745459898 s in the future
make[2]: warning:  Clock skew detected.  Your build may be incomplete.
[  0%] Built target actionlib_msgs_generate_messages_cpp
[  0%] Built target actionlib_msgs_generate_messages_lisp
[  0%] Built target std_msgs_generate_messages_eus
make[2]: Warning: File 'CMakeFiles/mavros.dir/flags.make' has modification time 1745459898 s in the future
make[2]: warning:  Clock skew detected.  Your build may be incomplete.
make[2]: Warning: File 'CMakeFiles/mavros.dir/flags.make' has modification time 1745459898 s in the future
make[2]: warning:  Clock skew detected.  Your build may be incomplete.
[ 23%] Built target mavros
make[2]: Warning: File 'CMakeFiles/gcs_bridge.dir/flags.make' has modification time 1745459897 s in the future
make[2]: Warning: File 'CMakeFiles/mavros_node.dir/flags.make' has modification time 1745459898 s in the future
make[2]: warning:  Clock skew detected.  Your build may be incomplete.
make[2]: Warning: File 'CMakeFiles/gcs_bridge.dir/flags.make' has modification time 1745459897 s in the future
make[2]: warning:  Clock skew detected.  Your build may be incomplete.
make[2]: Warning: File 'CMakeFiles/mavros_node.dir/flags.make' has modification time 1745459897 s in the future
make[2]: warning:  Clock skew detected.  Your build may be incomplete.
make[2]: warning:  Clock skew detected.  Your build may be incomplete.
[ 32%] Built target gcs_bridge
[ 32%] Built target mavros_node
make[2]: Warning: File 'CMakeFiles/mavros_plugins.dir/flags.make' has modification time 1745459897 s in the future
make[2]: warning:  Clock skew detected.  Your build may be incomplete.
make[2]: Warning: File 'CMakeFiles/mavros_plugins.dir/flags.make' has modification time 1745459897 s in the future
make[2]: warning:  Clock skew detected.  Your build may be incomplete.
[100%] Built target mavros_plugins
