Symlinking /home/uhdt/ws2_livox/devel/share/mavros/cmake/mavrosConfig-version.cmake
Symlinking /home/uhdt/ws2_livox/devel/share/mavros/cmake/mavrosConfig.cmake
Symlinking /home/uhdt/ws2_livox/devel/lib/libmavros.so
Symlinking /home/uhdt/ws2_livox/devel/lib/libmavros_plugins.so
Symlinking /home/uhdt/ws2_livox/devel/lib/mavros/mavsys
Symlinking /home/uhdt/ws2_livox/devel/lib/mavros/checkid
Symlinking /home/uhdt/ws2_livox/devel/lib/mavros/mavsafety
Symlinking /home/uhdt/ws2_livox/devel/lib/mavros/event_launcher
Symlinking /home/uhdt/ws2_livox/devel/lib/mavros/mavcmd
Symlinking /home/uhdt/ws2_livox/devel/lib/mavros/mavwp
Symlinking /home/uhdt/ws2_livox/devel/lib/mavros/mav.tlog
Symlinking /home/uhdt/ws2_livox/devel/lib/mavros/auto_test3
Symlinking /home/uhdt/ws2_livox/devel/lib/mavros/Config.py
Symlinking /home/uhdt/ws2_livox/devel/lib/mavros/mavros_node
Symlinking /home/uhdt/ws2_livox/devel/lib/mavros/gcs_bridge
Symlinking /home/uhdt/ws2_livox/devel/lib/mavros/mavparam
Symlinking /home/uhdt/ws2_livox/devel/lib/mavros/mavftp
Symlinking /home/uhdt/ws2_livox/devel/lib/mavros/eeprom.bin
Symlinking /home/uhdt/ws2_livox/devel/lib/mavros/Search_Area.py
Symlinking /home/uhdt/ws2_livox/devel/lib/mavros/test.txt
Symlinking /home/uhdt/ws2_livox/devel/lib/mavros/mav.tlog.raw
Symlinking /home/uhdt/ws2_livox/devel/lib/mavros/mav.parm
Symlinking /home/uhdt/ws2_livox/devel/lib/mavros/cmake.lock
Symlinking /home/uhdt/ws2_livox/devel/lib/mavros/obstacle_distance_3d_node_test3.py
Symlinking /home/uhdt/ws2_livox/devel/lib/mavros/roslaunch.sh
Symlinking /home/uhdt/ws2_livox/devel/lib/mavros/start_mission.sh
Symlinking /home/uhdt/ws2_livox/devel/lib/mavros/obstacle_avoidance.py
Symlinking /home/uhdt/ws2_livox/devel/lib/mavros/install_geographiclib_datasets.sh
Symlinking /home/uhdt/ws2_livox/devel/lib/mavros/mavsetp
Symlinking /home/uhdt/ws2_livox/devel/lib/pkgconfig/mavros.pc
Symlinking /home/uhdt/ws2_livox/devel/lib/python3/dist-packages/mavros/__init__.py
