CMake Warning (dev) at CMakeLists.txt:2 (project):
  Policy CMP0048 is not set: project() command manages VERSION variables.
  Run "cmake --help-policy CMP0048" for policy details.  Use the cmake_policy
  command to set the policy and suppress this warning.

  The following variable(s) would be set to empty:

    CMAKE_PROJECT_VERSION
    CMAKE_PROJECT_VERSION_MAJOR
    CMAKE_PROJECT_VERSION_MINOR
    CMAKE_PROJECT_VERSION_PATCH
This warning is for project developers.  Use -Wno-dev to suppress it.

[31m[1mCMake Error[0m at /opt/ros/noetic/share/catkin/cmake/stamp.cmake:10 (configure_file):
  configure_file input location

    /home/uhdt/ws2_livox/src/mavros/mavros/scripts/__pycache__

  is a directory but a file was expected.
[36mCall Stack (most recent call first):[0m
  /opt/ros/noetic/share/catkin/cmake/catkin_install_python.cmake:27 (stamp)
  CMakeLists.txt:195 (catkin_install_python)


[31m[1mCMake Error[0m at /opt/ros/noetic/share/catkin/cmake/catkin_install_python.cmake:48 (file):
  file failed to open for writing (Is a directory):

    /home/uhdt/ws2_livox/build/mavros/catkin_generated/installspace/__pycache__
[36mCall Stack (most recent call first):[0m
  CMakeLists.txt:195 (catkin_install_python)


[31m[1mCMake Error[0m at /opt/ros/noetic/share/catkin/cmake/custom_install.cmake:13 (_install):
  _install PROGRAMS given directory
  "/home/uhdt/ws2_livox/build/mavros/catkin_generated/installspace/__pycache__"
  to install.
[36mCall Stack (most recent call first):[0m
  /opt/ros/noetic/share/catkin/cmake/catkin_install_python.cmake:59 (install)
  CMakeLists.txt:195 (catkin_install_python)


[31m[1mCMake Error[0m at /opt/ros/noetic/share/catkin/cmake/stamp.cmake:10 (configure_file):
  configure_file input location

    /home/uhdt/ws2_livox/src/mavros/mavros/scripts/images

  is a directory but a file was expected.
[36mCall Stack (most recent call first):[0m
  /opt/ros/noetic/share/catkin/cmake/catkin_install_python.cmake:27 (stamp)
  CMakeLists.txt:195 (catkin_install_python)


[31m[1mCMake Error[0m at /opt/ros/noetic/share/catkin/cmake/catkin_install_python.cmake:48 (file):
  file failed to open for writing (Is a directory):

    /home/uhdt/ws2_livox/build/mavros/catkin_generated/installspace/images
[36mCall Stack (most recent call first):[0m
  CMakeLists.txt:195 (catkin_install_python)


[31m[1mCMake Error[0m at /opt/ros/noetic/share/catkin/cmake/custom_install.cmake:13 (_install):
  _install PROGRAMS given directory
  "/home/uhdt/ws2_livox/build/mavros/catkin_generated/installspace/images" to
  install.
[36mCall Stack (most recent call first):[0m
  /opt/ros/noetic/share/catkin/cmake/catkin_install_python.cmake:59 (install)
  CMakeLists.txt:195 (catkin_install_python)


make: *** [Makefile:2972: cmake_check_build_system] Error 1
