Linked: (/home/uhdt/ws2_livox/devel/.private/mavros/share/mavros/cmake/mavrosConfig-version.cmake, /home/uhdt/ws2_livox/devel/share/mavros/cmake/mavrosConfig-version.cmake)
Linked: (/home/uhdt/ws2_livox/devel/.private/mavros/share/mavros/cmake/mavrosConfig.cmake, /home/uhdt/ws2_livox/devel/share/mavros/cmake/mavrosConfig.cmake)
Linked: (/home/uhdt/ws2_livox/devel/.private/mavros/lib/libmavros.so, /home/uhdt/ws2_livox/devel/lib/libmavros.so)
Linked: (/home/uhdt/ws2_livox/devel/.private/mavros/lib/libmavros_plugins.so, /home/uhdt/ws2_livox/devel/lib/libmavros_plugins.so)
Linked: (/home/uhdt/ws2_livox/devel/.private/mavros/lib/mavros/collect_gps.py, /home/uhdt/ws2_livox/devel/lib/mavros/collect_gps.py)
Linked: (/home/uhdt/ws2_livox/devel/.private/mavros/lib/mavros/mavsys, /home/uhdt/ws2_livox/devel/lib/mavros/mavsys)
Linked: (/home/uhdt/ws2_livox/devel/.private/mavros/lib/mavros/checkid, /home/uhdt/ws2_livox/devel/lib/mavros/checkid)
Linked: (/home/uhdt/ws2_livox/devel/.private/mavros/lib/mavros/mavsafety, /home/uhdt/ws2_livox/devel/lib/mavros/mavsafety)
Linked: (/home/uhdt/ws2_livox/devel/.private/mavros/lib/mavros/event_launcher, /home/uhdt/ws2_livox/devel/lib/mavros/event_launcher)
Linked: (/home/uhdt/ws2_livox/devel/.private/mavros/lib/mavros/mavcmd, /home/uhdt/ws2_livox/devel/lib/mavros/mavcmd)
Linked: (/home/uhdt/ws2_livox/devel/.private/mavros/lib/mavros/mavwp, /home/uhdt/ws2_livox/devel/lib/mavros/mavwp)
Linked: (/home/uhdt/ws2_livox/devel/.private/mavros/lib/mavros/mav.tlog, /home/uhdt/ws2_livox/devel/lib/mavros/mav.tlog)
Linked: (/home/uhdt/ws2_livox/devel/.private/mavros/lib/mavros/auto_test3, /home/uhdt/ws2_livox/devel/lib/mavros/auto_test3)
Linked: (/home/uhdt/ws2_livox/devel/.private/mavros/lib/mavros/Config.py, /home/uhdt/ws2_livox/devel/lib/mavros/Config.py)
Linked: (/home/uhdt/ws2_livox/devel/.private/mavros/lib/mavros/mavros_node, /home/uhdt/ws2_livox/devel/lib/mavros/mavros_node)
Linked: (/home/uhdt/ws2_livox/devel/.private/mavros/lib/mavros/gcs_bridge, /home/uhdt/ws2_livox/devel/lib/mavros/gcs_bridge)
Linked: (/home/uhdt/ws2_livox/devel/.private/mavros/lib/mavros/mavparam, /home/uhdt/ws2_livox/devel/lib/mavros/mavparam)
Linked: (/home/uhdt/ws2_livox/devel/.private/mavros/lib/mavros/mavftp, /home/uhdt/ws2_livox/devel/lib/mavros/mavftp)
Linked: (/home/uhdt/ws2_livox/devel/.private/mavros/lib/mavros/eeprom.bin, /home/uhdt/ws2_livox/devel/lib/mavros/eeprom.bin)
Linked: (/home/uhdt/ws2_livox/devel/.private/mavros/lib/mavros/Search_Area.py, /home/uhdt/ws2_livox/devel/lib/mavros/Search_Area.py)
Linked: (/home/uhdt/ws2_livox/devel/.private/mavros/lib/mavros/test.txt, /home/uhdt/ws2_livox/devel/lib/mavros/test.txt)
Linked: (/home/uhdt/ws2_livox/devel/.private/mavros/lib/mavros/map.html, /home/uhdt/ws2_livox/devel/lib/mavros/map.html)
Linked: (/home/uhdt/ws2_livox/devel/.private/mavros/lib/mavros/mav.tlog.raw, /home/uhdt/ws2_livox/devel/lib/mavros/mav.tlog.raw)
Linked: (/home/uhdt/ws2_livox/devel/.private/mavros/lib/mavros/mav.parm, /home/uhdt/ws2_livox/devel/lib/mavros/mav.parm)
Linked: (/home/uhdt/ws2_livox/devel/.private/mavros/lib/mavros/cmake.lock, /home/uhdt/ws2_livox/devel/lib/mavros/cmake.lock)
Linked: (/home/uhdt/ws2_livox/devel/.private/mavros/lib/mavros/obstacle_distance_3d_node_test3.py, /home/uhdt/ws2_livox/devel/lib/mavros/obstacle_distance_3d_node_test3.py)
Linked: (/home/uhdt/ws2_livox/devel/.private/mavros/lib/mavros/images, /home/uhdt/ws2_livox/devel/lib/mavros/images)
Linked: (/home/uhdt/ws2_livox/devel/.private/mavros/lib/mavros/mission.waypoints, /home/uhdt/ws2_livox/devel/lib/mavros/mission.waypoints)
Linked: (/home/uhdt/ws2_livox/devel/.private/mavros/lib/mavros/roslaunch.sh, /home/uhdt/ws2_livox/devel/lib/mavros/roslaunch.sh)
Linked: (/home/uhdt/ws2_livox/devel/.private/mavros/lib/mavros/start_mission.sh, /home/uhdt/ws2_livox/devel/lib/mavros/start_mission.sh)
Linked: (/home/uhdt/ws2_livox/devel/.private/mavros/lib/mavros/obstacle_avoidance.py, /home/uhdt/ws2_livox/devel/lib/mavros/obstacle_avoidance.py)
Linked: (/home/uhdt/ws2_livox/devel/.private/mavros/lib/mavros/install_geographiclib_datasets.sh, /home/uhdt/ws2_livox/devel/lib/mavros/install_geographiclib_datasets.sh)
Linked: (/home/uhdt/ws2_livox/devel/.private/mavros/lib/mavros/mavsetp, /home/uhdt/ws2_livox/devel/lib/mavros/mavsetp)
Linked: (/home/uhdt/ws2_livox/devel/.private/mavros/lib/mavros/control_servo.py, /home/uhdt/ws2_livox/devel/lib/mavros/control_servo.py)
Linked: (/home/uhdt/ws2_livox/devel/.private/mavros/lib/pkgconfig/mavros.pc, /home/uhdt/ws2_livox/devel/lib/pkgconfig/mavros.pc)
Linked: (/home/uhdt/ws2_livox/devel/.private/mavros/lib/python3/dist-packages/mavros/__init__.py, /home/uhdt/ws2_livox/devel/lib/python3/dist-packages/mavros/__init__.py)
