make: Warning: File 'Makefile' has modification time 1745461325 s in the future
make[1]: Warning: File 'CMakeFiles/Makefile2' has modification time 1745461325 s in the future
make[2]: Warning: File 'CMakeFiles/table_scene_lms400.pcd.dir/progress.make' has modification time 1745461325 s in the future
make[2]: warning:  Clock skew detected.  Your build may be incomplete.
make[2]: Warning: File 'CMakeFiles/table_scene_lms400.pcd.dir/progress.make' has modification time 1745461325 s in the future
Checking md5sum on /home/uhdt/ws2_livox/devel/.private/pcl_ros/share/pcl_ros/samples/data/table_scene_lms400.pcd
make[2]: warning:  Clock skew detected.  Your build may be incomplete.
[  0%] Built target table_scene_lms400.pcd
make[2]: Warning: File 'CMakeFiles/convert_pcd_to_image.dir/flags.make' has modification time 1745461324 s in the future
make[2]: warning:  Clock skew detected.  Your build may be incomplete.
make[2]: Warning: File 'CMakeFiles/convert_pcd_to_image.dir/flags.make' has modification time 1745461324 s in the future
make[2]: warning:  Clock skew detected.  Your build may be incomplete.
[  3%] Built target convert_pcd_to_image
make[2]: Warning: File 'CMakeFiles/pointcloud_to_pcd.dir/flags.make' has modification time 1745461324 s in the future
make[2]: Warning: File 'CMakeFiles/std_srvs_generate_messages_eus.dir/progress.make' has modification time 1745461324 s in the future
make[2]: Warning: File 'CMakeFiles/tf2_msgs_generate_messages_nodejs.dir/progress.make' has modification time 1745461324 s in the future
make[2]: Warning: File 'CMakeFiles/actionlib_msgs_generate_messages_py.dir/progress.make' has modification time 1745461324 s in the future
make[2]: warning:  Clock skew detected.  Your build may be incomplete.
make[2]: Warning: File 'CMakeFiles/tf2_msgs_generate_messages_lisp.dir/progress.make' has modification time 1745461324 s in the future
make[2]: Warning: File 'CMakeFiles/pointcloud_to_pcd.dir/flags.make' has modification time 1745461324 s in the future
make[2]: warning:  Clock skew detected.  Your build may be incomplete.
make[2]: Warning: File 'CMakeFiles/actionlib_msgs_generate_messages_py.dir/progress.make' has modification time 1745461324 s in the future
make[2]: warning:  Clock skew detected.  Your build may be incomplete.
make[2]: warning:  Clock skew detected.  Your build may be incomplete.
make[2]: warning:  Clock skew detected.  Your build may be incomplete.
make[2]: Warning: File 'CMakeFiles/tf2_msgs_generate_messages_nodejs.dir/progress.make' has modification time 1745461324 s in the future
make[2]: warning:  Clock skew detected.  Your build may be incomplete.
make[2]: warning:  Clock skew detected.  Your build may be incomplete.
make[2]: warning:  Clock skew detected.  Your build may be incomplete.
make[2]: Warning: File 'CMakeFiles/std_srvs_generate_messages_eus.dir/progress.make' has modification time 1745461324 s in the future
make[2]: warning:  Clock skew detected.  Your build may be incomplete.
make[2]: Warning: File 'CMakeFiles/tf2_msgs_generate_messages_lisp.dir/progress.make' has modification time 1745461324 s in the future
make[2]: warning:  Clock skew detected.  Your build may be incomplete.
[  3%] Built target actionlib_msgs_generate_messages_py
make[2]: Warning: File 'CMakeFiles/actionlib_msgs_generate_messages_cpp.dir/progress.make' has modification time 1745461324 s in the future
[  3%] Built target tf2_msgs_generate_messages_nodejs
[  6%] Built target pointcloud_to_pcd
[  6%] Built target tf2_msgs_generate_messages_lisp
make[2]: Warning: File 'CMakeFiles/actionlib_generate_messages_py.dir/progress.make' has modification time 1745461324 s in the future
[  6%] Built target std_srvs_generate_messages_eus
make[2]: Warning: File 'CMakeFiles/actionlib_generate_messages_nodejs.dir/progress.make' has modification time 1745461324 s in the future
make[2]: warning:  Clock skew detected.  Your build may be incomplete.
make[2]: Warning: File 'CMakeFiles/actionlib_msgs_generate_messages_cpp.dir/progress.make' has modification time 1745461324 s in the future
make[2]: warning:  Clock skew detected.  Your build may be incomplete.
make[2]: warning:  Clock skew detected.  Your build may be incomplete.
make[2]: warning:  Clock skew detected.  Your build may be incomplete.
make[2]: Warning: File 'CMakeFiles/actionlib_generate_messages_nodejs.dir/progress.make' has modification time 1745461324 s in the future
make[2]: warning:  Clock skew detected.  Your build may be incomplete.
make[2]: Warning: File 'CMakeFiles/actionlib_generate_messages_py.dir/progress.make' has modification time 1745461324 s in the future
make[2]: warning:  Clock skew detected.  Your build may be incomplete.
[  6%] Built target actionlib_msgs_generate_messages_cpp
[  6%] Built target actionlib_generate_messages_py
[  6%] Built target actionlib_generate_messages_nodejs
make[2]: Warning: File 'CMakeFiles/actionlib_generate_messages_cpp.dir/progress.make' has modification time 1745461324 s in the future
make[2]: Warning: File 'CMakeFiles/tf_generate_messages_nodejs.dir/progress.make' has modification time 1745461324 s in the future
make[2]: Warning: File 'CMakeFiles/tf_generate_messages_lisp.dir/progress.make' has modification time 1745461324 s in the future
make[2]: warning:  Clock skew detected.  Your build may be incomplete.
make[2]: Warning: File 'CMakeFiles/tf_generate_messages_nodejs.dir/progress.make' has modification time 1745461324 s in the future
make[2]: warning:  Clock skew detected.  Your build may be incomplete.
make[2]: warning:  Clock skew detected.  Your build may be incomplete.
make[2]: warning:  Clock skew detected.  Your build may be incomplete.
make[2]: Warning: File 'CMakeFiles/actionlib_generate_messages_cpp.dir/progress.make' has modification time 1745461324 s in the future
make[2]: warning:  Clock skew detected.  Your build may be incomplete.
[  6%] Built target tf_generate_messages_nodejs
make[2]: Warning: File 'CMakeFiles/tf_generate_messages_lisp.dir/progress.make' has modification time 1745461324 s in the future
make[2]: warning:  Clock skew detected.  Your build may be incomplete.
[  6%] Built target actionlib_generate_messages_cpp
[  6%] Built target tf_generate_messages_lisp
make[2]: Warning: File 'CMakeFiles/tf_generate_messages_cpp.dir/progress.make' has modification time 1745461324 s in the future
make[2]: Warning: File 'CMakeFiles/topic_tools_generate_messages_nodejs.dir/progress.make' has modification time 1745461324 s in the future
make[2]: Warning: File 'CMakeFiles/topic_tools_generate_messages_lisp.dir/progress.make' has modification time 1745461324 s in the future
make[2]: warning:  Clock skew detected.  Your build may be incomplete.
make[2]: Warning: File 'CMakeFiles/tf_generate_messages_eus.dir/progress.make' has modification time 1745461324 s in the future
make[2]: Warning: File 'CMakeFiles/tf_generate_messages_cpp.dir/progress.make' has modification time 1745461324 s in the future
make[2]: warning:  Clock skew detected.  Your build may be incomplete.
make[2]: warning:  Clock skew detected.  Your build may be incomplete.
[  6%] Built target tf_generate_messages_cpp
make[2]: Warning: File 'CMakeFiles/topic_tools_generate_messages_nodejs.dir/progress.make' has modification time 1745461324 s in the future
make[2]: warning:  Clock skew detected.  Your build may be incomplete.
make[2]: Warning: File 'CMakeFiles/rosgraph_msgs_generate_messages_lisp.dir/progress.make' has modification time 1745461324 s in the future
make[2]: warning:  Clock skew detected.  Your build may be incomplete.
make[2]: Warning: File 'CMakeFiles/topic_tools_generate_messages_lisp.dir/progress.make' has modification time 1745461324 s in the future
make[2]: warning:  Clock skew detected.  Your build may be incomplete.
make[2]: warning:  Clock skew detected.  Your build may be incomplete.
make[2]: Warning: File 'CMakeFiles/tf_generate_messages_eus.dir/progress.make' has modification time 1745461324 s in the future
make[2]: warning:  Clock skew detected.  Your build may be incomplete.
[  6%] Built target topic_tools_generate_messages_nodejs
make[2]: Warning: File 'CMakeFiles/roscpp_generate_messages_py.dir/progress.make' has modification time 1745461324 s in the future
make[2]: warning:  Clock skew detected.  Your build may be incomplete.
[  6%] Built target topic_tools_generate_messages_lisp
make[2]: Warning: File 'CMakeFiles/rosgraph_msgs_generate_messages_lisp.dir/progress.make' has modification time 1745461324 s in the future
make[2]: warning:  Clock skew detected.  Your build may be incomplete.
[  6%] Built target tf_generate_messages_eus
[  6%] Built target rosgraph_msgs_generate_messages_lisp
make[2]: Warning: File 'CMakeFiles/geometry_msgs_generate_messages_eus.dir/progress.make' has modification time 1745461324 s in the future
make[2]: warning:  Clock skew detected.  Your build may be incomplete.
make[2]: Warning: File 'CMakeFiles/roscpp_generate_messages_py.dir/progress.make' has modification time 1745461324 s in the future
make[2]: warning:  Clock skew detected.  Your build may be incomplete.
make[2]: Warning: File 'CMakeFiles/roscpp_generate_messages_eus.dir/progress.make' has modification time 1745461324 s in the future
make[2]: warning:  Clock skew detected.  Your build may be incomplete.
[  6%] Built target roscpp_generate_messages_py
make[2]: Warning: File 'CMakeFiles/geometry_msgs_generate_messages_eus.dir/progress.make' has modification time 1745461324 s in the future
make[2]: warning:  Clock skew detected.  Your build may be incomplete.
make[2]: warning:  Clock skew detected.  Your build may be incomplete.
[  6%] Built target geometry_msgs_generate_messages_eus
make[2]: Warning: File 'CMakeFiles/roscpp_generate_messages_eus.dir/progress.make' has modification time 1745461324 s in the future
make[2]: warning:  Clock skew detected.  Your build may be incomplete.
make[2]: Warning: File 'CMakeFiles/std_msgs_generate_messages_py.dir/progress.make' has modification time 1745461324 s in the future
make[2]: Warning: File 'CMakeFiles/std_msgs_generate_messages_nodejs.dir/progress.make' has modification time 1745461324 s in the future
make[2]: Warning: File 'CMakeFiles/nodelet_generate_messages_lisp.dir/progress.make' has modification time 1745461324 s in the future
[  6%] Built target roscpp_generate_messages_eus
make[2]: Warning: File 'CMakeFiles/actionlib_generate_messages_lisp.dir/progress.make' has modification time 1745461324 s in the future
make[2]: warning:  Clock skew detected.  Your build may be incomplete.
make[2]: Warning: File 'CMakeFiles/std_msgs_generate_messages_nodejs.dir/progress.make' has modification time 1745461324 s in the future
make[2]: warning:  Clock skew detected.  Your build may be incomplete.
make[2]: warning:  Clock skew detected.  Your build may be incomplete.
make[2]: warning:  Clock skew detected.  Your build may be incomplete.
make[2]: Warning: File 'CMakeFiles/actionlib_generate_messages_lisp.dir/progress.make' has modification time 1745461324 s in the future
make[2]: warning:  Clock skew detected.  Your build may be incomplete.
make[2]: warning:  Clock skew detected.  Your build may be incomplete.
make[2]: Warning: File 'CMakeFiles/std_msgs_generate_messages_py.dir/progress.make' has modification time 1745461324 s in the future
make[2]: warning:  Clock skew detected.  Your build may be incomplete.
make[2]: Warning: File 'CMakeFiles/nodelet_generate_messages_lisp.dir/progress.make' has modification time 1745461324 s in the future
make[2]: warning:  Clock skew detected.  Your build may be incomplete.
make[2]: Warning: File 'CMakeFiles/roscpp_generate_messages_lisp.dir/progress.make' has modification time 1745461324 s in the future
[  6%] Built target std_msgs_generate_messages_nodejs
[  6%] Built target std_msgs_generate_messages_py
[  6%] Built target actionlib_generate_messages_lisp
[  6%] Built target nodelet_generate_messages_lisp
make[2]: Warning: File 'CMakeFiles/pcl_msgs_generate_messages_cpp.dir/progress.make' has modification time 1745461324 s in the future
make[2]: Warning: File 'CMakeFiles/sensor_msgs_generate_messages_cpp.dir/progress.make' has modification time 1745461324 s in the future
make[2]: Warning: File 'CMakeFiles/std_msgs_generate_messages_lisp.dir/progress.make' has modification time 1745461324 s in the future
make[2]: Warning: File 'CMakeFiles/actionlib_msgs_generate_messages_eus.dir/progress.make' has modification time 1745461324 s in the future
make[2]: warning:  Clock skew detected.  Your build may be incomplete.
make[2]: Warning: File 'CMakeFiles/roscpp_generate_messages_lisp.dir/progress.make' has modification time 1745461324 s in the future
make[2]: warning:  Clock skew detected.  Your build may be incomplete.
make[2]: warning:  Clock skew detected.  Your build may be incomplete.
make[2]: Warning: File 'CMakeFiles/sensor_msgs_generate_messages_cpp.dir/progress.make' has modification time 1745461324 s in the future
make[2]: warning:  Clock skew detected.  Your build may be incomplete.
make[2]: warning:  Clock skew detected.  Your build may be incomplete.
make[2]: warning:  Clock skew detected.  Your build may be incomplete.
make[2]: warning:  Clock skew detected.  Your build may be incomplete.
[  6%] Built target roscpp_generate_messages_lisp
make[2]: Warning: File 'CMakeFiles/pcl_msgs_generate_messages_cpp.dir/progress.make' has modification time 1745461324 s in the future
make[2]: warning:  Clock skew detected.  Your build may be incomplete.
make[2]: Warning: File 'CMakeFiles/actionlib_msgs_generate_messages_eus.dir/progress.make' has modification time 1745461324 s in the future
make[2]: warning:  Clock skew detected.  Your build may be incomplete.
make[2]: Warning: File 'CMakeFiles/std_msgs_generate_messages_lisp.dir/progress.make' has modification time 1745461324 s in the future
make[2]: warning:  Clock skew detected.  Your build may be incomplete.
make[2]: Warning: File 'CMakeFiles/dynamic_reconfigure_generate_messages_py.dir/progress.make' has modification time 1745461324 s in the future
[  6%] Built target actionlib_msgs_generate_messages_eus
[  6%] Built target sensor_msgs_generate_messages_cpp
[  6%] Built target pcl_msgs_generate_messages_cpp
make[2]: warning:  Clock skew detected.  Your build may be incomplete.
make[2]: Warning: File 'CMakeFiles/dynamic_reconfigure_generate_messages_py.dir/progress.make' has modification time 1745461324 s in the future
make[2]: warning:  Clock skew detected.  Your build may be incomplete.
make[2]: Warning: File 'CMakeFiles/dynamic_reconfigure_generate_messages_lisp.dir/progress.make' has modification time 1745461324 s in the future
make[2]: Warning: File 'CMakeFiles/tf2_msgs_generate_messages_cpp.dir/progress.make' has modification time 1745461324 s in the future
make[2]: Warning: File 'CMakeFiles/std_srvs_generate_messages_lisp.dir/progress.make' has modification time 1745461324 s in the future
[  6%] Built target std_msgs_generate_messages_lisp
[  6%] Built target dynamic_reconfigure_generate_messages_py
make[2]: warning:  Clock skew detected.  Your build may be incomplete.
make[2]: Warning: File 'CMakeFiles/dynamic_reconfigure_gencfg.dir/progress.make' has modification time 1745461324 s in the future
make[2]: Warning: File 'CMakeFiles/dynamic_reconfigure_generate_messages_lisp.dir/progress.make' has modification time 1745461324 s in the future
make[2]: warning:  Clock skew detected.  Your build may be incomplete.
make[2]: Warning: File 'CMakeFiles/nodelet_generate_messages_cpp.dir/progress.make' has modification time 1745461324 s in the future
[  6%] Built target dynamic_reconfigure_generate_messages_lisp
make[2]: warning:  Clock skew detected.  Your build may be incomplete.
make[2]: warning:  Clock skew detected.  Your build may be incomplete.
make[2]: Warning: File 'CMakeFiles/tf2_msgs_generate_messages_cpp.dir/progress.make' has modification time 1745461324 s in the future
make[2]: warning:  Clock skew detected.  Your build may be incomplete.
make[2]: Warning: File 'CMakeFiles/rosgraph_msgs_generate_messages_py.dir/progress.make' has modification time 1745461324 s in the future
make[2]: warning:  Clock skew detected.  Your build may be incomplete.
make[2]: Warning: File 'CMakeFiles/std_srvs_generate_messages_lisp.dir/progress.make' has modification time 1745461324 s in the future
make[2]: warning:  Clock skew detected.  Your build may be incomplete.
make[2]: Warning: File 'CMakeFiles/dynamic_reconfigure_gencfg.dir/progress.make' has modification time 1745461324 s in the future
make[2]: warning:  Clock skew detected.  Your build may be incomplete.
[  6%] Built target tf2_msgs_generate_messages_cpp
[  6%] Built target dynamic_reconfigure_gencfg
make[2]: Warning: File 'CMakeFiles/dynamic_reconfigure_generate_messages_eus.dir/progress.make' has modification time 1745461324 s in the future
make[2]: warning:  Clock skew detected.  Your build may be incomplete.
[  6%] Built target std_srvs_generate_messages_lisp
make[2]: Warning: File 'CMakeFiles/nodelet_generate_messages_cpp.dir/progress.make' has modification time 1745461324 s in the future
make[2]: warning:  Clock skew detected.  Your build may be incomplete.
make[2]: Warning: File 'CMakeFiles/geometry_msgs_generate_messages_nodejs.dir/progress.make' has modification time 1745461324 s in the future
make[2]: Warning: File 'CMakeFiles/geometry_msgs_generate_messages_cpp.dir/progress.make' has modification time 1745461324 s in the future
make[2]: warning:  Clock skew detected.  Your build may be incomplete.
make[2]: Warning: File 'CMakeFiles/rosgraph_msgs_generate_messages_py.dir/progress.make' has modification time 1745461324 s in the future
make[2]: warning:  Clock skew detected.  Your build may be incomplete.
make[2]: warning:  Clock skew detected.  Your build may be incomplete.
make[2]: Warning: File 'CMakeFiles/dynamic_reconfigure_generate_messages_eus.dir/progress.make' has modification time 1745461324 s in the future
make[2]: warning:  Clock skew detected.  Your build may be incomplete.
[  6%] Built target nodelet_generate_messages_cpp
[  6%] Built target rosgraph_msgs_generate_messages_py
make[2]: Warning: File 'CMakeFiles/dynamic_reconfigure_generate_messages_cpp.dir/progress.make' has modification time 1745461324 s in the future
make[2]: Warning: File 'CMakeFiles/topic_tools_generate_messages_eus.dir/progress.make' has modification time 1745461324 s in the future
make[2]: warning:  Clock skew detected.  Your build may be incomplete.
make[2]: Warning: File 'CMakeFiles/geometry_msgs_generate_messages_cpp.dir/progress.make' has modification time 1745461324 s in the future
make[2]: warning:  Clock skew detected.  Your build may be incomplete.
make[2]: warning:  Clock skew detected.  Your build may be incomplete.
[  6%] Built target dynamic_reconfigure_generate_messages_eus
make[2]: Warning: File 'CMakeFiles/geometry_msgs_generate_messages_nodejs.dir/progress.make' has modification time 1745461324 s in the future
make[2]: warning:  Clock skew detected.  Your build may be incomplete.
[  6%] Built target geometry_msgs_generate_messages_cpp
make[2]: Warning: File 'CMakeFiles/topic_tools_generate_messages_py.dir/progress.make' has modification time 1745461324 s in the future
make[2]: warning:  Clock skew detected.  Your build may be incomplete.
make[2]: warning:  Clock skew detected.  Your build may be incomplete.
make[2]: Warning: File 'CMakeFiles/topic_tools_generate_messages_eus.dir/progress.make' has modification time 1745461324 s in the future
make[2]: warning:  Clock skew detected.  Your build may be incomplete.
make[2]: Warning: File 'CMakeFiles/dynamic_reconfigure_generate_messages_cpp.dir/progress.make' has modification time 1745461324 s in the future
make[2]: warning:  Clock skew detected.  Your build may be incomplete.
make[2]: Warning: File 'CMakeFiles/roscpp_generate_messages_cpp.dir/progress.make' has modification time 1745461324 s in the future
[  6%] Built target geometry_msgs_generate_messages_nodejs
make[2]: Warning: File 'CMakeFiles/geometry_msgs_generate_messages_py.dir/progress.make' has modification time 1745461324 s in the future
[  6%] Built target topic_tools_generate_messages_eus
make[2]: warning:  Clock skew detected.  Your build may be incomplete.
make[2]: Warning: File 'CMakeFiles/tf2_msgs_generate_messages_eus.dir/progress.make' has modification time 1745461324 s in the future
make[2]: Warning: File 'CMakeFiles/topic_tools_generate_messages_py.dir/progress.make' has modification time 1745461324 s in the future
make[2]: warning:  Clock skew detected.  Your build may be incomplete.
[  6%] Built target dynamic_reconfigure_generate_messages_cpp
make[2]: warning:  Clock skew detected.  Your build may be incomplete.
make[2]: Warning: File 'CMakeFiles/sensor_msgs_generate_messages_py.dir/progress.make' has modification time 1745461324 s in the future
make[2]: Warning: File 'CMakeFiles/roscpp_generate_messages_cpp.dir/progress.make' has modification time 1745461324 s in the future
make[2]: warning:  Clock skew detected.  Your build may be incomplete.
make[2]: warning:  Clock skew detected.  Your build may be incomplete.
make[2]: warning:  Clock skew detected.  Your build may be incomplete.
[  6%] Built target topic_tools_generate_messages_py
make[2]: Warning: File 'CMakeFiles/tf2_msgs_generate_messages_eus.dir/progress.make' has modification time 1745461324 s in the future
make[2]: Warning: File 'CMakeFiles/geometry_msgs_generate_messages_py.dir/progress.make' has modification time 1745461324 s in the future
make[2]: warning:  Clock skew detected.  Your build may be incomplete.
make[2]: warning:  Clock skew detected.  Your build may be incomplete.
make[2]: Warning: File 'CMakeFiles/std_msgs_generate_messages_cpp.dir/progress.make' has modification time 1745461324 s in the future
[  6%] Built target roscpp_generate_messages_cpp
make[2]: warning:  Clock skew detected.  Your build may be incomplete.
make[2]: Warning: File 'CMakeFiles/std_srvs_generate_messages_cpp.dir/progress.make' has modification time 1745461324 s in the future
make[2]: Warning: File 'CMakeFiles/sensor_msgs_generate_messages_py.dir/progress.make' has modification time 1745461324 s in the future
make[2]: warning:  Clock skew detected.  Your build may be incomplete.
[  6%] Built target geometry_msgs_generate_messages_py
make[2]: warning:  Clock skew detected.  Your build may be incomplete.
make[2]: Warning: File 'CMakeFiles/actionlib_generate_messages_eus.dir/progress.make' has modification time 1745461323 s in the future
make[2]: warning:  Clock skew detected.  Your build may be incomplete.
make[2]: Warning: File 'CMakeFiles/std_msgs_generate_messages_cpp.dir/progress.make' has modification time 1745461323 s in the future
make[2]: warning:  Clock skew detected.  Your build may be incomplete.
make[2]: Warning: File 'CMakeFiles/std_srvs_generate_messages_cpp.dir/progress.make' has modification time 1745461323 s in the future
make[2]: warning:  Clock skew detected.  Your build may be incomplete.
[  6%] Built target tf2_msgs_generate_messages_eus
make[2]: Warning: File 'CMakeFiles/rosgraph_msgs_generate_messages_cpp.dir/progress.make' has modification time 1745461323 s in the future
[  6%] Built target sensor_msgs_generate_messages_py
[  6%] Built target std_srvs_generate_messages_cpp
[  6%] Built target std_msgs_generate_messages_cpp
make[2]: Warning: File 'CMakeFiles/rosgraph_msgs_generate_messages_eus.dir/progress.make' has modification time 1745461323 s in the future
make[2]: Warning: File 'CMakeFiles/std_srvs_generate_messages_py.dir/progress.make' has modification time 1745461323 s in the future
make[2]: Warning: File 'CMakeFiles/roscpp_generate_messages_nodejs.dir/progress.make' has modification time 1745461323 s in the future
make[2]: warning:  Clock skew detected.  Your build may be incomplete.
make[2]: Warning: File 'CMakeFiles/actionlib_generate_messages_eus.dir/progress.make' has modification time 1745461323 s in the future
make[2]: warning:  Clock skew detected.  Your build may be incomplete.
make[2]: warning:  Clock skew detected.  Your build may be incomplete.
make[2]: warning:  Clock skew detected.  Your build may be incomplete.
make[2]: Warning: File 'CMakeFiles/rosgraph_msgs_generate_messages_cpp.dir/progress.make' has modification time 1745461323 s in the future
make[2]: warning:  Clock skew detected.  Your build may be incomplete.
make[2]: Warning: File 'CMakeFiles/rosgraph_msgs_generate_messages_eus.dir/progress.make' has modification time 1745461323 s in the future
make[2]: warning:  Clock skew detected.  Your build may be incomplete.
[  6%] Built target actionlib_generate_messages_eus
make[2]: Warning: File 'CMakeFiles/geometry_msgs_generate_messages_lisp.dir/progress.make' has modification time 1745461323 s in the future
make[2]: warning:  Clock skew detected.  Your build may be incomplete.
make[2]: Warning: File 'CMakeFiles/std_srvs_generate_messages_py.dir/progress.make' has modification time 1745461323 s in the future
make[2]: warning:  Clock skew detected.  Your build may be incomplete.
make[2]: warning:  Clock skew detected.  Your build may be incomplete.
[  6%] Built target rosgraph_msgs_generate_messages_eus
[  6%] Built target rosgraph_msgs_generate_messages_cpp
make[2]: Warning: File 'CMakeFiles/roscpp_generate_messages_nodejs.dir/progress.make' has modification time 1745461323 s in the future
make[2]: warning:  Clock skew detected.  Your build may be incomplete.
make[2]: Warning: File 'CMakeFiles/actionlib_msgs_generate_messages_nodejs.dir/progress.make' has modification time 1745461323 s in the future
make[2]: Warning: File 'CMakeFiles/actionlib_msgs_generate_messages_lisp.dir/progress.make' has modification time 1745461323 s in the future
make[2]: warning:  Clock skew detected.  Your build may be incomplete.
[  6%] Built target std_srvs_generate_messages_py
make[2]: Warning: File 'CMakeFiles/geometry_msgs_generate_messages_lisp.dir/progress.make' has modification time 1745461323 s in the future
make[2]: warning:  Clock skew detected.  Your build may be incomplete.
make[2]: Warning: File 'CMakeFiles/tf_generate_messages_py.dir/progress.make' has modification time 1745461323 s in the future
make[2]: warning:  Clock skew detected.  Your build may be incomplete.
[  6%] Built target roscpp_generate_messages_nodejs
make[2]: Warning: File 'CMakeFiles/actionlib_msgs_generate_messages_lisp.dir/progress.make' has modification time 1745461323 s in the future
make[2]: warning:  Clock skew detected.  Your build may be incomplete.
make[2]: Warning: File 'CMakeFiles/std_msgs_generate_messages_eus.dir/progress.make' has modification time 1745461323 s in the future
make[2]: warning:  Clock skew detected.  Your build may be incomplete.
[  6%] Built target actionlib_msgs_generate_messages_lisp
make[2]: Warning: File 'CMakeFiles/tf_generate_messages_py.dir/progress.make' has modification time 1745461323 s in the future
make[2]: warning:  Clock skew detected.  Your build may be incomplete.
make[2]: Warning: File 'CMakeFiles/rosgraph_msgs_generate_messages_nodejs.dir/progress.make' has modification time 1745461323 s in the future
make[2]: warning:  Clock skew detected.  Your build may be incomplete.
make[2]: warning:  Clock skew detected.  Your build may be incomplete.
make[2]: Warning: File 'CMakeFiles/std_msgs_generate_messages_eus.dir/progress.make' has modification time 1745461323 s in the future
make[2]: warning:  Clock skew detected.  Your build may be incomplete.
[  6%] Built target geometry_msgs_generate_messages_lisp
make[2]: Warning: File 'CMakeFiles/actionlib_msgs_generate_messages_nodejs.dir/progress.make' has modification time 1745461323 s in the future
make[2]: warning:  Clock skew detected.  Your build may be incomplete.
[  6%] Built target tf_generate_messages_py
make[2]: Warning: File 'CMakeFiles/nodelet_generate_messages_eus.dir/progress.make' has modification time 1745461323 s in the future
make[2]: Warning: File 'CMakeFiles/nodelet_generate_messages_nodejs.dir/progress.make' has modification time 1745461323 s in the future
[  6%] Built target std_msgs_generate_messages_eus
make[2]: warning:  Clock skew detected.  Your build may be incomplete.
make[2]: Warning: File 'CMakeFiles/rosgraph_msgs_generate_messages_nodejs.dir/progress.make' has modification time 1745461323 s in the future
make[2]: warning:  Clock skew detected.  Your build may be incomplete.
[  6%] Built target actionlib_msgs_generate_messages_nodejs
make[2]: warning:  Clock skew detected.  Your build may be incomplete.
make[2]: warning:  Clock skew detected.  Your build may be incomplete.
make[2]: Warning: File 'CMakeFiles/bond_generate_messages_nodejs.dir/progress.make' has modification time 1745461323 s in the future
make[2]: Warning: File 'CMakeFiles/nodelet_generate_messages_eus.dir/progress.make' has modification time 1745461323 s in the future
make[2]: warning:  Clock skew detected.  Your build may be incomplete.
make[2]: Warning: File 'CMakeFiles/nodelet_generate_messages_nodejs.dir/progress.make' has modification time 1745461323 s in the future
make[2]: warning:  Clock skew detected.  Your build may be incomplete.
make[2]: Warning: File 'CMakeFiles/std_srvs_generate_messages_nodejs.dir/progress.make' has modification time 1745461323 s in the future
[  6%] Built target rosgraph_msgs_generate_messages_nodejs
make[2]: warning:  Clock skew detected.  Your build may be incomplete.
[  6%] Built target nodelet_generate_messages_eus
make[2]: Warning: File 'CMakeFiles/nodelet_generate_messages_py.dir/progress.make' has modification time 1745461323 s in the future
make[2]: Warning: File 'CMakeFiles/tf2_msgs_generate_messages_py.dir/progress.make' has modification time 1745461323 s in the future
make[2]: Warning: File 'CMakeFiles/bond_generate_messages_nodejs.dir/progress.make' has modification time 1745461323 s in the future
make[2]: warning:  Clock skew detected.  Your build may be incomplete.
[  6%] Built target nodelet_generate_messages_nodejs
make[2]: warning:  Clock skew detected.  Your build may be incomplete.
make[2]: warning:  Clock skew detected.  Your build may be incomplete.
make[2]: warning:  Clock skew detected.  Your build may be incomplete.
make[2]: Warning: File 'CMakeFiles/std_srvs_generate_messages_nodejs.dir/progress.make' has modification time 1745461323 s in the future
make[2]: warning:  Clock skew detected.  Your build may be incomplete.
make[2]: Warning: File 'CMakeFiles/nodelet_generate_messages_py.dir/progress.make' has modification time 1745461323 s in the future
make[2]: warning:  Clock skew detected.  Your build may be incomplete.
make[2]: Warning: File 'CMakeFiles/tf2_msgs_generate_messages_py.dir/progress.make' has modification time 1745461323 s in the future
make[2]: warning:  Clock skew detected.  Your build may be incomplete.
make[2]: Warning: File 'CMakeFiles/dynamic_reconfigure_generate_messages_nodejs.dir/progress.make' has modification time 1745461323 s in the future
[  6%] Built target bond_generate_messages_nodejs
[  6%] Built target std_srvs_generate_messages_nodejs
[  6%] Built target nodelet_generate_messages_py
make[2]: warning:  Clock skew detected.  Your build may be incomplete.
make[2]: Warning: File 'CMakeFiles/bond_generate_messages_eus.dir/progress.make' has modification time 1745461323 s in the future
make[2]: Warning: File 'CMakeFiles/sensor_msgs_generate_messages_nodejs.dir/progress.make' has modification time 1745461323 s in the future
make[2]: Warning: File 'CMakeFiles/dynamic_reconfigure_generate_messages_nodejs.dir/progress.make' has modification time 1745461323 s in the future
make[2]: warning:  Clock skew detected.  Your build may be incomplete.
make[2]: Warning: File 'CMakeFiles/bond_generate_messages_cpp.dir/progress.make' has modification time 1745461323 s in the future
[  6%] Built target tf2_msgs_generate_messages_py
make[2]: Warning: File 'CMakeFiles/bond_generate_messages_lisp.dir/progress.make' has modification time 1745461323 s in the future
make[2]: warning:  Clock skew detected.  Your build may be incomplete.
make[2]: Warning: File 'CMakeFiles/sensor_msgs_generate_messages_nodejs.dir/progress.make' has modification time 1745461323 s in the future
make[2]: warning:  Clock skew detected.  Your build may be incomplete.
make[2]: warning:  Clock skew detected.  Your build may be incomplete.
[  6%] Built target dynamic_reconfigure_generate_messages_nodejs
make[2]: warning:  Clock skew detected.  Your build may be incomplete.
make[2]: warning:  Clock skew detected.  Your build may be incomplete.
[  6%] Built target sensor_msgs_generate_messages_nodejs
make[2]: Warning: File 'CMakeFiles/bond_generate_messages_cpp.dir/progress.make' has modification time 1745461323 s in the future
make[2]: warning:  Clock skew detected.  Your build may be incomplete.
make[2]: Warning: File 'CMakeFiles/bond_generate_messages_eus.dir/progress.make' has modification time 1745461323 s in the future
make[2]: warning:  Clock skew detected.  Your build may be incomplete.
make[2]: Warning: File 'CMakeFiles/bond_generate_messages_lisp.dir/progress.make' has modification time 1745461323 s in the future
make[2]: warning:  Clock skew detected.  Your build may be incomplete.
make[2]: Warning: File 'CMakeFiles/nodelet_topic_tools_gencfg.dir/progress.make' has modification time 1745461323 s in the future
make[2]: Warning: File 'CMakeFiles/sensor_msgs_generate_messages_eus.dir/progress.make' has modification time 1745461323 s in the future
[  6%] Built target bond_generate_messages_eus
[  6%] Built target bond_generate_messages_cpp
[  6%] Built target bond_generate_messages_lisp
make[2]: Warning: File 'CMakeFiles/bond_generate_messages_py.dir/progress.make' has modification time 1745461323 s in the future
make[2]: Warning: File 'CMakeFiles/sensor_msgs_generate_messages_lisp.dir/progress.make' has modification time 1745461323 s in the future
make[2]: Warning: File 'CMakeFiles/pcl_msgs_generate_messages_eus.dir/progress.make' has modification time 1745461323 s in the future
make[2]: warning:  Clock skew detected.  Your build may be incomplete.
make[2]: warning:  Clock skew detected.  Your build may be incomplete.
make[2]: warning:  Clock skew detected.  Your build may be incomplete.
make[2]: Warning: File 'CMakeFiles/sensor_msgs_generate_messages_eus.dir/progress.make' has modification time 1745461323 s in the future
make[2]: warning:  Clock skew detected.  Your build may be incomplete.
make[2]: Warning: File 'CMakeFiles/nodelet_topic_tools_gencfg.dir/progress.make' has modification time 1745461323 s in the future
make[2]: warning:  Clock skew detected.  Your build may be incomplete.
make[2]: Warning: File 'CMakeFiles/bond_generate_messages_py.dir/progress.make' has modification time 1745461323 s in the future
make[2]: warning:  Clock skew detected.  Your build may be incomplete.
make[2]: warning:  Clock skew detected.  Your build may be incomplete.
make[2]: warning:  Clock skew detected.  Your build may be incomplete.
make[2]: Warning: File 'CMakeFiles/sensor_msgs_generate_messages_lisp.dir/progress.make' has modification time 1745461323 s in the future
make[2]: warning:  Clock skew detected.  Your build may be incomplete.
[  6%] Built target nodelet_topic_tools_gencfg
[  6%] Built target bond_generate_messages_py
make[2]: Warning: File 'CMakeFiles/pcl_msgs_generate_messages_eus.dir/progress.make' has modification time 1745461323 s in the future
make[2]: warning:  Clock skew detected.  Your build may be incomplete.
make[2]: Warning: File 'CMakeFiles/pcl_msgs_generate_messages_nodejs.dir/progress.make' has modification time 1745461323 s in the future
make[2]: Warning: File 'CMakeFiles/topic_tools_generate_messages_cpp.dir/progress.make' has modification time 1745461323 s in the future
[  6%] Built target sensor_msgs_generate_messages_eus
[  6%] Built target pcl_msgs_generate_messages_eus
make[2]: warning:  Clock skew detected.  Your build may be incomplete.
[  6%] Built target sensor_msgs_generate_messages_lisp
make[2]: Warning: File 'CMakeFiles/pcl_msgs_generate_messages_lisp.dir/progress.make' has modification time 1745461323 s in the future
make[2]: Warning: File 'CMakeFiles/pcl_msgs_generate_messages_py.dir/progress.make' has modification time 1745461323 s in the future
make[2]: Warning: File 'CMakeFiles/pcl_msgs_generate_messages_nodejs.dir/progress.make' has modification time 1745461323 s in the future
make[2]: warning:  Clock skew detected.  Your build may be incomplete.
make[2]: warning:  Clock skew detected.  Your build may be incomplete.
make[2]: warning:  Clock skew detected.  Your build may be incomplete.
make[2]: Warning: File 'CMakeFiles/pcl_ros_gencfg.dir/progress.make' has modification time 1745461323 s in the future
make[2]: Warning: File 'CMakeFiles/topic_tools_generate_messages_cpp.dir/progress.make' has modification time 1745461323 s in the future
make[2]: warning:  Clock skew detected.  Your build may be incomplete.
make[2]: Warning: File 'CMakeFiles/pcl_msgs_generate_messages_lisp.dir/progress.make' has modification time 1745461323 s in the future
make[2]: warning:  Clock skew detected.  Your build may be incomplete.
make[2]: warning:  Clock skew detected.  Your build may be incomplete.
[  6%] Built target pcl_msgs_generate_messages_nodejs
make[2]: Warning: File 'CMakeFiles/pcl_msgs_generate_messages_py.dir/progress.make' has modification time 1745461323 s in the future
make[2]: warning:  Clock skew detected.  Your build may be incomplete.
[  6%] Built target topic_tools_generate_messages_cpp
make[2]: Warning: File 'CMakeFiles/convert_pointcloud_to_image.dir/flags.make' has modification time 1745461322 s in the future
make[2]: Warning: File 'CMakeFiles/pcd_to_pointcloud.dir/flags.make' has modification time 1745461323 s in the future
[  6%] Built target pcl_msgs_generate_messages_lisp
make[2]: warning:  Clock skew detected.  Your build may be incomplete.
make[2]: Warning: File 'CMakeFiles/download_extra_data.dir/progress.make' has modification time 1745461323 s in the future
make[2]: Warning: File 'CMakeFiles/pcl_ros_gencfg.dir/progress.make' has modification time 1745461323 s in the future
[  6%] Built target pcl_msgs_generate_messages_py
make[2]: warning:  Clock skew detected.  Your build may be incomplete.
make[2]: Warning: File 'CMakeFiles/pcl_ros_tf.dir/flags.make' has modification time 1745461322 s in the future
make[2]: warning:  Clock skew detected.  Your build may be incomplete.
make[2]: warning:  Clock skew detected.  Your build may be incomplete.
make[2]: Warning: File 'CMakeFiles/pcd_to_pointcloud.dir/flags.make' has modification time 1745461323 s in the future
[ 26%] Built target pcl_ros_gencfg
make[2]: Warning: File 'CMakeFiles/convert_pointcloud_to_image.dir/flags.make' has modification time 1745461322 s in the future
make[2]: warning:  Clock skew detected.  Your build may be incomplete.
make[2]: Warning: File 'CMakeFiles/pcl_ros_surface.dir/flags.make' has modification time 1745461322 s in the future
make[2]: warning:  Clock skew detected.  Your build may be incomplete.
make[2]: Warning: File 'CMakeFiles/download_extra_data.dir/progress.make' has modification time 1745461323 s in the future
make[2]: warning:  Clock skew detected.  Your build may be incomplete.
make[2]: Warning: File 'CMakeFiles/pcl_ros_tf.dir/flags.make' has modification time 1745461322 s in the future
make[2]: warning:  Clock skew detected.  Your build may be incomplete.
[ 26%] Built target download_extra_data
make[2]: warning:  Clock skew detected.  Your build may be incomplete.
make[2]: warning:  Clock skew detected.  Your build may be incomplete.
make[2]: warning:  Clock skew detected.  Your build may be incomplete.
make[2]: Warning: File 'CMakeFiles/pcl_ros_surface.dir/flags.make' has modification time 1745461322 s in the future
[ 32%] Built target pcd_to_pointcloud
[ 32%] Built target convert_pointcloud_to_image
make[2]: Warning: File 'CMakeFiles/download.dir/progress.make' has modification time 1745461323 s in the future
make[2]: warning:  Clock skew detected.  Your build may be incomplete.
make[2]: Warning: File 'CMakeFiles/pcl_ros_features.dir/flags.make' has modification time 1745461323 s in the future
make[2]: Warning: File 'CMakeFiles/pcl_ros_filter.dir/flags.make' has modification time 1745461322 s in the future
make[2]: Warning: File 'CMakeFiles/pcl_ros_io.dir/flags.make' has modification time 1745461322 s in the future
[ 35%] Built target pcl_ros_tf
[ 42%] Built target pcl_ros_surface
make[2]: Warning: File 'CMakeFiles/pcl_ros_segmentation.dir/flags.make' has modification time 1745461322 s in the future
make[2]: warning:  Clock skew detected.  Your build may be incomplete.
make[2]: warning:  Clock skew detected.  Your build may be incomplete.
make[2]: Warning: File 'CMakeFiles/download.dir/progress.make' has modification time 1745461323 s in the future
make[2]: warning:  Clock skew detected.  Your build may be incomplete.
make[2]: Warning: File 'CMakeFiles/pcl_ros_filter.dir/flags.make' has modification time 1745461322 s in the future
make[2]: warning:  Clock skew detected.  Your build may be incomplete.
make[2]: warning:  Clock skew detected.  Your build may be incomplete.
make[2]: warning:  Clock skew detected.  Your build may be incomplete.
make[2]: warning:  Clock skew detected.  Your build may be incomplete.
make[2]: Warning: File 'CMakeFiles/pcl_ros_segmentation.dir/flags.make' has modification time 1745461322 s in the future
[ 45%] Built target pcl_ros_filter
make[2]: Warning: File 'CMakeFiles/pcl_ros_io.dir/flags.make' has modification time 1745461322 s in the future
[ 45%] Built target download
make[2]: Warning: File 'CMakeFiles/bag_to_pcd.dir/flags.make' has modification time 1745461322 s in the future
make[2]: warning:  Clock skew detected.  Your build may be incomplete.
make[2]: warning:  Clock skew detected.  Your build may be incomplete.
[ 54%] Built target pcl_ros_segmentation
make[2]: Warning: File 'CMakeFiles/pcl_ros_features.dir/flags.make' has modification time 1745461323 s in the future
make[2]: warning:  Clock skew detected.  Your build may be incomplete.
make[2]: Warning: File 'CMakeFiles/bag_to_pcd.dir/flags.make' has modification time 1745461322 s in the future
make[2]: Warning: File 'CMakeFiles/pcl_ros_filters.dir/flags.make' has modification time 1745461323 s in the future
make[2]: warning:  Clock skew detected.  Your build may be incomplete.
make[2]: warning:  Clock skew detected.  Your build may be incomplete.
[ 64%] Built target pcl_ros_io
[ 67%] Built target bag_to_pcd
[ 87%] Built target pcl_ros_features
make[2]: warning:  Clock skew detected.  Your build may be incomplete.
make[2]: Warning: File 'CMakeFiles/pcl_ros_filters.dir/flags.make' has modification time 1745461323 s in the future
make[2]: warning:  Clock skew detected.  Your build may be incomplete.
[100%] Built target pcl_ros_filters
make[1]: warning:  Clock skew detected.  Your build may be incomplete.
make: warning:  Clock skew detected.  Your build may be incomplete.
