Symlinking /home/uhdt/ws2_livox/devel/share/pcl_ros/cmake/pcl_rosConfig.cmake
Symlinking /home/uhdt/ws2_livox/devel/share/pcl_ros/cmake/pcl_rosConfig-version.cmake
Symlinking /home/uhdt/ws2_livox/devel/share/pcl_ros/samples/data/table_scene_lms400.pcd
Symlinking /home/uhdt/ws2_livox/devel/share/pcl_ros/docs/SACSegmentationFromNormalsConfig.dox
Symlinking /home/uhdt/ws2_livox/devel/share/pcl_ros/docs/MLSConfig.wikidoc
Symlinking /home/uhdt/ws2_livox/devel/share/pcl_ros/docs/FeatureConfig.wikidoc
Symlinking /home/uhdt/ws2_livox/devel/share/pcl_ros/docs/SACSegmentationConfig.dox
Symlinking /home/uhdt/ws2_livox/devel/share/pcl_ros/docs/VoxelGridConfig-usage.dox
Symlinking /home/uhdt/ws2_livox/devel/share/pcl_ros/docs/RadiusOutlierRemovalConfig.dox
Symlinking /home/uhdt/ws2_livox/devel/share/pcl_ros/docs/ExtractPolygonalPrismDataConfig.dox
Symlinking /home/uhdt/ws2_livox/devel/share/pcl_ros/docs/ExtractIndicesConfig.wikidoc
Symlinking /home/uhdt/ws2_livox/devel/share/pcl_ros/docs/ExtractPolygonalPrismDataConfig.wikidoc
Symlinking /home/uhdt/ws2_livox/devel/share/pcl_ros/docs/StatisticalOutlierRemovalConfig-usage.dox
Symlinking /home/uhdt/ws2_livox/devel/share/pcl_ros/docs/RadiusOutlierRemovalConfig-usage.dox
Symlinking /home/uhdt/ws2_livox/devel/share/pcl_ros/docs/RadiusOutlierRemovalConfig.wikidoc
Symlinking /home/uhdt/ws2_livox/devel/share/pcl_ros/docs/CropBoxConfig.wikidoc
Symlinking /home/uhdt/ws2_livox/devel/share/pcl_ros/docs/VoxelGridConfig.dox
Symlinking /home/uhdt/ws2_livox/devel/share/pcl_ros/docs/MLSConfig.dox
Symlinking /home/uhdt/ws2_livox/devel/share/pcl_ros/docs/FeatureConfig-usage.dox
Symlinking /home/uhdt/ws2_livox/devel/share/pcl_ros/docs/SACSegmentationConfig.wikidoc
Symlinking /home/uhdt/ws2_livox/devel/share/pcl_ros/docs/SACSegmentationConfig-usage.dox
Symlinking /home/uhdt/ws2_livox/devel/share/pcl_ros/docs/CropBoxConfig.dox
Symlinking /home/uhdt/ws2_livox/devel/share/pcl_ros/docs/SACSegmentationFromNormalsConfig.wikidoc
Symlinking /home/uhdt/ws2_livox/devel/share/pcl_ros/docs/FilterConfig.dox
Symlinking /home/uhdt/ws2_livox/devel/share/pcl_ros/docs/ExtractIndicesConfig.dox
Symlinking /home/uhdt/ws2_livox/devel/share/pcl_ros/docs/SACSegmentationFromNormalsConfig-usage.dox
Symlinking /home/uhdt/ws2_livox/devel/share/pcl_ros/docs/EuclideanClusterExtractionConfig.dox
Symlinking /home/uhdt/ws2_livox/devel/share/pcl_ros/docs/StatisticalOutlierRemovalConfig.dox
Symlinking /home/uhdt/ws2_livox/devel/share/pcl_ros/docs/FilterConfig-usage.dox
Symlinking /home/uhdt/ws2_livox/devel/share/pcl_ros/docs/EuclideanClusterExtractionConfig-usage.dox
Symlinking /home/uhdt/ws2_livox/devel/share/pcl_ros/docs/ExtractIndicesConfig-usage.dox
Symlinking /home/uhdt/ws2_livox/devel/share/pcl_ros/docs/SegmentDifferencesConfig.dox
Symlinking /home/uhdt/ws2_livox/devel/share/pcl_ros/docs/SegmentDifferencesConfig-usage.dox
Symlinking /home/uhdt/ws2_livox/devel/share/pcl_ros/docs/FeatureConfig.dox
Symlinking /home/uhdt/ws2_livox/devel/share/pcl_ros/docs/VoxelGridConfig.wikidoc
Symlinking /home/uhdt/ws2_livox/devel/share/pcl_ros/docs/CropBoxConfig-usage.dox
Symlinking /home/uhdt/ws2_livox/devel/share/pcl_ros/docs/SegmentDifferencesConfig.wikidoc
Symlinking /home/uhdt/ws2_livox/devel/share/pcl_ros/docs/FilterConfig.wikidoc
Symlinking /home/uhdt/ws2_livox/devel/share/pcl_ros/docs/MLSConfig-usage.dox
Symlinking /home/uhdt/ws2_livox/devel/share/pcl_ros/docs/StatisticalOutlierRemovalConfig.wikidoc
Symlinking /home/uhdt/ws2_livox/devel/share/pcl_ros/docs/ExtractPolygonalPrismDataConfig-usage.dox
Symlinking /home/uhdt/ws2_livox/devel/share/pcl_ros/docs/EuclideanClusterExtractionConfig.wikidoc
Symlinking /home/uhdt/ws2_livox/devel/lib/libpcl_ros_features.so
Symlinking /home/uhdt/ws2_livox/devel/lib/libpcl_ros_surface.so
Symlinking /home/uhdt/ws2_livox/devel/lib/libpcl_ros_io.so
Symlinking /home/uhdt/ws2_livox/devel/lib/libpcl_ros_tf.so
Symlinking /home/uhdt/ws2_livox/devel/lib/libpcl_ros_filter.so
Symlinking /home/uhdt/ws2_livox/devel/lib/libpcl_ros_segmentation.so
Symlinking /home/uhdt/ws2_livox/devel/lib/libpcl_ros_filters.so
Symlinking /home/uhdt/ws2_livox/devel/lib/pkgconfig/pcl_ros.pc
Symlinking /home/uhdt/ws2_livox/devel/lib/python3/dist-packages/pcl_ros/__init__.py
Symlinking /home/uhdt/ws2_livox/devel/lib/python3/dist-packages/pcl_ros/cfg/FilterConfig.py
Symlinking /home/uhdt/ws2_livox/devel/lib/python3/dist-packages/pcl_ros/cfg/ExtractIndicesConfig.py
Symlinking /home/uhdt/ws2_livox/devel/lib/python3/dist-packages/pcl_ros/cfg/SegmentDifferencesConfig.py
Symlinking /home/uhdt/ws2_livox/devel/lib/python3/dist-packages/pcl_ros/cfg/FeatureConfig.py
Symlinking /home/uhdt/ws2_livox/devel/lib/python3/dist-packages/pcl_ros/cfg/VoxelGridConfig.py
Symlinking /home/uhdt/ws2_livox/devel/lib/python3/dist-packages/pcl_ros/cfg/__init__.py
Symlinking /home/uhdt/ws2_livox/devel/lib/python3/dist-packages/pcl_ros/cfg/RadiusOutlierRemovalConfig.py
Symlinking /home/uhdt/ws2_livox/devel/lib/python3/dist-packages/pcl_ros/cfg/CropBoxConfig.py
Symlinking /home/uhdt/ws2_livox/devel/lib/python3/dist-packages/pcl_ros/cfg/MLSConfig.py
Symlinking /home/uhdt/ws2_livox/devel/lib/python3/dist-packages/pcl_ros/cfg/StatisticalOutlierRemovalConfig.py
Symlinking /home/uhdt/ws2_livox/devel/lib/python3/dist-packages/pcl_ros/cfg/ExtractPolygonalPrismDataConfig.py
Symlinking /home/uhdt/ws2_livox/devel/lib/python3/dist-packages/pcl_ros/cfg/SACSegmentationConfig.py
Symlinking /home/uhdt/ws2_livox/devel/lib/python3/dist-packages/pcl_ros/cfg/SACSegmentationFromNormalsConfig.py
Symlinking /home/uhdt/ws2_livox/devel/lib/python3/dist-packages/pcl_ros/cfg/EuclideanClusterExtractionConfig.py
Symlinking /home/uhdt/ws2_livox/devel/lib/pcl_ros/convert_pcd_to_image
Symlinking /home/uhdt/ws2_livox/devel/lib/pcl_ros/bag_to_pcd
Symlinking /home/uhdt/ws2_livox/devel/lib/pcl_ros/pcd_to_pointcloud
Symlinking /home/uhdt/ws2_livox/devel/lib/pcl_ros/pointcloud_to_pcd
Symlinking /home/uhdt/ws2_livox/devel/lib/pcl_ros/convert_pointcloud_to_image
Symlinking /home/uhdt/ws2_livox/devel/include/pcl_ros/StatisticalOutlierRemovalConfig.h
Symlinking /home/uhdt/ws2_livox/devel/include/pcl_ros/VoxelGridConfig.h
Symlinking /home/uhdt/ws2_livox/devel/include/pcl_ros/SACSegmentationConfig.h
Symlinking /home/uhdt/ws2_livox/devel/include/pcl_ros/FeatureConfig.h
Symlinking /home/uhdt/ws2_livox/devel/include/pcl_ros/EuclideanClusterExtractionConfig.h
Symlinking /home/uhdt/ws2_livox/devel/include/pcl_ros/ExtractIndicesConfig.h
Symlinking /home/uhdt/ws2_livox/devel/include/pcl_ros/MLSConfig.h
Symlinking /home/uhdt/ws2_livox/devel/include/pcl_ros/RadiusOutlierRemovalConfig.h
Symlinking /home/uhdt/ws2_livox/devel/include/pcl_ros/SegmentDifferencesConfig.h
Symlinking /home/uhdt/ws2_livox/devel/include/pcl_ros/SACSegmentationFromNormalsConfig.h
Symlinking /home/uhdt/ws2_livox/devel/include/pcl_ros/CropBoxConfig.h
Symlinking /home/uhdt/ws2_livox/devel/include/pcl_ros/FilterConfig.h
Symlinking /home/uhdt/ws2_livox/devel/include/pcl_ros/ExtractPolygonalPrismDataConfig.h
