[36m--[0m Using CATKIN_DEVEL_PREFIX: /home/uhdt/ws2_livox/devel/.private/OA_pkg
[36m--[0m Using CMAKE_PREFIX_PATH: /home/uhdt/ws2_livox/devel;/opt/ros/noetic
[36m--[0m This workspace overlays: /home/uhdt/ws2_livox/devel;/opt/ros/noetic
[36m--[0m Found PythonInterp: /usr/bin/python3 (found suitable version "3.8.10", minimum required is "3")
[36m--[0m Using PYTHON_EXECUTABLE: /usr/bin/python3
[36m--[0m Using Debian Python package layout
[36m--[0m Using empy: /home/uhdt/.local/lib/python3.8/site-packages/em.py
[36m--[0m Using CATKIN_ENABLE_TESTING: ON
[36m--[0m Call enable_testing()
[36m--[0m Using CATKIN_TEST_RESULTS_DIR: /home/uhdt/ws2_livox/build/OA_pkg/test_results
[36m--[0m Forcing gtest/gmock from source, though one was otherwise available.
[36m--[0m Found gtest sources under '/usr/src/googletest': gtests will be built
[36m--[0m Found gmock sources under '/usr/src/googletest': gmock will be built
[36m--[0m Found PythonInterp: /usr/bin/python3 (found version "3.8.10")
[36m--[0m Using Python nosetests: /usr/bin/nosetests3
[36m--[0m catkin 0.8.10
[36m--[0m BUILD_SHARED_LIBS is on
[33mWARNING: Package name "OA_pkg" does not follow the naming conventions. It should start with a lower case letter and only contain lower case letters, digits, underscores, and dashes.[0m
[36m--[0m Installing devel-space wrapper /home/uhdt/ws2_livox/src/OA_pkg/src/scripts/obstacle_distance_3d_node.py to /home/uhdt/ws2_livox/devel/.private/OA_pkg/lib/OA_pkg
[36m--[0m Configuring done
[36m--[0m Generating done
[36m--[0m Build files have been written to: /home/uhdt/ws2_livox/build/OA_pkg
