-- Using CATKIN_DEVEL_PREFIX: /home/uhdt/ws2_livox/devel/.private/OA_pkg
-- Using CMAKE_PREFIX_PATH: /home/uhdt/ws2_livox/devel;/opt/ros/noetic
-- This workspace overlays: /home/uhdt/ws2_livox/devel;/opt/ros/noetic
-- Found PythonInterp: /usr/bin/python3 (found suitable version "3.8.10", minimum required is "3") 
-- Using PYTHON_EXECUTABLE: /usr/bin/python3
-- Using Debian Python package layout
-- Using empy: /home/uhdt/.local/lib/python3.8/site-packages/em.py
-- Using CATKIN_ENABLE_TESTING: ON
-- Call enable_testing()
-- Using CATKIN_TEST_RESULTS_DIR: /home/uhdt/ws2_livox/build/OA_pkg/test_results
-- Forcing gtest/gmock from source, though one was otherwise available.
-- Found gtest sources under '/usr/src/googletest': gtests will be built
-- Found gmock sources under '/usr/src/googletest': gmock will be built
-- Found PythonInterp: /usr/bin/python3 (found version "3.8.10") 
-- Using Python nosetests: /usr/bin/nosetests3
-- catkin 0.8.10
-- BUILD_SHARED_LIBS is on
WARNING: Package name "OA_pkg" does not follow the naming conventions. It should start with a lower case letter and only contain lower case letters, digits, underscores, and dashes.
-- Installing devel-space wrapper /home/uhdt/ws2_livox/src/OA_pkg/src/scripts/obstacle_distance_3d_node.py to /home/uhdt/ws2_livox/devel/.private/OA_pkg/lib/OA_pkg
-- Configuring done
-- Generating done
-- Build files have been written to: /home/uhdt/ws2_livox/build/OA_pkg
