Symlinking /home/uhdt/ws2_livox/devel/share/common-lisp/ros/livox_ros_driver2/msg/_package_CustomMsg.lisp
Symlinking /home/uhdt/ws2_livox/devel/share/common-lisp/ros/livox_ros_driver2/msg/_package_CustomPoint.lisp
Symlinking /home/uhdt/ws2_livox/devel/share/common-lisp/ros/livox_ros_driver2/msg/CustomMsg.lisp
Symlinking /home/uhdt/ws2_livox/devel/share/common-lisp/ros/livox_ros_driver2/msg/_package.lisp
Symlinking /home/uhdt/ws2_livox/devel/share/common-lisp/ros/livox_ros_driver2/msg/CustomPoint.lisp
Symlinking /home/uhdt/ws2_livox/devel/share/common-lisp/ros/livox_ros_driver2/msg/livox_ros_driver2-msg.asd
Symlinking /home/uhdt/ws2_livox/devel/share/gennodejs/ros/livox_ros_driver2/_index.js
Symlinking /home/uhdt/ws2_livox/devel/share/gennodejs/ros/livox_ros_driver2/msg/CustomMsg.js
Symlinking /home/uhdt/ws2_livox/devel/share/gennodejs/ros/livox_ros_driver2/msg/CustomPoint.js
Symlinking /home/uhdt/ws2_livox/devel/share/gennodejs/ros/livox_ros_driver2/msg/_index.js
Symlinking /home/uhdt/ws2_livox/devel/share/livox_ros_driver2/cmake/livox_ros_driver2-msg-extras.cmake
Symlinking /home/uhdt/ws2_livox/devel/share/livox_ros_driver2/cmake/livox_ros_driver2Config-version.cmake
Symlinking /home/uhdt/ws2_livox/devel/share/livox_ros_driver2/cmake/livox_ros_driver2Config.cmake
Symlinking /home/uhdt/ws2_livox/devel/share/livox_ros_driver2/cmake/livox_ros_driver2-msg-paths.cmake
Symlinking /home/uhdt/ws2_livox/devel/share/roseus/ros/livox_ros_driver2/manifest.l
Symlinking /home/uhdt/ws2_livox/devel/share/roseus/ros/livox_ros_driver2/msg/CustomMsg.l
Symlinking /home/uhdt/ws2_livox/devel/share/roseus/ros/livox_ros_driver2/msg/CustomPoint.l
Symlinking /home/uhdt/ws2_livox/devel/lib/pkgconfig/livox_ros_driver2.pc
Symlinking /home/uhdt/ws2_livox/devel/lib/python3/dist-packages/livox_ros_driver2/__init__.py
Symlinking /home/uhdt/ws2_livox/devel/lib/python3/dist-packages/livox_ros_driver2/msg/_CustomPoint.py
Symlinking /home/uhdt/ws2_livox/devel/lib/python3/dist-packages/livox_ros_driver2/msg/__init__.py
Symlinking /home/uhdt/ws2_livox/devel/lib/python3/dist-packages/livox_ros_driver2/msg/_CustomMsg.py
Symlinking /home/uhdt/ws2_livox/devel/lib/livox_ros_driver2/livox_ros_driver2_node
Symlinking /home/uhdt/ws2_livox/devel/include/livox_ros_driver2/CustomPoint.h
Symlinking /home/uhdt/ws2_livox/devel/include/livox_ros_driver2/CustomMsg.h
