Linked: (/home/uhdt/ws2_livox/devel/.private/livox_ros_driver2/share/common-lisp/ros/livox_ros_driver2/msg/_package_CustomMsg.lisp, /home/uhdt/ws2_livox/devel/share/common-lisp/ros/livox_ros_driver2/msg/_package_CustomMsg.lisp)
Linked: (/home/uhdt/ws2_livox/devel/.private/livox_ros_driver2/share/common-lisp/ros/livox_ros_driver2/msg/_package_CustomPoint.lisp, /home/uhdt/ws2_livox/devel/share/common-lisp/ros/livox_ros_driver2/msg/_package_CustomPoint.lisp)
Linked: (/home/uhdt/ws2_livox/devel/.private/livox_ros_driver2/share/common-lisp/ros/livox_ros_driver2/msg/CustomMsg.lisp, /home/uhdt/ws2_livox/devel/share/common-lisp/ros/livox_ros_driver2/msg/CustomMsg.lisp)
Linked: (/home/uhdt/ws2_livox/devel/.private/livox_ros_driver2/share/common-lisp/ros/livox_ros_driver2/msg/_package.lisp, /home/uhdt/ws2_livox/devel/share/common-lisp/ros/livox_ros_driver2/msg/_package.lisp)
Linked: (/home/uhdt/ws2_livox/devel/.private/livox_ros_driver2/share/common-lisp/ros/livox_ros_driver2/msg/CustomPoint.lisp, /home/uhdt/ws2_livox/devel/share/common-lisp/ros/livox_ros_driver2/msg/CustomPoint.lisp)
Linked: (/home/uhdt/ws2_livox/devel/.private/livox_ros_driver2/share/common-lisp/ros/livox_ros_driver2/msg/livox_ros_driver2-msg.asd, /home/uhdt/ws2_livox/devel/share/common-lisp/ros/livox_ros_driver2/msg/livox_ros_driver2-msg.asd)
Linked: (/home/uhdt/ws2_livox/devel/.private/livox_ros_driver2/share/gennodejs/ros/livox_ros_driver2/_index.js, /home/uhdt/ws2_livox/devel/share/gennodejs/ros/livox_ros_driver2/_index.js)
Linked: (/home/uhdt/ws2_livox/devel/.private/livox_ros_driver2/share/gennodejs/ros/livox_ros_driver2/msg/CustomMsg.js, /home/uhdt/ws2_livox/devel/share/gennodejs/ros/livox_ros_driver2/msg/CustomMsg.js)
Linked: (/home/uhdt/ws2_livox/devel/.private/livox_ros_driver2/share/gennodejs/ros/livox_ros_driver2/msg/CustomPoint.js, /home/uhdt/ws2_livox/devel/share/gennodejs/ros/livox_ros_driver2/msg/CustomPoint.js)
Linked: (/home/uhdt/ws2_livox/devel/.private/livox_ros_driver2/share/gennodejs/ros/livox_ros_driver2/msg/_index.js, /home/uhdt/ws2_livox/devel/share/gennodejs/ros/livox_ros_driver2/msg/_index.js)
Linked: (/home/uhdt/ws2_livox/devel/.private/livox_ros_driver2/share/livox_ros_driver2/cmake/livox_ros_driver2-msg-extras.cmake, /home/uhdt/ws2_livox/devel/share/livox_ros_driver2/cmake/livox_ros_driver2-msg-extras.cmake)
Linked: (/home/uhdt/ws2_livox/devel/.private/livox_ros_driver2/share/livox_ros_driver2/cmake/livox_ros_driver2Config-version.cmake, /home/uhdt/ws2_livox/devel/share/livox_ros_driver2/cmake/livox_ros_driver2Config-version.cmake)
Linked: (/home/uhdt/ws2_livox/devel/.private/livox_ros_driver2/share/livox_ros_driver2/cmake/livox_ros_driver2Config.cmake, /home/uhdt/ws2_livox/devel/share/livox_ros_driver2/cmake/livox_ros_driver2Config.cmake)
Linked: (/home/uhdt/ws2_livox/devel/.private/livox_ros_driver2/share/livox_ros_driver2/cmake/livox_ros_driver2-msg-paths.cmake, /home/uhdt/ws2_livox/devel/share/livox_ros_driver2/cmake/livox_ros_driver2-msg-paths.cmake)
Linked: (/home/uhdt/ws2_livox/devel/.private/livox_ros_driver2/share/roseus/ros/livox_ros_driver2/manifest.l, /home/uhdt/ws2_livox/devel/share/roseus/ros/livox_ros_driver2/manifest.l)
Linked: (/home/uhdt/ws2_livox/devel/.private/livox_ros_driver2/share/roseus/ros/livox_ros_driver2/msg/CustomMsg.l, /home/uhdt/ws2_livox/devel/share/roseus/ros/livox_ros_driver2/msg/CustomMsg.l)
Linked: (/home/uhdt/ws2_livox/devel/.private/livox_ros_driver2/share/roseus/ros/livox_ros_driver2/msg/CustomPoint.l, /home/uhdt/ws2_livox/devel/share/roseus/ros/livox_ros_driver2/msg/CustomPoint.l)
Linked: (/home/uhdt/ws2_livox/devel/.private/livox_ros_driver2/lib/pkgconfig/livox_ros_driver2.pc, /home/uhdt/ws2_livox/devel/lib/pkgconfig/livox_ros_driver2.pc)
Linked: (/home/uhdt/ws2_livox/devel/.private/livox_ros_driver2/lib/python3/dist-packages/livox_ros_driver2/__init__.py, /home/uhdt/ws2_livox/devel/lib/python3/dist-packages/livox_ros_driver2/__init__.py)
Linked: (/home/uhdt/ws2_livox/devel/.private/livox_ros_driver2/lib/python3/dist-packages/livox_ros_driver2/msg/_CustomPoint.py, /home/uhdt/ws2_livox/devel/lib/python3/dist-packages/livox_ros_driver2/msg/_CustomPoint.py)
Linked: (/home/uhdt/ws2_livox/devel/.private/livox_ros_driver2/lib/python3/dist-packages/livox_ros_driver2/msg/__init__.py, /home/uhdt/ws2_livox/devel/lib/python3/dist-packages/livox_ros_driver2/msg/__init__.py)
Linked: (/home/uhdt/ws2_livox/devel/.private/livox_ros_driver2/lib/python3/dist-packages/livox_ros_driver2/msg/_CustomMsg.py, /home/uhdt/ws2_livox/devel/lib/python3/dist-packages/livox_ros_driver2/msg/_CustomMsg.py)
Linked: (/home/uhdt/ws2_livox/devel/.private/livox_ros_driver2/lib/livox_ros_driver2/livox_ros_driver2_node, /home/uhdt/ws2_livox/devel/lib/livox_ros_driver2/livox_ros_driver2_node)
Linked: (/home/uhdt/ws2_livox/devel/.private/livox_ros_driver2/include/livox_ros_driver2/CustomPoint.h, /home/uhdt/ws2_livox/devel/include/livox_ros_driver2/CustomPoint.h)
Linked: (/home/uhdt/ws2_livox/devel/.private/livox_ros_driver2/include/livox_ros_driver2/CustomMsg.h, /home/uhdt/ws2_livox/devel/include/livox_ros_driver2/CustomMsg.h)
