make: Warning: File 'Makefile' has modification time 1745461353 s in the future
make[1]: Warning: File 'CMakeFiles/Makefile2' has modification time 1745461353 s in the future
make[2]: Warning: File 'CMakeFiles/std_msgs_generate_messages_cpp.dir/progress.make' has modification time 1745461353 s in the future
make[2]: Warning: File 'CMakeFiles/_livox_ros_driver2_generate_messages_check_deps_CustomPoint.dir/progress.make' has modification time 1745461353 s in the future
make[2]: Warning: File 'CMakeFiles/_livox_ros_driver2_generate_messages_check_deps_CustomMsg.dir/progress.make' has modification time 1745461353 s in the future
make[2]: warning:  Clock skew detected.  Your build may be incomplete.
make[2]: Warning: File 'CMakeFiles/_livox_ros_driver2_generate_messages_check_deps_CustomPoint.dir/progress.make' has modification time 1745461353 s in the future
make[2]: warning:  Clock skew detected.  Your build may be incomplete.
make[2]: warning:  Clock skew detected.  Your build may be incomplete.
make[2]: Warning: File 'CMakeFiles/std_msgs_generate_messages_cpp.dir/progress.make' has modification time 1745461353 s in the future
make[2]: warning:  Clock skew detected.  Your build may be incomplete.
make[2]: Warning: File 'CMakeFiles/_livox_ros_driver2_generate_messages_check_deps_CustomMsg.dir/progress.make' has modification time 1745461353 s in the future
make[2]: Warning: File 'CMakeFiles/std_msgs_generate_messages_nodejs.dir/progress.make' has modification time 1745461353 s in the future
make[2]: warning:  Clock skew detected.  Your build may be incomplete.
make[2]: Warning: File 'CMakeFiles/std_msgs_generate_messages_nodejs.dir/progress.make' has modification time 1745461353 s in the future
make[2]: warning:  Clock skew detected.  Your build may be incomplete.
make[2]: warning:  Clock skew detected.  Your build may be incomplete.
make[2]: warning:  Clock skew detected.  Your build may be incomplete.
make[2]: Warning: File 'CMakeFiles/std_msgs_generate_messages_lisp.dir/progress.make' has modification time 1745461353 s in the future
make[2]: Warning: File 'CMakeFiles/std_msgs_generate_messages_eus.dir/progress.make' has modification time 1745461353 s in the future
make[2]: warning:  Clock skew detected.  Your build may be incomplete.
make[2]: Warning: File 'CMakeFiles/std_msgs_generate_messages_py.dir/progress.make' has modification time 1745461353 s in the future
make[2]: Warning: File 'CMakeFiles/std_msgs_generate_messages_lisp.dir/progress.make' has modification time 1745461353 s in the future
make[2]: warning:  Clock skew detected.  Your build may be incomplete.
make[2]: warning:  Clock skew detected.  Your build may be incomplete.
make[2]: Warning: File 'CMakeFiles/std_msgs_generate_messages_eus.dir/progress.make' has modification time 1745461353 s in the future
make[2]: warning:  Clock skew detected.  Your build may be incomplete.
make[2]: warning:  Clock skew detected.  Your build may be incomplete.
make[2]: Warning: File 'CMakeFiles/livox_ros_driver2_generate_messages_cpp.dir/progress.make' has modification time 1745461353 s in the future
make[2]: Warning: File 'CMakeFiles/std_msgs_generate_messages_py.dir/progress.make' has modification time 1745461353 s in the future
make[2]: warning:  Clock skew detected.  Your build may be incomplete.
make[2]: Warning: File 'CMakeFiles/livox_ros_driver2_generate_messages_nodejs.dir/progress.make' has modification time 1745461353 s in the future
make[2]: Warning: File 'CMakeFiles/livox_ros_driver2_generate_messages_lisp.dir/progress.make' has modification time 1745461353 s in the future
make[2]: warning:  Clock skew detected.  Your build may be incomplete.
make[2]: Warning: File 'CMakeFiles/livox_ros_driver2_generate_messages_cpp.dir/progress.make' has modification time 1745461353 s in the future
make[2]: warning:  Clock skew detected.  Your build may be incomplete.
make[2]: warning:  Clock skew detected.  Your build may be incomplete.
make[2]: warning:  Clock skew detected.  Your build may be incomplete.
make[2]: Warning: File 'CMakeFiles/livox_ros_driver2_generate_messages_nodejs.dir/progress.make' has modification time 1745461353 s in the future
make[2]: warning:  Clock skew detected.  Your build may be incomplete.
make[2]: Warning: File 'CMakeFiles/livox_ros_driver2_generate_messages_lisp.dir/progress.make' has modification time 1745461353 s in the future
make[2]: warning:  Clock skew detected.  Your build may be incomplete.
make[2]: Warning: File 'CMakeFiles/livox_ros_driver2_generate_messages_py.dir/progress.make' has modification time 1745461353 s in the future
make[2]: Warning: File 'CMakeFiles/livox_ros_driver2_generate_messages_eus.dir/progress.make' has modification time 1745461353 s in the future
make[2]: warning:  Clock skew detected.  Your build may be incomplete.
make[2]: warning:  Clock skew detected.  Your build may be incomplete.
make[2]: Warning: File 'CMakeFiles/livox_ros_driver2_generate_messages_py.dir/progress.make' has modification time 1745461353 s in the future
make[2]: warning:  Clock skew detected.  Your build may be incomplete.
make[2]: Warning: File 'CMakeFiles/livox_ros_driver2_generate_messages_eus.dir/progress.make' has modification time 1745461353 s in the future
make[2]: warning:  Clock skew detected.  Your build may be incomplete.
make[2]: Warning: File 'CMakeFiles/livox_ros_driver2_generate_messages.dir/progress.make' has modification time 1745461353 s in the future
make[2]: Warning: File 'CMakeFiles/livox_ros_driver2_node.dir/flags.make' has modification time 1745461353 s in the future
make[2]: warning:  Clock skew detected.  Your build may be incomplete.
make[2]: Warning: File 'CMakeFiles/livox_ros_driver2_generate_messages.dir/progress.make' has modification time 1745461353 s in the future
make[2]: warning:  Clock skew detected.  Your build may be incomplete.
make[2]: warning:  Clock skew detected.  Your build may be incomplete.
make[2]: Warning: File 'CMakeFiles/livox_ros_driver2_node.dir/flags.make' has modification time 1745461353 s in the future
make[2]: warning:  Clock skew detected.  Your build may be incomplete.
make[1]: warning:  Clock skew detected.  Your build may be incomplete.
make: warning:  Clock skew detected.  Your build may be incomplete.
