make: Warning: File 'Makefile' has modification time 1745461265 s in the future
make[1]: Warning: File 'CMakeFiles/Makefile2' has modification time 1745461265 s in the future
make[2]: Warning: File 'CMakeFiles/_livox_ros_driver2_generate_messages_check_deps_CustomMsg.dir/progress.make' has modification time 1745461265 s in the future
make[2]: Warning: File 'CMakeFiles/_livox_ros_driver2_generate_messages_check_deps_CustomPoint.dir/progress.make' has modification time 1745461265 s in the future
make[2]: Warning: File 'CMakeFiles/std_msgs_generate_messages_cpp.dir/progress.make' has modification time 1745461265 s in the future
make[2]: warning:  Clock skew detected.  Your build may be incomplete.
make[2]: warning:  Clock skew detected.  Your build may be incomplete.
make[2]: Warning: File 'CMakeFiles/_livox_ros_driver2_generate_messages_check_deps_CustomMsg.dir/progress.make' has modification time 1745461265 s in the future
make[2]: Warning: File 'CMakeFiles/_livox_ros_driver2_generate_messages_check_deps_CustomPoint.dir/progress.make' has modification time 1745461265 s in the future
make[2]: warning:  Clock skew detected.  Your build may be incomplete.
make[2]: Warning: File 'CMakeFiles/std_msgs_generate_messages_cpp.dir/progress.make' has modification time 1745461265 s in the future
make[2]: warning:  Clock skew detected.  Your build may be incomplete.
[  0%] Built target std_msgs_generate_messages_cpp
make[2]: Warning: File 'CMakeFiles/std_msgs_generate_messages_nodejs.dir/progress.make' has modification time 1745461265 s in the future
make[2]: warning:  Clock skew detected.  Your build may be incomplete.
make[2]: warning:  Clock skew detected.  Your build may be incomplete.
make[2]: Warning: File 'CMakeFiles/std_msgs_generate_messages_nodejs.dir/progress.make' has modification time 1745461265 s in the future
make[2]: warning:  Clock skew detected.  Your build may be incomplete.
make[2]: warning:  Clock skew detected.  Your build may be incomplete.
[  0%] Built target std_msgs_generate_messages_nodejs
make[2]: Warning: File 'CMakeFiles/std_msgs_generate_messages_lisp.dir/progress.make' has modification time 1745461265 s in the future
[  0%] Built target _livox_ros_driver2_generate_messages_check_deps_CustomPoint
[  0%] Built target _livox_ros_driver2_generate_messages_check_deps_CustomMsg
make[2]: Warning: File 'CMakeFiles/std_msgs_generate_messages_eus.dir/progress.make' has modification time 1745461265 s in the future
make[2]: warning:  Clock skew detected.  Your build may be incomplete.
make[2]: Warning: File 'CMakeFiles/std_msgs_generate_messages_py.dir/progress.make' has modification time 1745461265 s in the future
make[2]: Warning: File 'CMakeFiles/std_msgs_generate_messages_lisp.dir/progress.make' has modification time 1745461265 s in the future
make[2]: warning:  Clock skew detected.  Your build may be incomplete.
make[2]: warning:  Clock skew detected.  Your build may be incomplete.
make[2]: warning:  Clock skew detected.  Your build may be incomplete.
make[2]: Warning: File 'CMakeFiles/std_msgs_generate_messages_py.dir/progress.make' has modification time 1745461265 s in the future
make[2]: warning:  Clock skew detected.  Your build may be incomplete.
make[2]: Warning: File 'CMakeFiles/std_msgs_generate_messages_eus.dir/progress.make' has modification time 1745461265 s in the future
make[2]: warning:  Clock skew detected.  Your build may be incomplete.
[  0%] Built target std_msgs_generate_messages_lisp
make[2]: Warning: File 'CMakeFiles/livox_ros_driver2_generate_messages_cpp.dir/progress.make' has modification time 1745461265 s in the future
[  0%] Built target std_msgs_generate_messages_py
make[2]: warning:  Clock skew detected.  Your build may be incomplete.
make[2]: Warning: File 'CMakeFiles/livox_ros_driver2_generate_messages_nodejs.dir/progress.make' has modification time 1745461265 s in the future
make[2]: Warning: File 'CMakeFiles/livox_ros_driver2_generate_messages_cpp.dir/progress.make' has modification time 1745461265 s in the future
make[2]: warning:  Clock skew detected.  Your build may be incomplete.
[  0%] Built target std_msgs_generate_messages_eus
make[2]: Warning: File 'CMakeFiles/livox_ros_driver2_generate_messages_lisp.dir/progress.make' has modification time 1745461265 s in the future
[  7%] Built target livox_ros_driver2_generate_messages_cpp
make[2]: warning:  Clock skew detected.  Your build may be incomplete.
make[2]: Warning: File 'CMakeFiles/livox_ros_driver2_generate_messages_eus.dir/progress.make' has modification time 1745461265 s in the future
make[2]: Warning: File 'CMakeFiles/livox_ros_driver2_generate_messages_nodejs.dir/progress.make' has modification time 1745461265 s in the future
make[2]: warning:  Clock skew detected.  Your build may be incomplete.
make[2]: warning:  Clock skew detected.  Your build may be incomplete.
make[2]: Warning: File 'CMakeFiles/livox_ros_driver2_generate_messages_lisp.dir/progress.make' has modification time 1745461265 s in the future
make[2]: warning:  Clock skew detected.  Your build may be incomplete.
make[2]: warning:  Clock skew detected.  Your build may be incomplete.
make[2]: Warning: File 'CMakeFiles/livox_ros_driver2_generate_messages_eus.dir/progress.make' has modification time 1745461265 s in the future
make[2]: warning:  Clock skew detected.  Your build may be incomplete.
[ 14%] Built target livox_ros_driver2_generate_messages_nodejs
make[2]: Warning: File 'CMakeFiles/livox_ros_driver2_generate_messages_py.dir/progress.make' has modification time 1745461265 s in the future
[ 21%] Built target livox_ros_driver2_generate_messages_lisp
[ 32%] Built target livox_ros_driver2_generate_messages_eus
make[2]: Warning: File 'CMakeFiles/livox_ros_driver2_node.dir/flags.make' has modification time 1745461265 s in the future
make[2]: warning:  Clock skew detected.  Your build may be incomplete.
make[2]: Warning: File 'CMakeFiles/livox_ros_driver2_generate_messages_py.dir/progress.make' has modification time 1745461265 s in the future
make[2]: warning:  Clock skew detected.  Your build may be incomplete.
make[2]: warning:  Clock skew detected.  Your build may be incomplete.
[ 42%] Built target livox_ros_driver2_generate_messages_py
make[2]: Warning: File 'CMakeFiles/livox_ros_driver2_generate_messages.dir/progress.make' has modification time 1745461265 s in the future
make[2]: Warning: File 'CMakeFiles/livox_ros_driver2_node.dir/flags.make' has modification time 1745461265 s in the future
make[2]: warning:  Clock skew detected.  Your build may be incomplete.
make[2]: warning:  Clock skew detected.  Your build may be incomplete.
make[2]: Warning: File 'CMakeFiles/livox_ros_driver2_generate_messages.dir/progress.make' has modification time 1745461265 s in the future
make[2]: warning:  Clock skew detected.  Your build may be incomplete.
[100%] Built target livox_ros_driver2_node
[100%] Built target livox_ros_driver2_generate_messages
make[1]: warning:  Clock skew detected.  Your build may be incomplete.
make: warning:  Clock skew detected.  Your build may be incomplete.
