make: Warning: File 'Makefile' has modification time 1745459866 s in the future
make[1]: Warning: File 'CMakeFiles/Makefile2' has modification time 1745459866 s in the future
make[2]: Warning: File 'CMakeFiles/_mavros_msgs_generate_messages_check_deps_ESCInfoItem.dir/progress.make' has modification time 1745459866 s in the future
make[2]: Warning: File 'CMakeFiles/_mavros_msgs_generate_messages_check_deps_WaypointPush.dir/progress.make' has modification time 1745459866 s in the future
make[2]: warning:  Clock skew detected.  Your build may be incomplete.
make[2]: warning:  Clock skew detected.  Your build may be incomplete.
make[2]: Warning: File 'CMakeFiles/_mavros_msgs_generate_messages_check_deps_ESCInfoItem.dir/progress.make' has modification time 1745459865 s in the future
make[2]: Warning: File 'CMakeFiles/_mavros_msgs_generate_messages_check_deps_WaypointPush.dir/progress.make' has modification time 1745459865 s in the future
make[2]: warning:  Clock skew detected.  Your build may be incomplete.
make[2]: warning:  Clock skew detected.  Your build may be incomplete.
[  0%] Built target _mavros_msgs_generate_messages_check_deps_WaypointPush
[  0%] Built target _mavros_msgs_generate_messages_check_deps_ESCInfoItem
make[2]: Warning: File 'CMakeFiles/_mavros_msgs_generate_messages_check_deps_WaypointPull.dir/progress.make' has modification time 1745459865 s in the future
make[2]: Warning: File 'CMakeFiles/_mavros_msgs_generate_messages_check_deps_WaypointClear.dir/progress.make' has modification time 1745459865 s in the future
make[2]: warning:  Clock skew detected.  Your build may be incomplete.
make[2]: Warning: File 'CMakeFiles/_mavros_msgs_generate_messages_check_deps_WaypointPull.dir/progress.make' has modification time 1745459865 s in the future
make[2]: warning:  Clock skew detected.  Your build may be incomplete.
make[2]: Warning: File 'CMakeFiles/_mavros_msgs_generate_messages_check_deps_WaypointClear.dir/progress.make' has modification time 1745459865 s in the future
make[2]: warning:  Clock skew detected.  Your build may be incomplete.
[  0%] Built target _mavros_msgs_generate_messages_check_deps_WaypointPull
make[2]: Warning: File 'CMakeFiles/_mavros_msgs_generate_messages_check_deps_VehicleInfoGet.dir/progress.make' has modification time 1745459865 s in the future
make[2]: Warning: File 'CMakeFiles/_mavros_msgs_generate_messages_check_deps_StreamRate.dir/progress.make' has modification time 1745459865 s in the future
make[2]: warning:  Clock skew detected.  Your build may be incomplete.
make[2]: warning:  Clock skew detected.  Your build may be incomplete.
make[2]: warning:  Clock skew detected.  Your build may be incomplete.
make[2]: Warning: File 'CMakeFiles/_mavros_msgs_generate_messages_check_deps_VehicleInfoGet.dir/progress.make' has modification time 1745459865 s in the future
[  0%] Built target _mavros_msgs_generate_messages_check_deps_WaypointClear
make[2]: Warning: File 'CMakeFiles/_mavros_msgs_generate_messages_check_deps_StreamRate.dir/progress.make' has modification time 1745459865 s in the future
make[2]: Warning: File 'CMakeFiles/_mavros_msgs_generate_messages_check_deps_GlobalPositionTarget.dir/progress.make' has modification time 1745459865 s in the future
make[2]: warning:  Clock skew detected.  Your build may be incomplete.
make[2]: Warning: File 'CMakeFiles/_mavros_msgs_generate_messages_check_deps_GlobalPositionTarget.dir/progress.make' has modification time 1745459865 s in the future
make[2]: warning:  Clock skew detected.  Your build may be incomplete.
make[2]: warning:  Clock skew detected.  Your build may be incomplete.
[  0%] Built target _mavros_msgs_generate_messages_check_deps_StreamRate
make[2]: warning:  Clock skew detected.  Your build may be incomplete.
make[2]: Warning: File 'CMakeFiles/_mavros_msgs_generate_messages_check_deps_MessageInterval.dir/progress.make' has modification time 1745459865 s in the future
[  0%] Built target _mavros_msgs_generate_messages_check_deps_VehicleInfoGet
[  0%] Built target _mavros_msgs_generate_messages_check_deps_GlobalPositionTarget
make[2]: warning:  Clock skew detected.  Your build may be incomplete.
make[2]: Warning: File 'CMakeFiles/_mavros_msgs_generate_messages_check_deps_ExtendedState.dir/progress.make' has modification time 1745459865 s in the future
make[2]: Warning: File 'CMakeFiles/_mavros_msgs_generate_messages_check_deps_MessageInterval.dir/progress.make' has modification time 1745459865 s in the future
make[2]: warning:  Clock skew detected.  Your build may be incomplete.
make[2]: Warning: File 'CMakeFiles/_mavros_msgs_generate_messages_check_deps_ExtendedState.dir/progress.make' has modification time 1745459865 s in the future
make[2]: warning:  Clock skew detected.  Your build may be incomplete.
[  0%] Built target _mavros_msgs_generate_messages_check_deps_MessageInterval
make[2]: Warning: File 'CMakeFiles/_mavros_msgs_generate_messages_check_deps_HilControls.dir/progress.make' has modification time 1745459865 s in the future
make[2]: warning:  Clock skew detected.  Your build may be incomplete.
make[2]: Warning: File 'CMakeFiles/_mavros_msgs_generate_messages_check_deps_HilControls.dir/progress.make' has modification time 1745459865 s in the future
make[2]: warning:  Clock skew detected.  Your build may be incomplete.
[  0%] Built target _mavros_msgs_generate_messages_check_deps_ExtendedState
make[2]: Warning: File 'CMakeFiles/_mavros_msgs_generate_messages_check_deps_FileOpen.dir/progress.make' has modification time 1745459865 s in the future
make[2]: warning:  Clock skew detected.  Your build may be incomplete.
make[2]: Warning: File 'CMakeFiles/_mavros_msgs_generate_messages_check_deps_FileOpen.dir/progress.make' has modification time 1745459865 s in the future
make[2]: Warning: File 'CMakeFiles/_mavros_msgs_generate_messages_check_deps_CompanionProcessStatus.dir/progress.make' has modification time 1745459865 s in the future
make[2]: Warning: File 'CMakeFiles/_mavros_msgs_generate_messages_check_deps_FileRemove.dir/progress.make' has modification time 1745459865 s in the future
make[2]: warning:  Clock skew detected.  Your build may be incomplete.
[  0%] Built target _mavros_msgs_generate_messages_check_deps_HilControls
make[2]: Warning: File 'CMakeFiles/_mavros_msgs_generate_messages_check_deps_GPSINPUT.dir/progress.make' has modification time 1745459864 s in the future
make[2]: warning:  Clock skew detected.  Your build may be incomplete.
make[2]: warning:  Clock skew detected.  Your build may be incomplete.
make[2]: warning:  Clock skew detected.  Your build may be incomplete.
make[2]: Warning: File 'CMakeFiles/_mavros_msgs_generate_messages_check_deps_FileRemove.dir/progress.make' has modification time 1745459864 s in the future
make[2]: Warning: File 'CMakeFiles/_mavros_msgs_generate_messages_check_deps_CompanionProcessStatus.dir/progress.make' has modification time 1745459864 s in the future
[  0%] Built target _mavros_msgs_generate_messages_check_deps_FileOpen
make[2]: warning:  Clock skew detected.  Your build may be incomplete.
make[2]: Warning: File 'CMakeFiles/_mavros_msgs_generate_messages_check_deps_CommandCode.dir/progress.make' has modification time 1745459864 s in the future
make[2]: Warning: File 'CMakeFiles/_mavros_msgs_generate_messages_check_deps_GPSINPUT.dir/progress.make' has modification time 1745459864 s in the future
make[2]: warning:  Clock skew detected.  Your build may be incomplete.
make[2]: Warning: File 'CMakeFiles/_mavros_msgs_generate_messages_check_deps_CommandCode.dir/progress.make' has modification time 1745459864 s in the future
make[2]: warning:  Clock skew detected.  Your build may be incomplete.
make[2]: warning:  Clock skew detected.  Your build may be incomplete.
[  0%] Built target _mavros_msgs_generate_messages_check_deps_FileRemove
[  0%] Built target _mavros_msgs_generate_messages_check_deps_CompanionProcessStatus
make[2]: Warning: File 'CMakeFiles/_mavros_msgs_generate_messages_check_deps_ActuatorControl.dir/progress.make' has modification time 1745459864 s in the future
make[2]: Warning: File 'CMakeFiles/_mavros_msgs_generate_messages_check_deps_FileRename.dir/progress.make' has modification time 1745459864 s in the future
make[2]: warning:  Clock skew detected.  Your build may be incomplete.
make[2]: warning:  Clock skew detected.  Your build may be incomplete.
make[2]: Warning: File 'CMakeFiles/_mavros_msgs_generate_messages_check_deps_FileRename.dir/progress.make' has modification time 1745459864 s in the future
make[2]: Warning: File 'CMakeFiles/_mavros_msgs_generate_messages_check_deps_ActuatorControl.dir/progress.make' has modification time 1745459864 s in the future
make[2]: warning:  Clock skew detected.  Your build may be incomplete.
[  0%] Built target _mavros_msgs_generate_messages_check_deps_CommandCode
make[2]: Warning: File 'CMakeFiles/_mavros_msgs_generate_messages_check_deps_ADSBVehicle.dir/progress.make' has modification time 1745459864 s in the future
make[2]: warning:  Clock skew detected.  Your build may be incomplete.
make[2]: warning:  Clock skew detected.  Your build may be incomplete.
make[2]: Warning: File 'CMakeFiles/_mavros_msgs_generate_messages_check_deps_ADSBVehicle.dir/progress.make' has modification time 1745459864 s in the future
[  0%] Built target _mavros_msgs_generate_messages_check_deps_GPSINPUT
make[2]: warning:  Clock skew detected.  Your build may be incomplete.
make[2]: Warning: File 'CMakeFiles/_mavros_msgs_generate_messages_check_deps_Param.dir/progress.make' has modification time 1745459864 s in the future
make[2]: warning:  Clock skew detected.  Your build may be incomplete.
[  0%] Built target _mavros_msgs_generate_messages_check_deps_FileRename
make[2]: Warning: File 'CMakeFiles/_mavros_msgs_generate_messages_check_deps_LogRequestList.dir/progress.make' has modification time 1745459864 s in the future
[  0%] Built target _mavros_msgs_generate_messages_check_deps_ActuatorControl
make[2]: warning:  Clock skew detected.  Your build may be incomplete.
make[2]: Warning: File 'CMakeFiles/_mavros_msgs_generate_messages_check_deps_LogRequestList.dir/progress.make' has modification time 1745459864 s in the future
make[2]: warning:  Clock skew detected.  Your build may be incomplete.
make[2]: Warning: File 'CMakeFiles/_mavros_msgs_generate_messages_check_deps_Param.dir/progress.make' has modification time 1745459864 s in the future
make[2]: warning:  Clock skew detected.  Your build may be incomplete.
[  0%] Built target _mavros_msgs_generate_messages_check_deps_ADSBVehicle
make[2]: Warning: File 'CMakeFiles/_mavros_msgs_generate_messages_check_deps_CamIMUStamp.dir/progress.make' has modification time 1745459864 s in the future
make[2]: Warning: File 'CMakeFiles/_mavros_msgs_generate_messages_check_deps_CommandHome.dir/progress.make' has modification time 1745459864 s in the future
make[2]: warning:  Clock skew detected.  Your build may be incomplete.
make[2]: Warning: File 'CMakeFiles/_mavros_msgs_generate_messages_check_deps_CamIMUStamp.dir/progress.make' has modification time 1745459864 s in the future
make[2]: warning:  Clock skew detected.  Your build may be incomplete.
make[2]: Warning: File 'CMakeFiles/_mavros_msgs_generate_messages_check_deps_CommandHome.dir/progress.make' has modification time 1745459864 s in the future
make[2]: warning:  Clock skew detected.  Your build may be incomplete.
make[2]: warning:  Clock skew detected.  Your build may be incomplete.
make[2]: Warning: File 'CMakeFiles/_mavros_msgs_generate_messages_check_deps_FileEntry.dir/progress.make' has modification time 1745459864 s in the future
make[2]: warning:  Clock skew detected.  Your build may be incomplete.
make[2]: warning:  Clock skew detected.  Your build may be incomplete.
[  0%] Built target _mavros_msgs_generate_messages_check_deps_LogRequestList
[  0%] Built target _mavros_msgs_generate_messages_check_deps_CamIMUStamp
[  0%] Built target _mavros_msgs_generate_messages_check_deps_Param
[  0%] Built target _mavros_msgs_generate_messages_check_deps_CommandHome
make[2]: warning:  Clock skew detected.  Your build may be incomplete.
make[2]: Warning: File 'CMakeFiles/sensor_msgs_generate_messages_py.dir/progress.make' has modification time 1745459864 s in the future
make[2]: Warning: File 'CMakeFiles/_mavros_msgs_generate_messages_check_deps_FileEntry.dir/progress.make' has modification time 1745459864 s in the future
make[2]: Warning: File 'CMakeFiles/_mavros_msgs_generate_messages_check_deps_TimesyncStatus.dir/progress.make' has modification time 1745459864 s in the future
make[2]: Warning: File 'CMakeFiles/_mavros_msgs_generate_messages_check_deps_EstimatorStatus.dir/progress.make' has modification time 1745459864 s in the future
make[2]: warning:  Clock skew detected.  Your build may be incomplete.
make[2]: warning:  Clock skew detected.  Your build may be incomplete.
make[2]: Warning: File 'CMakeFiles/sensor_msgs_generate_messages_py.dir/progress.make' has modification time 1745459864 s in the future
make[2]: warning:  Clock skew detected.  Your build may be incomplete.
make[2]: Warning: File 'CMakeFiles/_mavros_msgs_generate_messages_check_deps_TimesyncStatus.dir/progress.make' has modification time 1745459864 s in the future
[  0%] Built target sensor_msgs_generate_messages_py
make[2]: Warning: File 'CMakeFiles/geometry_msgs_generate_messages_py.dir/progress.make' has modification time 1745459864 s in the future
make[2]: warning:  Clock skew detected.  Your build may be incomplete.
make[2]: Warning: File 'CMakeFiles/_mavros_msgs_generate_messages_check_deps_EstimatorStatus.dir/progress.make' has modification time 1745459864 s in the future
make[2]: warning:  Clock skew detected.  Your build may be incomplete.
make[2]: Warning: File 'CMakeFiles/geometry_msgs_generate_messages_py.dir/progress.make' has modification time 1745459864 s in the future
make[2]: warning:  Clock skew detected.  Your build may be incomplete.
make[2]: warning:  Clock skew detected.  Your build may be incomplete.
[  0%] Built target geometry_msgs_generate_messages_py
make[2]: warning:  Clock skew detected.  Your build may be incomplete.
[  0%] Built target _mavros_msgs_generate_messages_check_deps_TimesyncStatus
make[2]: Warning: File 'CMakeFiles/_mavros_msgs_generate_messages_check_deps_Thrust.dir/progress.make' has modification time 1745459864 s in the future
make[2]: Warning: File 'CMakeFiles/_mavros_msgs_generate_messages_check_deps_LogRequestData.dir/progress.make' has modification time 1745459864 s in the future
[  0%] Built target _mavros_msgs_generate_messages_check_deps_FileEntry
make[2]: Warning: File 'CMakeFiles/_mavros_msgs_generate_messages_check_deps_GPSRTK.dir/progress.make' has modification time 1745459864 s in the future
make[2]: warning:  Clock skew detected.  Your build may be incomplete.
make[2]: warning:  Clock skew detected.  Your build may be incomplete.
make[2]: Warning: File 'CMakeFiles/_mavros_msgs_generate_messages_check_deps_Thrust.dir/progress.make' has modification time 1745459864 s in the future
make[2]: warning:  Clock skew detected.  Your build may be incomplete.
make[2]: Warning: File 'CMakeFiles/_mavros_msgs_generate_messages_check_deps_GPSRTK.dir/progress.make' has modification time 1745459864 s in the future
make[2]: warning:  Clock skew detected.  Your build may be incomplete.
[  0%] Built target _mavros_msgs_generate_messages_check_deps_EstimatorStatus
make[2]: Warning: File 'CMakeFiles/_mavros_msgs_generate_messages_check_deps_LogRequestData.dir/progress.make' has modification time 1745459864 s in the future
make[2]: Warning: File 'CMakeFiles/_mavros_msgs_generate_messages_check_deps_CellularStatus.dir/progress.make' has modification time 1745459864 s in the future
make[2]: warning:  Clock skew detected.  Your build may be incomplete.
make[2]: Warning: File 'CMakeFiles/_mavros_msgs_generate_messages_check_deps_CellularStatus.dir/progress.make' has modification time 1745459864 s in the future
make[2]: warning:  Clock skew detected.  Your build may be incomplete.
make[2]: warning:  Clock skew detected.  Your build may be incomplete.
make[2]: warning:  Clock skew detected.  Your build may be incomplete.
[  0%] Built target _mavros_msgs_generate_messages_check_deps_GPSRTK
[  0%] Built target _mavros_msgs_generate_messages_check_deps_Thrust
make[2]: Warning: File 'CMakeFiles/_mavros_msgs_generate_messages_check_deps_ESCTelemetryItem.dir/progress.make' has modification time 1745459863 s in the future
[  0%] Built target _mavros_msgs_generate_messages_check_deps_LogRequestData
make[2]: Warning: File 'CMakeFiles/_mavros_msgs_generate_messages_check_deps_OnboardComputerStatus.dir/progress.make' has modification time 1745459863 s in the future
make[2]: Warning: File 'CMakeFiles/_mavros_msgs_generate_messages_check_deps_CameraImageCaptured.dir/progress.make' has modification time 1745459863 s in the future
make[2]: warning:  Clock skew detected.  Your build may be incomplete.
make[2]: Warning: File 'CMakeFiles/_mavros_msgs_generate_messages_check_deps_CameraImageCaptured.dir/progress.make' has modification time 1745459863 s in the future
make[2]: warning:  Clock skew detected.  Your build may be incomplete.
make[2]: warning:  Clock skew detected.  Your build may be incomplete.
make[2]: warning:  Clock skew detected.  Your build may be incomplete.
make[2]: Warning: File 'CMakeFiles/_mavros_msgs_generate_messages_check_deps_ESCTelemetryItem.dir/progress.make' has modification time 1745459863 s in the future
[  0%] Built target _mavros_msgs_generate_messages_check_deps_CellularStatus
make[2]: Warning: File 'CMakeFiles/_mavros_msgs_generate_messages_check_deps_OnboardComputerStatus.dir/progress.make' has modification time 1745459863 s in the future
make[2]: Warning: File 'CMakeFiles/_mavros_msgs_generate_messages_check_deps_Altitude.dir/progress.make' has modification time 1745459863 s in the future
make[2]: warning:  Clock skew detected.  Your build may be incomplete.
make[2]: Warning: File 'CMakeFiles/_mavros_msgs_generate_messages_check_deps_Altitude.dir/progress.make' has modification time 1745459863 s in the future
make[2]: warning:  Clock skew detected.  Your build may be incomplete.
[  0%] Built target _mavros_msgs_generate_messages_check_deps_CameraImageCaptured
make[2]: Warning: File 'CMakeFiles/_mavros_msgs_generate_messages_check_deps_RTCM.dir/progress.make' has modification time 1745459863 s in the future
make[2]: warning:  Clock skew detected.  Your build may be incomplete.
make[2]: warning:  Clock skew detected.  Your build may be incomplete.
make[2]: Warning: File 'CMakeFiles/_mavros_msgs_generate_messages_check_deps_RTCM.dir/progress.make' has modification time 1745459863 s in the future
make[2]: warning:  Clock skew detected.  Your build may be incomplete.
make[2]: warning:  Clock skew detected.  Your build may be incomplete.
[  0%] Built target _mavros_msgs_generate_messages_check_deps_ESCTelemetryItem
make[2]: Warning: File 'CMakeFiles/_mavros_msgs_generate_messages_check_deps_VFR_HUD.dir/progress.make' has modification time 1745459863 s in the future
[  0%] Built target _mavros_msgs_generate_messages_check_deps_OnboardComputerStatus
make[2]: warning:  Clock skew detected.  Your build may be incomplete.
make[2]: Warning: File 'CMakeFiles/_mavros_msgs_generate_messages_check_deps_VFR_HUD.dir/progress.make' has modification time 1745459863 s in the future
make[2]: Warning: File 'CMakeFiles/_mavros_msgs_generate_messages_check_deps_CommandInt.dir/progress.make' has modification time 1745459863 s in the future
[  0%] Built target _mavros_msgs_generate_messages_check_deps_Altitude
make[2]: Warning: File 'CMakeFiles/_mavros_msgs_generate_messages_check_deps_ESCTelemetry.dir/progress.make' has modification time 1745459863 s in the future
make[2]: warning:  Clock skew detected.  Your build may be incomplete.
make[2]: warning:  Clock skew detected.  Your build may be incomplete.
make[2]: Warning: File 'CMakeFiles/_mavros_msgs_generate_messages_check_deps_CommandInt.dir/progress.make' has modification time 1745459863 s in the future
make[2]: Warning: File 'CMakeFiles/_mavros_msgs_generate_messages_check_deps_ESCTelemetry.dir/progress.make' has modification time 1745459863 s in the future
make[2]: warning:  Clock skew detected.  Your build may be incomplete.
[  0%] Built target _mavros_msgs_generate_messages_check_deps_RTCM
make[2]: Warning: File 'CMakeFiles/_mavros_msgs_generate_messages_check_deps_HilGPS.dir/progress.make' has modification time 1745459863 s in the future
make[2]: warning:  Clock skew detected.  Your build may be incomplete.
make[2]: warning:  Clock skew detected.  Your build may be incomplete.
make[2]: Warning: File 'CMakeFiles/_mavros_msgs_generate_messages_check_deps_HilGPS.dir/progress.make' has modification time 1745459863 s in the future
[  0%] Built target _mavros_msgs_generate_messages_check_deps_VFR_HUD
make[2]: warning:  Clock skew detected.  Your build may be incomplete.
make[2]: Warning: File 'CMakeFiles/_mavros_msgs_generate_messages_check_deps_LandingTarget.dir/progress.make' has modification time 1745459863 s in the future
make[2]: warning:  Clock skew detected.  Your build may be incomplete.
[  0%] Built target _mavros_msgs_generate_messages_check_deps_ESCTelemetry
make[2]: Warning: File 'CMakeFiles/_mavros_msgs_generate_messages_check_deps_HilActuatorControls.dir/progress.make' has modification time 1745459863 s in the future
make[2]: warning:  Clock skew detected.  Your build may be incomplete.
make[2]: Warning: File 'CMakeFiles/_mavros_msgs_generate_messages_check_deps_LandingTarget.dir/progress.make' has modification time 1745459863 s in the future
[  0%] Built target _mavros_msgs_generate_messages_check_deps_CommandInt
make[2]: Warning: File 'CMakeFiles/_mavros_msgs_generate_messages_check_deps_AttitudeTarget.dir/progress.make' has modification time 1745459863 s in the future
make[2]: warning:  Clock skew detected.  Your build may be incomplete.
make[2]: Warning: File 'CMakeFiles/_mavros_msgs_generate_messages_check_deps_HilActuatorControls.dir/progress.make' has modification time 1745459863 s in the future
make[2]: warning:  Clock skew detected.  Your build may be incomplete.
make[2]: warning:  Clock skew detected.  Your build may be incomplete.
make[2]: Warning: File 'CMakeFiles/_mavros_msgs_generate_messages_check_deps_AttitudeTarget.dir/progress.make' has modification time 1745459863 s in the future
[  0%] Built target _mavros_msgs_generate_messages_check_deps_HilGPS
make[2]: Warning: File 'CMakeFiles/_mavros_msgs_generate_messages_check_deps_FileWrite.dir/progress.make' has modification time 1745459863 s in the future
make[2]: warning:  Clock skew detected.  Your build may be incomplete.
make[2]: warning:  Clock skew detected.  Your build may be incomplete.
make[2]: warning:  Clock skew detected.  Your build may be incomplete.
make[2]: Warning: File 'CMakeFiles/_mavros_msgs_generate_messages_check_deps_FileWrite.dir/progress.make' has modification time 1745459863 s in the future
[  0%] Built target _mavros_msgs_generate_messages_check_deps_LandingTarget
[  0%] Built target _mavros_msgs_generate_messages_check_deps_HilActuatorControls
make[2]: Warning: File 'CMakeFiles/_mavros_msgs_generate_messages_check_deps_HilSensor.dir/progress.make' has modification time 1745459863 s in the future
make[2]: Warning: File 'CMakeFiles/_mavros_msgs_generate_messages_check_deps_State.dir/progress.make' has modification time 1745459863 s in the future
make[2]: warning:  Clock skew detected.  Your build may be incomplete.
make[2]: Warning: File 'CMakeFiles/_mavros_msgs_generate_messages_check_deps_HilSensor.dir/progress.make' has modification time 1745459863 s in the future
make[2]: warning:  Clock skew detected.  Your build may be incomplete.
make[2]: warning:  Clock skew detected.  Your build may be incomplete.
make[2]: Warning: File 'CMakeFiles/_mavros_msgs_generate_messages_check_deps_State.dir/progress.make' has modification time 1745459863 s in the future
[  0%] Built target _mavros_msgs_generate_messages_check_deps_AttitudeTarget
make[2]: warning:  Clock skew detected.  Your build may be incomplete.
make[2]: Warning: File 'CMakeFiles/_mavros_msgs_generate_messages_check_deps_HilStateQuaternion.dir/progress.make' has modification time 1745459863 s in the future
[  0%] Built target _mavros_msgs_generate_messages_check_deps_FileWrite
make[2]: Warning: File 'CMakeFiles/_mavros_msgs_generate_messages_check_deps_MagnetometerReporter.dir/progress.make' has modification time 1745459863 s in the future
make[2]: warning:  Clock skew detected.  Your build may be incomplete.
make[2]: warning:  Clock skew detected.  Your build may be incomplete.
make[2]: warning:  Clock skew detected.  Your build may be incomplete.
make[2]: Warning: File 'CMakeFiles/_mavros_msgs_generate_messages_check_deps_HilStateQuaternion.dir/progress.make' has modification time 1745459863 s in the future
[  0%] Built target _mavros_msgs_generate_messages_check_deps_State
make[2]: Warning: File 'CMakeFiles/_mavros_msgs_generate_messages_check_deps_MagnetometerReporter.dir/progress.make' has modification time 1745459862 s in the future
make[2]: Warning: File 'CMakeFiles/_mavros_msgs_generate_messages_check_deps_HomePosition.dir/progress.make' has modification time 1745459862 s in the future
make[2]: warning:  Clock skew detected.  Your build may be incomplete.
make[2]: Warning: File 'CMakeFiles/_mavros_msgs_generate_messages_check_deps_HomePosition.dir/progress.make' has modification time 1745459862 s in the future
make[2]: warning:  Clock skew detected.  Your build may be incomplete.
make[2]: warning:  Clock skew detected.  Your build may be incomplete.
[  0%] Built target _mavros_msgs_generate_messages_check_deps_HilSensor
make[2]: warning:  Clock skew detected.  Your build may be incomplete.
make[2]: Warning: File 'CMakeFiles/_mavros_msgs_generate_messages_check_deps_LogData.dir/progress.make' has modification time 1745459862 s in the future
[  0%] Built target _mavros_msgs_generate_messages_check_deps_MagnetometerReporter
[  0%] Built target _mavros_msgs_generate_messages_check_deps_HilStateQuaternion
make[2]: Warning: File 'CMakeFiles/std_msgs_generate_messages_py.dir/progress.make' has modification time 1745459862 s in the future
make[2]: warning:  Clock skew detected.  Your build may be incomplete.
make[2]: warning:  Clock skew detected.  Your build may be incomplete.
make[2]: Warning: File 'CMakeFiles/_mavros_msgs_generate_messages_check_deps_PlayTuneV2.dir/progress.make' has modification time 1745459862 s in the future
make[2]: Warning: File 'CMakeFiles/_mavros_msgs_generate_messages_check_deps_LogData.dir/progress.make' has modification time 1745459862 s in the future
make[2]: warning:  Clock skew detected.  Your build may be incomplete.
make[2]: warning:  Clock skew detected.  Your build may be incomplete.
make[2]: Warning: File 'CMakeFiles/std_msgs_generate_messages_py.dir/progress.make' has modification time 1745459862 s in the future
make[2]: warning:  Clock skew detected.  Your build may be incomplete.
make[2]: Warning: File 'CMakeFiles/_mavros_msgs_generate_messages_check_deps_PlayTuneV2.dir/progress.make' has modification time 1745459862 s in the future
[  0%] Built target _mavros_msgs_generate_messages_check_deps_HomePosition
make[2]: Warning: File 'CMakeFiles/_mavros_msgs_generate_messages_check_deps_CommandTOL.dir/progress.make' has modification time 1745459862 s in the future
[  0%] Built target std_msgs_generate_messages_py
make[2]: warning:  Clock skew detected.  Your build may be incomplete.
make[2]: Warning: File 'CMakeFiles/_mavros_msgs_generate_messages_check_deps_LogEntry.dir/progress.make' has modification time 1745459862 s in the future
make[2]: Warning: File 'CMakeFiles/_mavros_msgs_generate_messages_check_deps_CommandTOL.dir/progress.make' has modification time 1745459862 s in the future
make[2]: warning:  Clock skew detected.  Your build may be incomplete.
[  0%] Built target _mavros_msgs_generate_messages_check_deps_LogData
make[2]: Warning: File 'CMakeFiles/geographic_msgs_generate_messages_py.dir/progress.make' has modification time 1745459862 s in the future
make[2]: warning:  Clock skew detected.  Your build may be incomplete.
make[2]: Warning: File 'CMakeFiles/_mavros_msgs_generate_messages_check_deps_LogEntry.dir/progress.make' has modification time 1745459862 s in the future
make[2]: warning:  Clock skew detected.  Your build may be incomplete.
make[2]: warning:  Clock skew detected.  Your build may be incomplete.
make[2]: Warning: File 'CMakeFiles/geographic_msgs_generate_messages_py.dir/progress.make' has modification time 1745459862 s in the future
make[2]: warning:  Clock skew detected.  Your build may be incomplete.
[  0%] Built target _mavros_msgs_generate_messages_check_deps_PlayTuneV2
make[2]: Warning: File 'CMakeFiles/_mavros_msgs_generate_messages_check_deps_OverrideRCIn.dir/progress.make' has modification time 1745459862 s in the future
[  0%] Built target geographic_msgs_generate_messages_py
make[2]: Warning: File 'CMakeFiles/_mavros_msgs_generate_messages_check_deps_ManualControl.dir/progress.make' has modification time 1745459862 s in the future
make[2]: warning:  Clock skew detected.  Your build may be incomplete.
make[2]: warning:  Clock skew detected.  Your build may be incomplete.
make[2]: Warning: File 'CMakeFiles/_mavros_msgs_generate_messages_check_deps_OverrideRCIn.dir/progress.make' has modification time 1745459862 s in the future
make[2]: warning:  Clock skew detected.  Your build may be incomplete.
make[2]: warning:  Clock skew detected.  Your build may be incomplete.
[  0%] Built target _mavros_msgs_generate_messages_check_deps_CommandTOL
make[2]: Warning: File 'CMakeFiles/_mavros_msgs_generate_messages_check_deps_ManualControl.dir/progress.make' has modification time 1745459862 s in the future
make[2]: Warning: File 'CMakeFiles/_mavros_msgs_generate_messages_check_deps_Waypoint.dir/progress.make' has modification time 1745459862 s in the future
[  0%] Built target _mavros_msgs_generate_messages_check_deps_LogEntry
make[2]: warning:  Clock skew detected.  Your build may be incomplete.
make[2]: Warning: File 'CMakeFiles/_mavros_msgs_generate_messages_check_deps_Waypoint.dir/progress.make' has modification time 1745459862 s in the future
make[2]: Warning: File 'CMakeFiles/_mavros_msgs_generate_messages_check_deps_Mavlink.dir/progress.make' has modification time 1745459862 s in the future
make[2]: warning:  Clock skew detected.  Your build may be incomplete.
make[2]: Warning: File 'CMakeFiles/_mavros_msgs_generate_messages_check_deps_Mavlink.dir/progress.make' has modification time 1745459862 s in the future
make[2]: warning:  Clock skew detected.  Your build may be incomplete.
make[2]: warning:  Clock skew detected.  Your build may be incomplete.
[  0%] Built target _mavros_msgs_generate_messages_check_deps_ManualControl
make[2]: Warning: File 'CMakeFiles/_mavros_msgs_generate_messages_check_deps_OpticalFlowRad.dir/progress.make' has modification time 1745459862 s in the future
[  0%] Built target _mavros_msgs_generate_messages_check_deps_OverrideRCIn
make[2]: Warning: File 'CMakeFiles/_mavros_msgs_generate_messages_check_deps_FileChecksum.dir/progress.make' has modification time 1745459862 s in the future
make[2]: warning:  Clock skew detected.  Your build may be incomplete.
make[2]: Warning: File 'CMakeFiles/_mavros_msgs_generate_messages_check_deps_OpticalFlowRad.dir/progress.make' has modification time 1745459862 s in the future
make[2]: warning:  Clock skew detected.  Your build may be incomplete.
make[2]: warning:  Clock skew detected.  Your build may be incomplete.
make[2]: Warning: File 'CMakeFiles/_mavros_msgs_generate_messages_check_deps_FileChecksum.dir/progress.make' has modification time 1745459862 s in the future
[  0%] Built target _mavros_msgs_generate_messages_check_deps_Mavlink
make[2]: Warning: File 'CMakeFiles/_mavros_msgs_generate_messages_check_deps_PositionTarget.dir/progress.make' has modification time 1745459862 s in the future
make[2]: warning:  Clock skew detected.  Your build may be incomplete.
make[2]: warning:  Clock skew detected.  Your build may be incomplete.
make[2]: warning:  Clock skew detected.  Your build may be incomplete.
make[2]: Warning: File 'CMakeFiles/_mavros_msgs_generate_messages_check_deps_PositionTarget.dir/progress.make' has modification time 1745459862 s in the future
[  0%] Built target _mavros_msgs_generate_messages_check_deps_Waypoint
[  0%] Built target _mavros_msgs_generate_messages_check_deps_OpticalFlowRad
make[2]: Warning: File 'CMakeFiles/_mavros_msgs_generate_messages_check_deps_CommandVtolTransition.dir/progress.make' has modification time 1745459862 s in the future
make[2]: Warning: File 'CMakeFiles/_mavros_msgs_generate_messages_check_deps_RCIn.dir/progress.make' has modification time 1745459862 s in the future
make[2]: warning:  Clock skew detected.  Your build may be incomplete.
make[2]: Warning: File 'CMakeFiles/_mavros_msgs_generate_messages_check_deps_CommandVtolTransition.dir/progress.make' has modification time 1745459862 s in the future
make[2]: warning:  Clock skew detected.  Your build may be incomplete.
make[2]: Warning: File 'CMakeFiles/_mavros_msgs_generate_messages_check_deps_RCIn.dir/progress.make' has modification time 1745459862 s in the future
make[2]: warning:  Clock skew detected.  Your build may be incomplete.
[  0%] Built target _mavros_msgs_generate_messages_check_deps_FileChecksum
make[2]: Warning: File 'CMakeFiles/_mavros_msgs_generate_messages_check_deps_ESCInfo.dir/progress.make' has modification time 1745459862 s in the future
make[2]: warning:  Clock skew detected.  Your build may be incomplete.
make[2]: warning:  Clock skew detected.  Your build may be incomplete.
make[2]: Warning: File 'CMakeFiles/_mavros_msgs_generate_messages_check_deps_ESCInfo.dir/progress.make' has modification time 1745459862 s in the future
[  0%] Built target _mavros_msgs_generate_messages_check_deps_PositionTarget
make[2]: Warning: File 'CMakeFiles/_mavros_msgs_generate_messages_check_deps_RCOut.dir/progress.make' has modification time 1745459862 s in the future
make[2]: warning:  Clock skew detected.  Your build may be incomplete.
make[2]: warning:  Clock skew detected.  Your build may be incomplete.
make[2]: warning:  Clock skew detected.  Your build may be incomplete.
make[2]: Warning: File 'CMakeFiles/_mavros_msgs_generate_messages_check_deps_RCOut.dir/progress.make' has modification time 1745459861 s in the future
[  0%] Built target _mavros_msgs_generate_messages_check_deps_RCIn
make[2]: Warning: File 'CMakeFiles/_mavros_msgs_generate_messages_check_deps_RadioStatus.dir/progress.make' has modification time 1745459861 s in the future
[  0%] Built target _mavros_msgs_generate_messages_check_deps_CommandVtolTransition
make[2]: Warning: File 'CMakeFiles/_mavros_msgs_generate_messages_check_deps_RTKBaseline.dir/progress.make' has modification time 1745459861 s in the future
make[2]: warning:  Clock skew detected.  Your build may be incomplete.
make[2]: warning:  Clock skew detected.  Your build may be incomplete.
make[2]: warning:  Clock skew detected.  Your build may be incomplete.
make[2]: Warning: File 'CMakeFiles/_mavros_msgs_generate_messages_check_deps_RadioStatus.dir/progress.make' has modification time 1745459861 s in the future
make[2]: Warning: File 'CMakeFiles/_mavros_msgs_generate_messages_check_deps_RTKBaseline.dir/progress.make' has modification time 1745459861 s in the future
make[2]: warning:  Clock skew detected.  Your build may be incomplete.
[  0%] Built target _mavros_msgs_generate_messages_check_deps_RCOut
make[2]: Warning: File 'CMakeFiles/_mavros_msgs_generate_messages_check_deps_SetMavFrame.dir/progress.make' has modification time 1745459861 s in the future
[  0%] Built target _mavros_msgs_generate_messages_check_deps_ESCInfo
make[2]: Warning: File 'CMakeFiles/_mavros_msgs_generate_messages_check_deps_ParamValue.dir/progress.make' has modification time 1745459861 s in the future
make[2]: warning:  Clock skew detected.  Your build may be incomplete.
make[2]: Warning: File 'CMakeFiles/_mavros_msgs_generate_messages_check_deps_SetMavFrame.dir/progress.make' has modification time 1745459861 s in the future
make[2]: warning:  Clock skew detected.  Your build may be incomplete.
make[2]: Warning: File 'CMakeFiles/_mavros_msgs_generate_messages_check_deps_ParamValue.dir/progress.make' has modification time 1745459861 s in the future
make[2]: warning:  Clock skew detected.  Your build may be incomplete.
make[2]: warning:  Clock skew detected.  Your build may be incomplete.
[  0%] Built target _mavros_msgs_generate_messages_check_deps_RTKBaseline
make[2]: Warning: File 'CMakeFiles/_mavros_msgs_generate_messages_check_deps_SysStatus.dir/progress.make' has modification time 1745459861 s in the future
make[2]: Warning: File 'CMakeFiles/_mavros_msgs_generate_messages_check_deps_DebugValue.dir/progress.make' has modification time 1745459861 s in the future
[  0%] Built target _mavros_msgs_generate_messages_check_deps_RadioStatus
make[2]: Warning: File 'CMakeFiles/_mavros_msgs_generate_messages_check_deps_Tunnel.dir/progress.make' has modification time 1745459861 s in the future
make[2]: warning:  Clock skew detected.  Your build may be incomplete.
make[2]: warning:  Clock skew detected.  Your build may be incomplete.
make[2]: Warning: File 'CMakeFiles/_mavros_msgs_generate_messages_check_deps_SysStatus.dir/progress.make' has modification time 1745459861 s in the future
make[2]: Warning: File 'CMakeFiles/_mavros_msgs_generate_messages_check_deps_DebugValue.dir/progress.make' has modification time 1745459861 s in the future
make[2]: warning:  Clock skew detected.  Your build may be incomplete.
make[2]: warning:  Clock skew detected.  Your build may be incomplete.
make[2]: Warning: File 'CMakeFiles/_mavros_msgs_generate_messages_check_deps_Tunnel.dir/progress.make' has modification time 1745459861 s in the future
[  0%] Built target _mavros_msgs_generate_messages_check_deps_SetMavFrame
make[2]: Warning: File 'CMakeFiles/_mavros_msgs_generate_messages_check_deps_WheelOdomStamped.dir/progress.make' has modification time 1745459861 s in the future
make[2]: warning:  Clock skew detected.  Your build may be incomplete.
make[2]: warning:  Clock skew detected.  Your build may be incomplete.
[  0%] Built target _mavros_msgs_generate_messages_check_deps_SysStatus
make[2]: warning:  Clock skew detected.  Your build may be incomplete.
make[2]: Warning: File 'CMakeFiles/_mavros_msgs_generate_messages_check_deps_VehicleInfo.dir/progress.make' has modification time 1745459861 s in the future
make[2]: warning:  Clock skew detected.  Your build may be incomplete.
make[2]: Warning: File 'CMakeFiles/_mavros_msgs_generate_messages_check_deps_WheelOdomStamped.dir/progress.make' has modification time 1745459861 s in the future
[  0%] Built target _mavros_msgs_generate_messages_check_deps_ParamValue
[  0%] Built target _mavros_msgs_generate_messages_check_deps_DebugValue
make[2]: Warning: File 'CMakeFiles/_mavros_msgs_generate_messages_check_deps_MountControl.dir/progress.make' has modification time 1745459861 s in the future
make[2]: Warning: File 'CMakeFiles/_mavros_msgs_generate_messages_check_deps_Vibration.dir/progress.make' has modification time 1745459861 s in the future
make[2]: warning:  Clock skew detected.  Your build may be incomplete.
make[2]: Warning: File 'CMakeFiles/_mavros_msgs_generate_messages_check_deps_VehicleInfo.dir/progress.make' has modification time 1745459861 s in the future
make[2]: warning:  Clock skew detected.  Your build may be incomplete.
make[2]: Warning: File 'CMakeFiles/_mavros_msgs_generate_messages_check_deps_Vibration.dir/progress.make' has modification time 1745459861 s in the future
make[2]: warning:  Clock skew detected.  Your build may be incomplete.
make[2]: Warning: File 'CMakeFiles/_mavros_msgs_generate_messages_check_deps_MountControl.dir/progress.make' has modification time 1745459861 s in the future
make[2]: warning:  Clock skew detected.  Your build may be incomplete.
make[2]: warning:  Clock skew detected.  Your build may be incomplete.
[  0%] Built target _mavros_msgs_generate_messages_check_deps_Tunnel
[  0%] Built target _mavros_msgs_generate_messages_check_deps_Vibration
make[2]: Warning: File 'CMakeFiles/_mavros_msgs_generate_messages_check_deps_WaypointList.dir/progress.make' has modification time 1745459861 s in the future
make[2]: Warning: File 'CMakeFiles/_mavros_msgs_generate_messages_check_deps_FileClose.dir/progress.make' has modification time 1745459861 s in the future
make[2]: warning:  Clock skew detected.  Your build may be incomplete.
make[2]: warning:  Clock skew detected.  Your build may be incomplete.
make[2]: Warning: File 'CMakeFiles/_mavros_msgs_generate_messages_check_deps_FileClose.dir/progress.make' has modification time 1745459861 s in the future
make[2]: Warning: File 'CMakeFiles/_mavros_msgs_generate_messages_check_deps_WaypointList.dir/progress.make' has modification time 1745459861 s in the future
make[2]: warning:  Clock skew detected.  Your build may be incomplete.
make[2]: warning:  Clock skew detected.  Your build may be incomplete.
make[2]: warning:  Clock skew detected.  Your build may be incomplete.
make[2]: warning:  Clock skew detected.  Your build may be incomplete.
[  0%] Built target _mavros_msgs_generate_messages_check_deps_FileClose
make[2]: Warning: File 'CMakeFiles/_mavros_msgs_generate_messages_check_deps_NavControllerOutput.dir/progress.make' has modification time 1745459861 s in the future
make[2]: warning:  Clock skew detected.  Your build may be incomplete.
[  0%] Built target _mavros_msgs_generate_messages_check_deps_MountControl
[  0%] Built target _mavros_msgs_generate_messages_check_deps_WheelOdomStamped
make[2]: Warning: File 'CMakeFiles/_mavros_msgs_generate_messages_check_deps_ParamPull.dir/progress.make' has modification time 1745459861 s in the future
make[2]: Warning: File 'CMakeFiles/_mavros_msgs_generate_messages_check_deps_Trajectory.dir/progress.make' has modification time 1745459861 s in the future
[  0%] Built target _mavros_msgs_generate_messages_check_deps_WaypointList
[  0%] Built target _mavros_msgs_generate_messages_check_deps_VehicleInfo
make[2]: Warning: File 'CMakeFiles/_mavros_msgs_generate_messages_check_deps_WaypointReached.dir/progress.make' has modification time 1745459861 s in the future
make[2]: warning:  Clock skew detected.  Your build may be incomplete.
make[2]: warning:  Clock skew detected.  Your build may be incomplete.
make[2]: Warning: File 'CMakeFiles/_mavros_msgs_generate_messages_check_deps_CommandAck.dir/progress.make' has modification time 1745459861 s in the future
make[2]: warning:  Clock skew detected.  Your build may be incomplete.
make[2]: Warning: File 'CMakeFiles/_mavros_msgs_generate_messages_check_deps_NavControllerOutput.dir/progress.make' has modification time 1745459861 s in the future
make[2]: warning:  Clock skew detected.  Your build may be incomplete.
make[2]: Warning: File 'CMakeFiles/_mavros_msgs_generate_messages_check_deps_ParamPull.dir/progress.make' has modification time 1745459861 s in the future
make[2]: Warning: File 'CMakeFiles/_mavros_msgs_generate_messages_check_deps_WaypointReached.dir/progress.make' has modification time 1745459861 s in the future
make[2]: Warning: File 'CMakeFiles/_mavros_msgs_generate_messages_check_deps_Trajectory.dir/progress.make' has modification time 1745459861 s in the future
make[2]: warning:  Clock skew detected.  Your build may be incomplete.
make[2]: Warning: File 'CMakeFiles/_mavros_msgs_generate_messages_check_deps_CommandAck.dir/progress.make' has modification time 1745459861 s in the future
make[2]: warning:  Clock skew detected.  Your build may be incomplete.
make[2]: warning:  Clock skew detected.  Your build may be incomplete.
make[2]: warning:  Clock skew detected.  Your build may be incomplete.
[  0%] Built target _mavros_msgs_generate_messages_check_deps_WaypointReached
make[2]: warning:  Clock skew detected.  Your build may be incomplete.
make[2]: Warning: File 'CMakeFiles/_mavros_msgs_generate_messages_check_deps_BatteryStatus.dir/progress.make' has modification time 1745459861 s in the future
[  0%] Built target _mavros_msgs_generate_messages_check_deps_ParamPull
[  0%] Built target _mavros_msgs_generate_messages_check_deps_NavControllerOutput
make[2]: Warning: File 'CMakeFiles/_mavros_msgs_generate_messages_check_deps_GPSRAW.dir/progress.make' has modification time 1745459861 s in the future
[  0%] Built target _mavros_msgs_generate_messages_check_deps_Trajectory
make[2]: Warning: File 'CMakeFiles/_mavros_msgs_generate_messages_check_deps_CommandBool.dir/progress.make' has modification time 1745459861 s in the future
make[2]: Warning: File 'CMakeFiles/_mavros_msgs_generate_messages_check_deps_CommandLong.dir/progress.make' has modification time 1745459861 s in the future
make[2]: warning:  Clock skew detected.  Your build may be incomplete.
make[2]: warning:  Clock skew detected.  Your build may be incomplete.
make[2]: warning:  Clock skew detected.  Your build may be incomplete.
make[2]: Warning: File 'CMakeFiles/_mavros_msgs_generate_messages_check_deps_GPSRAW.dir/progress.make' has modification time 1745459861 s in the future
make[2]: Warning: File 'CMakeFiles/_mavros_msgs_generate_messages_check_deps_BatteryStatus.dir/progress.make' has modification time 1745459861 s in the future
[  0%] Built target _mavros_msgs_generate_messages_check_deps_CommandAck
make[2]: Warning: File 'CMakeFiles/_mavros_msgs_generate_messages_check_deps_CommandTriggerControl.dir/progress.make' has modification time 1745459861 s in the future
make[2]: warning:  Clock skew detected.  Your build may be incomplete.
make[2]: warning:  Clock skew detected.  Your build may be incomplete.
make[2]: warning:  Clock skew detected.  Your build may be incomplete.
make[2]: Warning: File 'CMakeFiles/_mavros_msgs_generate_messages_check_deps_CommandLong.dir/progress.make' has modification time 1745459860 s in the future
make[2]: Warning: File 'CMakeFiles/_mavros_msgs_generate_messages_check_deps_CommandBool.dir/progress.make' has modification time 1745459860 s in the future
make[2]: Warning: File 'CMakeFiles/_mavros_msgs_generate_messages_check_deps_CommandTriggerControl.dir/progress.make' has modification time 1745459860 s in the future
make[2]: warning:  Clock skew detected.  Your build may be incomplete.
make[2]: warning:  Clock skew detected.  Your build may be incomplete.
[  0%] Built target _mavros_msgs_generate_messages_check_deps_BatteryStatus
make[2]: warning:  Clock skew detected.  Your build may be incomplete.
make[2]: Warning: File 'CMakeFiles/_mavros_msgs_generate_messages_check_deps_FileList.dir/progress.make' has modification time 1745459860 s in the future
[  0%] Built target _mavros_msgs_generate_messages_check_deps_GPSRAW
make[2]: Warning: File 'CMakeFiles/_mavros_msgs_generate_messages_check_deps_FileMakeDir.dir/progress.make' has modification time 1745459860 s in the future
make[2]: warning:  Clock skew detected.  Your build may be incomplete.
make[2]: Warning: File 'CMakeFiles/_mavros_msgs_generate_messages_check_deps_TerrainReport.dir/progress.make' has modification time 1745459860 s in the future
[  0%] Built target _mavros_msgs_generate_messages_check_deps_CommandLong
make[2]: warning:  Clock skew detected.  Your build may be incomplete.
make[2]: warning:  Clock skew detected.  Your build may be incomplete.
make[2]: warning:  Clock skew detected.  Your build may be incomplete.
[  0%] Built target _mavros_msgs_generate_messages_check_deps_CommandTriggerControl
make[2]: Warning: File 'CMakeFiles/_mavros_msgs_generate_messages_check_deps_FileList.dir/progress.make' has modification time 1745459860 s in the future
make[2]: Warning: File 'CMakeFiles/_mavros_msgs_generate_messages_check_deps_FileRead.dir/progress.make' has modification time 1745459860 s in the future
make[2]: Warning: File 'CMakeFiles/_mavros_msgs_generate_messages_check_deps_FileMakeDir.dir/progress.make' has modification time 1745459860 s in the future
make[2]: warning:  Clock skew detected.  Your build may be incomplete.
make[2]: Warning: File 'CMakeFiles/_mavros_msgs_generate_messages_check_deps_TerrainReport.dir/progress.make' has modification time 1745459860 s in the future
[  0%] Built target _mavros_msgs_generate_messages_check_deps_CommandBool
make[2]: Warning: File 'CMakeFiles/_mavros_msgs_generate_messages_check_deps_StatusText.dir/progress.make' has modification time 1745459860 s in the future
make[2]: warning:  Clock skew detected.  Your build may be incomplete.
make[2]: Warning: File 'CMakeFiles/_mavros_msgs_generate_messages_check_deps_FileRead.dir/progress.make' has modification time 1745459860 s in the future
make[2]: warning:  Clock skew detected.  Your build may be incomplete.
make[2]: Warning: File 'CMakeFiles/_mavros_msgs_generate_messages_check_deps_StatusText.dir/progress.make' has modification time 1745459860 s in the future
make[2]: warning:  Clock skew detected.  Your build may be incomplete.
make[2]: warning:  Clock skew detected.  Your build may be incomplete.
make[2]: warning:  Clock skew detected.  Your build may be incomplete.
[  0%] Built target _mavros_msgs_generate_messages_check_deps_FileList
make[2]: Warning: File 'CMakeFiles/_mavros_msgs_generate_messages_check_deps_FileTruncate.dir/progress.make' has modification time 1745459860 s in the future
[  0%] Built target _mavros_msgs_generate_messages_check_deps_FileMakeDir
[  0%] Built target _mavros_msgs_generate_messages_check_deps_TerrainReport
make[2]: Warning: File 'CMakeFiles/_mavros_msgs_generate_messages_check_deps_LogRequestEnd.dir/progress.make' has modification time 1745459860 s in the future
make[2]: Warning: File 'CMakeFiles/_mavros_msgs_generate_messages_check_deps_ParamGet.dir/progress.make' has modification time 1745459860 s in the future
make[2]: warning:  Clock skew detected.  Your build may be incomplete.
make[2]: Warning: File 'CMakeFiles/_mavros_msgs_generate_messages_check_deps_FileTruncate.dir/progress.make' has modification time 1745459860 s in the future
make[2]: warning:  Clock skew detected.  Your build may be incomplete.
make[2]: Warning: File 'CMakeFiles/_mavros_msgs_generate_messages_check_deps_ParamGet.dir/progress.make' has modification time 1745459860 s in the future
make[2]: warning:  Clock skew detected.  Your build may be incomplete.
make[2]: Warning: File 'CMakeFiles/_mavros_msgs_generate_messages_check_deps_LogRequestEnd.dir/progress.make' has modification time 1745459860 s in the future
make[2]: warning:  Clock skew detected.  Your build may be incomplete.
make[2]: warning:  Clock skew detected.  Your build may be incomplete.
make[2]: warning:  Clock skew detected.  Your build may be incomplete.
make[2]: Warning: File 'CMakeFiles/_mavros_msgs_generate_messages_check_deps_CommandTriggerInterval.dir/progress.make' has modification time 1745459860 s in the future
[  0%] Built target _mavros_msgs_generate_messages_check_deps_StatusText
make[2]: Warning: File 'CMakeFiles/_mavros_msgs_generate_messages_check_deps_ParamPush.dir/progress.make' has modification time 1745459860 s in the future
[  0%] Built target _mavros_msgs_generate_messages_check_deps_FileRead
[  0%] Built target _mavros_msgs_generate_messages_check_deps_FileTruncate
make[2]: Warning: File 'CMakeFiles/_mavros_msgs_generate_messages_check_deps_ParamSet.dir/progress.make' has modification time 1745459860 s in the future
make[2]: Warning: File 'CMakeFiles/_mavros_msgs_generate_messages_check_deps_FileRemoveDir.dir/progress.make' has modification time 1745459860 s in the future
make[2]: warning:  Clock skew detected.  Your build may be incomplete.
make[2]: Warning: File 'CMakeFiles/_mavros_msgs_generate_messages_check_deps_CommandTriggerInterval.dir/progress.make' has modification time 1745459860 s in the future
make[2]: warning:  Clock skew detected.  Your build may be incomplete.
make[2]: warning:  Clock skew detected.  Your build may be incomplete.
make[2]: Warning: File 'CMakeFiles/_mavros_msgs_generate_messages_check_deps_ParamPush.dir/progress.make' has modification time 1745459860 s in the future
[  0%] Built target _mavros_msgs_generate_messages_check_deps_ParamGet
make[2]: warning:  Clock skew detected.  Your build may be incomplete.
make[2]: Warning: File 'CMakeFiles/_mavros_msgs_generate_messages_check_deps_SetMode.dir/progress.make' has modification time 1745459860 s in the future
make[2]: Warning: File 'CMakeFiles/_mavros_msgs_generate_messages_check_deps_FileRemoveDir.dir/progress.make' has modification time 1745459860 s in the future
make[2]: warning:  Clock skew detected.  Your build may be incomplete.
make[2]: warning:  Clock skew detected.  Your build may be incomplete.
make[2]: Warning: File 'CMakeFiles/_mavros_msgs_generate_messages_check_deps_ParamSet.dir/progress.make' has modification time 1745459860 s in the future
make[2]: warning:  Clock skew detected.  Your build may be incomplete.
[  0%] Built target _mavros_msgs_generate_messages_check_deps_LogRequestEnd
make[2]: Warning: File 'CMakeFiles/_mavros_msgs_generate_messages_check_deps_SetMode.dir/progress.make' has modification time 1745459860 s in the future
make[2]: Warning: File 'CMakeFiles/_mavros_msgs_generate_messages_check_deps_ESCStatusItem.dir/progress.make' has modification time 1745459860 s in the future
make[2]: warning:  Clock skew detected.  Your build may be incomplete.
make[2]: Warning: File 'CMakeFiles/_mavros_msgs_generate_messages_check_deps_ESCStatusItem.dir/progress.make' has modification time 1745459860 s in the future
make[2]: warning:  Clock skew detected.  Your build may be incomplete.
make[2]: warning:  Clock skew detected.  Your build may be incomplete.
[  0%] Built target _mavros_msgs_generate_messages_check_deps_ParamPush
make[2]: Warning: File 'CMakeFiles/_mavros_msgs_generate_messages_check_deps_MountConfigure.dir/progress.make' has modification time 1745459860 s in the future
[  0%] Built target _mavros_msgs_generate_messages_check_deps_CommandTriggerInterval
make[2]: Warning: File 'CMakeFiles/_mavros_msgs_generate_messages_check_deps_WaypointSetCurrent.dir/progress.make' has modification time 1745459860 s in the future
make[2]: warning:  Clock skew detected.  Your build may be incomplete.
make[2]: Warning: File 'CMakeFiles/_mavros_msgs_generate_messages_check_deps_MountConfigure.dir/progress.make' has modification time 1745459860 s in the future
make[2]: warning:  Clock skew detected.  Your build may be incomplete.
make[2]: warning:  Clock skew detected.  Your build may be incomplete.
make[2]: warning:  Clock skew detected.  Your build may be incomplete.
[  0%] Built target _mavros_msgs_generate_messages_check_deps_ESCStatusItem
make[2]: Warning: File 'CMakeFiles/_mavros_msgs_generate_messages_check_deps_WaypointSetCurrent.dir/progress.make' has modification time 1745459860 s in the future
make[2]: Warning: File 'CMakeFiles/_mavros_msgs_generate_messages_check_deps_ESCStatus.dir/progress.make' has modification time 1745459860 s in the future
make[2]: warning:  Clock skew detected.  Your build may be incomplete.
make[2]: Warning: File 'CMakeFiles/_mavros_msgs_generate_messages_check_deps_ESCStatus.dir/progress.make' has modification time 1745459860 s in the future
make[2]: warning:  Clock skew detected.  Your build may be incomplete.
[  0%] Built target _mavros_msgs_generate_messages_check_deps_ParamSet
make[2]: Warning: File 'CMakeFiles/geometry_msgs_generate_messages_nodejs.dir/progress.make' has modification time 1745459860 s in the future
[  0%] Built target _mavros_msgs_generate_messages_check_deps_FileRemoveDir
make[2]: warning:  Clock skew detected.  Your build may be incomplete.
make[2]: Warning: File 'CMakeFiles/sensor_msgs_generate_messages_nodejs.dir/progress.make' has modification time 1745459860 s in the future
make[2]: warning:  Clock skew detected.  Your build may be incomplete.
[  0%] Built target _mavros_msgs_generate_messages_check_deps_SetMode
make[2]: warning:  Clock skew detected.  Your build may be incomplete.
make[2]: Warning: File 'CMakeFiles/sensor_msgs_generate_messages_nodejs.dir/progress.make' has modification time 1745459860 s in the future
make[2]: warning:  Clock skew detected.  Your build may be incomplete.
make[2]: Warning: File 'CMakeFiles/geographic_msgs_generate_messages_nodejs.dir/progress.make' has modification time 1745459860 s in the future
make[2]: warning:  Clock skew detected.  Your build may be incomplete.
make[2]: Warning: File 'CMakeFiles/geometry_msgs_generate_messages_nodejs.dir/progress.make' has modification time 1745459860 s in the future
make[2]: warning:  Clock skew detected.  Your build may be incomplete.
[  0%] Built target _mavros_msgs_generate_messages_check_deps_MountConfigure
make[2]: warning:  Clock skew detected.  Your build may be incomplete.
make[2]: Warning: File 'CMakeFiles/geographic_msgs_generate_messages_nodejs.dir/progress.make' has modification time 1745459860 s in the future
make[2]: warning:  Clock skew detected.  Your build may be incomplete.
[  0%] Built target sensor_msgs_generate_messages_nodejs
make[2]: Warning: File 'CMakeFiles/std_msgs_generate_messages_nodejs.dir/progress.make' has modification time 1745459860 s in the future
make[2]: Warning: File 'CMakeFiles/geometry_msgs_generate_messages_lisp.dir/progress.make' has modification time 1745459860 s in the future
[  0%] Built target geometry_msgs_generate_messages_nodejs
[  0%] Built target geographic_msgs_generate_messages_nodejs
make[2]: Warning: File 'CMakeFiles/sensor_msgs_generate_messages_lisp.dir/progress.make' has modification time 1745459860 s in the future
make[2]: warning:  Clock skew detected.  Your build may be incomplete.
make[2]: Warning: File 'CMakeFiles/std_msgs_generate_messages_lisp.dir/progress.make' has modification time 1745459860 s in the future
make[2]: warning:  Clock skew detected.  Your build may be incomplete.
make[2]: warning:  Clock skew detected.  Your build may be incomplete.
make[2]: Warning: File 'CMakeFiles/geometry_msgs_generate_messages_lisp.dir/progress.make' has modification time 1745459860 s in the future
make[2]: warning:  Clock skew detected.  Your build may be incomplete.
make[2]: Warning: File 'CMakeFiles/std_msgs_generate_messages_nodejs.dir/progress.make' has modification time 1745459860 s in the future
make[2]: warning:  Clock skew detected.  Your build may be incomplete.
make[2]: warning:  Clock skew detected.  Your build may be incomplete.
make[2]: warning:  Clock skew detected.  Your build may be incomplete.
[  0%] Built target std_msgs_generate_messages_nodejs
[  0%] Built target geometry_msgs_generate_messages_lisp
make[2]: warning:  Clock skew detected.  Your build may be incomplete.
make[2]: Warning: File 'CMakeFiles/std_msgs_generate_messages_lisp.dir/progress.make' has modification time 1745459860 s in the future
make[2]: warning:  Clock skew detected.  Your build may be incomplete.
make[2]: Warning: File 'CMakeFiles/geographic_msgs_generate_messages_lisp.dir/progress.make' has modification time 1745459860 s in the future
[  0%] Built target _mavros_msgs_generate_messages_check_deps_WaypointSetCurrent
make[2]: Warning: File 'CMakeFiles/sensor_msgs_generate_messages_lisp.dir/progress.make' has modification time 1745459860 s in the future
make[2]: warning:  Clock skew detected.  Your build may be incomplete.
make[2]: Warning: File 'CMakeFiles/geographic_msgs_generate_messages_eus.dir/progress.make' has modification time 1745459860 s in the future
make[2]: Warning: File 'CMakeFiles/sensor_msgs_generate_messages_eus.dir/progress.make' has modification time 1745459860 s in the future
[  0%] Built target _mavros_msgs_generate_messages_check_deps_ESCStatus
make[2]: Warning: File 'CMakeFiles/geometry_msgs_generate_messages_eus.dir/progress.make' has modification time 1745459860 s in the future
[  0%] Built target std_msgs_generate_messages_lisp
[  0%] Built target sensor_msgs_generate_messages_lisp
make[2]: warning:  Clock skew detected.  Your build may be incomplete.
make[2]: Warning: File 'CMakeFiles/std_msgs_generate_messages_eus.dir/progress.make' has modification time 1745459860 s in the future
make[2]: Warning: File 'CMakeFiles/geographic_msgs_generate_messages_lisp.dir/progress.make' has modification time 1745459860 s in the future
make[2]: warning:  Clock skew detected.  Your build may be incomplete.
make[2]: warning:  Clock skew detected.  Your build may be incomplete.
make[2]: Warning: File 'CMakeFiles/geometry_msgs_generate_messages_cpp.dir/progress.make' has modification time 1745459860 s in the future
make[2]: Warning: File 'CMakeFiles/sensor_msgs_generate_messages_eus.dir/progress.make' has modification time 1745459860 s in the future
make[2]: warning:  Clock skew detected.  Your build may be incomplete.
make[2]: warning:  Clock skew detected.  Your build may be incomplete.
make[2]: warning:  Clock skew detected.  Your build may be incomplete.
make[2]: Warning: File 'CMakeFiles/geometry_msgs_generate_messages_cpp.dir/progress.make' has modification time 1745459859 s in the future
make[2]: warning:  Clock skew detected.  Your build may be incomplete.
make[2]: warning:  Clock skew detected.  Your build may be incomplete.
[  0%] Built target geographic_msgs_generate_messages_lisp
make[2]: Warning: File 'CMakeFiles/std_msgs_generate_messages_eus.dir/progress.make' has modification time 1745459859 s in the future
make[2]: warning:  Clock skew detected.  Your build may be incomplete.
make[2]: Warning: File 'CMakeFiles/geographic_msgs_generate_messages_eus.dir/progress.make' has modification time 1745459859 s in the future
make[2]: warning:  Clock skew detected.  Your build may be incomplete.
make[2]: Warning: File 'CMakeFiles/geographic_msgs_generate_messages_cpp.dir/progress.make' has modification time 1745459859 s in the future
[  0%] Built target sensor_msgs_generate_messages_eus
[  0%] Built target geometry_msgs_generate_messages_cpp
[  0%] Built target std_msgs_generate_messages_eus
make[2]: Warning: File 'CMakeFiles/sensor_msgs_generate_messages_cpp.dir/progress.make' has modification time 1745459859 s in the future
make[2]: Warning: File 'CMakeFiles/std_msgs_generate_messages_cpp.dir/progress.make' has modification time 1745459859 s in the future
make[2]: Warning: File 'CMakeFiles/mavros_msgs_generate_messages_py.dir/progress.make' has modification time 1745459859 s in the future
make[2]: warning:  Clock skew detected.  Your build may be incomplete.
make[2]: warning:  Clock skew detected.  Your build may be incomplete.
make[2]: Warning: File 'CMakeFiles/geometry_msgs_generate_messages_eus.dir/progress.make' has modification time 1745459859 s in the future
make[2]: warning:  Clock skew detected.  Your build may be incomplete.
make[2]: Warning: File 'CMakeFiles/geographic_msgs_generate_messages_cpp.dir/progress.make' has modification time 1745459859 s in the future
make[2]: warning:  Clock skew detected.  Your build may be incomplete.
[  0%] Built target geographic_msgs_generate_messages_eus
make[2]: warning:  Clock skew detected.  Your build may be incomplete.
make[2]: warning:  Clock skew detected.  Your build may be incomplete.
make[2]: Warning: File 'CMakeFiles/mavros_msgs_generate_messages_nodejs.dir/progress.make' has modification time 1745459859 s in the future
make[2]: Warning: File 'CMakeFiles/std_msgs_generate_messages_cpp.dir/progress.make' has modification time 1745459859 s in the future
make[2]: warning:  Clock skew detected.  Your build may be incomplete.
make[2]: Warning: File 'CMakeFiles/sensor_msgs_generate_messages_cpp.dir/progress.make' has modification time 1745459859 s in the future
make[2]: warning:  Clock skew detected.  Your build may be incomplete.
[  0%] Built target geographic_msgs_generate_messages_cpp
[  0%] Built target std_msgs_generate_messages_cpp
[  0%] Built target geometry_msgs_generate_messages_eus
[  0%] Built target sensor_msgs_generate_messages_cpp
make[2]: Warning: File 'CMakeFiles/mavros_msgs_generate_messages_lisp.dir/progress.make' has modification time 1745459859 s in the future
make[2]: warning:  Clock skew detected.  Your build may be incomplete.
make[2]: Warning: File 'CMakeFiles/mavros_msgs_generate_messages_eus.dir/progress.make' has modification time 1745459859 s in the future
make[2]: Warning: File 'CMakeFiles/mavros_msgs_generate_messages_cpp.dir/progress.make' has modification time 1745459859 s in the future
make[2]: warning:  Clock skew detected.  Your build may be incomplete.
make[2]: Warning: File 'CMakeFiles/mavros_msgs_generate_messages_nodejs.dir/progress.make' has modification time 1745459859 s in the future
make[2]: warning:  Clock skew detected.  Your build may be incomplete.
make[2]: Warning: File 'CMakeFiles/mavros_msgs_generate_messages_py.dir/progress.make' has modification time 1745459859 s in the future
make[2]: warning:  Clock skew detected.  Your build may be incomplete.
make[2]: warning:  Clock skew detected.  Your build may be incomplete.
make[2]: warning:  Clock skew detected.  Your build may be incomplete.
make[2]: Warning: File 'CMakeFiles/mavros_msgs_generate_messages_cpp.dir/progress.make' has modification time 1745459859 s in the future
make[2]: warning:  Clock skew detected.  Your build may be incomplete.
make[2]: Warning: File 'CMakeFiles/mavros_msgs_generate_messages_lisp.dir/progress.make' has modification time 1745459859 s in the future
make[2]: warning:  Clock skew detected.  Your build may be incomplete.
[ 38%] Built target mavros_msgs_generate_messages_nodejs
[ 40%] Built target mavros_msgs_generate_messages_py
[ 60%] Built target mavros_msgs_generate_messages_cpp
make[2]: warning:  Clock skew detected.  Your build may be incomplete.
make[2]: Warning: File 'CMakeFiles/mavros_msgs_generate_messages_eus.dir/progress.make' has modification time 1745459859 s in the future
make[2]: warning:  Clock skew detected.  Your build may be incomplete.
[ 80%] Built target mavros_msgs_generate_messages_lisp
[100%] Built target mavros_msgs_generate_messages_eus
make[2]: Warning: File 'CMakeFiles/mavros_msgs_generate_messages.dir/progress.make' has modification time 1745459859 s in the future
make[2]: warning:  Clock skew detected.  Your build may be incomplete.
make[2]: Warning: File 'CMakeFiles/mavros_msgs_generate_messages.dir/progress.make' has modification time 1745459859 s in the future
make[2]: warning:  Clock skew detected.  Your build may be incomplete.
[100%] Built target mavros_msgs_generate_messages
make[1]: warning:  Clock skew detected.  Your build may be incomplete.
make: warning:  Clock skew detected.  Your build may be incomplete.
