make: Warning: File 'Makefile' has modification time 1745461207 s in the future
make[1]: Warning: File 'CMakeFiles/Makefile2' has modification time 1745461207 s in the future
make[2]: Warning: File 'CMakeFiles/_mavros_msgs_generate_messages_check_deps_ESCInfoItem.dir/progress.make' has modification time 1745461207 s in the future
make[2]: warning:  Clock skew detected.  Your build may be incomplete.
make[2]: Warning: File 'CMakeFiles/_mavros_msgs_generate_messages_check_deps_ESCInfoItem.dir/progress.make' has modification time 1745461207 s in the future
make[2]: warning:  Clock skew detected.  Your build may be incomplete.
make[2]: Warning: File 'CMakeFiles/_mavros_msgs_generate_messages_check_deps_WaypointPush.dir/progress.make' has modification time 1745461207 s in the future
make[2]: warning:  Clock skew detected.  Your build may be incomplete.
make[2]: Warning: File 'CMakeFiles/_mavros_msgs_generate_messages_check_deps_WaypointPull.dir/progress.make' has modification time 1745461207 s in the future
make[2]: Warning: File 'CMakeFiles/_mavros_msgs_generate_messages_check_deps_WaypointPush.dir/progress.make' has modification time 1745461207 s in the future
make[2]: warning:  Clock skew detected.  Your build may be incomplete.
make[2]: Warning: File 'CMakeFiles/_mavros_msgs_generate_messages_check_deps_WaypointPull.dir/progress.make' has modification time 1745461207 s in the future
make[2]: Warning: File 'CMakeFiles/_mavros_msgs_generate_messages_check_deps_WaypointClear.dir/progress.make' has modification time 1745461207 s in the future
make[2]: warning:  Clock skew detected.  Your build may be incomplete.
make[2]: Warning: File 'CMakeFiles/_mavros_msgs_generate_messages_check_deps_WaypointClear.dir/progress.make' has modification time 1745461206 s in the future
make[2]: warning:  Clock skew detected.  Your build may be incomplete.
make[2]: warning:  Clock skew detected.  Your build may be incomplete.
make[2]: warning:  Clock skew detected.  Your build may be incomplete.
make[2]: Warning: File 'CMakeFiles/_mavros_msgs_generate_messages_check_deps_VehicleInfoGet.dir/progress.make' has modification time 1745461206 s in the future
make[2]: warning:  Clock skew detected.  Your build may be incomplete.
make[2]: Warning: File 'CMakeFiles/_mavros_msgs_generate_messages_check_deps_StreamRate.dir/progress.make' has modification time 1745461206 s in the future
make[2]: Warning: File 'CMakeFiles/_mavros_msgs_generate_messages_check_deps_VehicleInfoGet.dir/progress.make' has modification time 1745461206 s in the future
make[2]: warning:  Clock skew detected.  Your build may be incomplete.
make[2]: Warning: File 'CMakeFiles/_mavros_msgs_generate_messages_check_deps_StreamRate.dir/progress.make' has modification time 1745461206 s in the future
make[2]: warning:  Clock skew detected.  Your build may be incomplete.
make[2]: Warning: File 'CMakeFiles/_mavros_msgs_generate_messages_check_deps_GlobalPositionTarget.dir/progress.make' has modification time 1745461206 s in the future
make[2]: warning:  Clock skew detected.  Your build may be incomplete.
make[2]: warning:  Clock skew detected.  Your build may be incomplete.
make[2]: Warning: File 'CMakeFiles/_mavros_msgs_generate_messages_check_deps_GlobalPositionTarget.dir/progress.make' has modification time 1745461206 s in the future
make[2]: Warning: File 'CMakeFiles/_mavros_msgs_generate_messages_check_deps_MessageInterval.dir/progress.make' has modification time 1745461206 s in the future
make[2]: Warning: File 'CMakeFiles/_mavros_msgs_generate_messages_check_deps_ExtendedState.dir/progress.make' has modification time 1745461206 s in the future
make[2]: warning:  Clock skew detected.  Your build may be incomplete.
make[2]: Warning: File 'CMakeFiles/_mavros_msgs_generate_messages_check_deps_ExtendedState.dir/progress.make' has modification time 1745461206 s in the future
make[2]: Warning: File 'CMakeFiles/_mavros_msgs_generate_messages_check_deps_HilControls.dir/progress.make' has modification time 1745461206 s in the future
make[2]: warning:  Clock skew detected.  Your build may be incomplete.
make[2]: Warning: File 'CMakeFiles/_mavros_msgs_generate_messages_check_deps_MessageInterval.dir/progress.make' has modification time 1745461206 s in the future
make[2]: warning:  Clock skew detected.  Your build may be incomplete.
make[2]: Warning: File 'CMakeFiles/_mavros_msgs_generate_messages_check_deps_HilControls.dir/progress.make' has modification time 1745461206 s in the future
make[2]: warning:  Clock skew detected.  Your build may be incomplete.
make[2]: Warning: File 'CMakeFiles/_mavros_msgs_generate_messages_check_deps_FileOpen.dir/progress.make' has modification time 1745461206 s in the future
make[2]: warning:  Clock skew detected.  Your build may be incomplete.
make[2]: warning:  Clock skew detected.  Your build may be incomplete.
make[2]: warning:  Clock skew detected.  Your build may be incomplete.
make[2]: Warning: File 'CMakeFiles/_mavros_msgs_generate_messages_check_deps_CompanionProcessStatus.dir/progress.make' has modification time 1745461206 s in the future
make[2]: warning:  Clock skew detected.  Your build may be incomplete.
make[2]: Warning: File 'CMakeFiles/_mavros_msgs_generate_messages_check_deps_FileRemove.dir/progress.make' has modification time 1745461206 s in the future
make[2]: Warning: File 'CMakeFiles/_mavros_msgs_generate_messages_check_deps_GPSINPUT.dir/progress.make' has modification time 1745461206 s in the future
make[2]: warning:  Clock skew detected.  Your build may be incomplete.
make[2]: Warning: File 'CMakeFiles/_mavros_msgs_generate_messages_check_deps_FileOpen.dir/progress.make' has modification time 1745461206 s in the future
make[2]: Warning: File 'CMakeFiles/_mavros_msgs_generate_messages_check_deps_CompanionProcessStatus.dir/progress.make' has modification time 1745461206 s in the future
make[2]: warning:  Clock skew detected.  Your build may be incomplete.
make[2]: Warning: File 'CMakeFiles/_mavros_msgs_generate_messages_check_deps_GPSINPUT.dir/progress.make' has modification time 1745461206 s in the future
make[2]: warning:  Clock skew detected.  Your build may be incomplete.
make[2]: Warning: File 'CMakeFiles/_mavros_msgs_generate_messages_check_deps_FileRemove.dir/progress.make' has modification time 1745461206 s in the future
make[2]: warning:  Clock skew detected.  Your build may be incomplete.
make[2]: warning:  Clock skew detected.  Your build may be incomplete.
make[2]: Warning: File 'CMakeFiles/_mavros_msgs_generate_messages_check_deps_ActuatorControl.dir/progress.make' has modification time 1745461206 s in the future
make[2]: Warning: File 'CMakeFiles/_mavros_msgs_generate_messages_check_deps_CommandCode.dir/progress.make' has modification time 1745461206 s in the future
make[2]: warning:  Clock skew detected.  Your build may be incomplete.
make[2]: warning:  Clock skew detected.  Your build may be incomplete.
make[2]: Warning: File 'CMakeFiles/_mavros_msgs_generate_messages_check_deps_ActuatorControl.dir/progress.make' has modification time 1745461206 s in the future
make[2]: warning:  Clock skew detected.  Your build may be incomplete.
make[2]: warning:  Clock skew detected.  Your build may be incomplete.
make[2]: Warning: File 'CMakeFiles/_mavros_msgs_generate_messages_check_deps_CommandCode.dir/progress.make' has modification time 1745461206 s in the future
make[2]: Warning: File 'CMakeFiles/_mavros_msgs_generate_messages_check_deps_FileRename.dir/progress.make' has modification time 1745461206 s in the future
make[2]: Warning: File 'CMakeFiles/_mavros_msgs_generate_messages_check_deps_ADSBVehicle.dir/progress.make' has modification time 1745461206 s in the future
make[2]: warning:  Clock skew detected.  Your build may be incomplete.
make[2]: Warning: File 'CMakeFiles/_mavros_msgs_generate_messages_check_deps_FileRename.dir/progress.make' has modification time 1745461206 s in the future
make[2]: warning:  Clock skew detected.  Your build may be incomplete.
make[2]: Warning: File 'CMakeFiles/_mavros_msgs_generate_messages_check_deps_ADSBVehicle.dir/progress.make' has modification time 1745461206 s in the future
make[2]: warning:  Clock skew detected.  Your build may be incomplete.
make[2]: warning:  Clock skew detected.  Your build may be incomplete.
make[2]: Warning: File 'CMakeFiles/_mavros_msgs_generate_messages_check_deps_Param.dir/progress.make' has modification time 1745461206 s in the future
make[2]: Warning: File 'CMakeFiles/_mavros_msgs_generate_messages_check_deps_LogRequestList.dir/progress.make' has modification time 1745461206 s in the future
make[2]: warning:  Clock skew detected.  Your build may be incomplete.
make[2]: warning:  Clock skew detected.  Your build may be incomplete.
make[2]: warning:  Clock skew detected.  Your build may be incomplete.
make[2]: warning:  Clock skew detected.  Your build may be incomplete.
make[2]: Warning: File 'CMakeFiles/_mavros_msgs_generate_messages_check_deps_LogRequestList.dir/progress.make' has modification time 1745461206 s in the future
make[2]: Warning: File 'CMakeFiles/_mavros_msgs_generate_messages_check_deps_Param.dir/progress.make' has modification time 1745461206 s in the future
make[2]: Warning: File 'CMakeFiles/_mavros_msgs_generate_messages_check_deps_CommandHome.dir/progress.make' has modification time 1745461206 s in the future
make[2]: Warning: File 'CMakeFiles/_mavros_msgs_generate_messages_check_deps_CamIMUStamp.dir/progress.make' has modification time 1745461206 s in the future
make[2]: warning:  Clock skew detected.  Your build may be incomplete.
make[2]: Warning: File 'CMakeFiles/_mavros_msgs_generate_messages_check_deps_CommandHome.dir/progress.make' has modification time 1745461206 s in the future
make[2]: warning:  Clock skew detected.  Your build may be incomplete.
make[2]: Warning: File 'CMakeFiles/_mavros_msgs_generate_messages_check_deps_CamIMUStamp.dir/progress.make' has modification time 1745461206 s in the future
make[2]: warning:  Clock skew detected.  Your build may be incomplete.
make[2]: Warning: File 'CMakeFiles/_mavros_msgs_generate_messages_check_deps_FileEntry.dir/progress.make' has modification time 1745461206 s in the future
make[2]: warning:  Clock skew detected.  Your build may be incomplete.
make[2]: warning:  Clock skew detected.  Your build may be incomplete.
make[2]: Warning: File 'CMakeFiles/_mavros_msgs_generate_messages_check_deps_TimesyncStatus.dir/progress.make' has modification time 1745461206 s in the future
make[2]: Warning: File 'CMakeFiles/sensor_msgs_generate_messages_py.dir/progress.make' has modification time 1745461206 s in the future
make[2]: warning:  Clock skew detected.  Your build may be incomplete.
make[2]: warning:  Clock skew detected.  Your build may be incomplete.
make[2]: Warning: File 'CMakeFiles/sensor_msgs_generate_messages_py.dir/progress.make' has modification time 1745461205 s in the future
make[2]: warning:  Clock skew detected.  Your build may be incomplete.
make[2]: Warning: File 'CMakeFiles/_mavros_msgs_generate_messages_check_deps_TimesyncStatus.dir/progress.make' has modification time 1745461205 s in the future
make[2]: warning:  Clock skew detected.  Your build may be incomplete.
make[2]: warning:  Clock skew detected.  Your build may be incomplete.
make[2]: Warning: File 'CMakeFiles/_mavros_msgs_generate_messages_check_deps_FileEntry.dir/progress.make' has modification time 1745461205 s in the future
make[2]: Warning: File 'CMakeFiles/_mavros_msgs_generate_messages_check_deps_EstimatorStatus.dir/progress.make' has modification time 1745461205 s in the future
make[2]: Warning: File 'CMakeFiles/geometry_msgs_generate_messages_py.dir/progress.make' has modification time 1745461205 s in the future
make[2]: warning:  Clock skew detected.  Your build may be incomplete.
make[2]: Warning: File 'CMakeFiles/geometry_msgs_generate_messages_py.dir/progress.make' has modification time 1745461205 s in the future
make[2]: warning:  Clock skew detected.  Your build may be incomplete.
make[2]: warning:  Clock skew detected.  Your build may be incomplete.
make[2]: Warning: File 'CMakeFiles/_mavros_msgs_generate_messages_check_deps_EstimatorStatus.dir/progress.make' has modification time 1745461205 s in the future
make[2]: warning:  Clock skew detected.  Your build may be incomplete.
make[2]: Warning: File 'CMakeFiles/_mavros_msgs_generate_messages_check_deps_Thrust.dir/progress.make' has modification time 1745461205 s in the future
make[2]: Warning: File 'CMakeFiles/_mavros_msgs_generate_messages_check_deps_LogRequestData.dir/progress.make' has modification time 1745461205 s in the future
make[2]: warning:  Clock skew detected.  Your build may be incomplete.
make[2]: Warning: File 'CMakeFiles/_mavros_msgs_generate_messages_check_deps_Thrust.dir/progress.make' has modification time 1745461205 s in the future
make[2]: warning:  Clock skew detected.  Your build may be incomplete.
make[2]: warning:  Clock skew detected.  Your build may be incomplete.
make[2]: warning:  Clock skew detected.  Your build may be incomplete.
make[2]: Warning: File 'CMakeFiles/_mavros_msgs_generate_messages_check_deps_GPSRTK.dir/progress.make' has modification time 1745461205 s in the future
make[2]: Warning: File 'CMakeFiles/_mavros_msgs_generate_messages_check_deps_LogRequestData.dir/progress.make' has modification time 1745461205 s in the future
make[2]: Warning: File 'CMakeFiles/_mavros_msgs_generate_messages_check_deps_CellularStatus.dir/progress.make' has modification time 1745461205 s in the future
make[2]: warning:  Clock skew detected.  Your build may be incomplete.
make[2]: Warning: File 'CMakeFiles/_mavros_msgs_generate_messages_check_deps_GPSRTK.dir/progress.make' has modification time 1745461205 s in the future
make[2]: warning:  Clock skew detected.  Your build may be incomplete.
make[2]: Warning: File 'CMakeFiles/_mavros_msgs_generate_messages_check_deps_CellularStatus.dir/progress.make' has modification time 1745461205 s in the future
make[2]: warning:  Clock skew detected.  Your build may be incomplete.
make[2]: warning:  Clock skew detected.  Your build may be incomplete.
make[2]: Warning: File 'CMakeFiles/_mavros_msgs_generate_messages_check_deps_ESCTelemetryItem.dir/progress.make' has modification time 1745461205 s in the future
make[2]: Warning: File 'CMakeFiles/_mavros_msgs_generate_messages_check_deps_OnboardComputerStatus.dir/progress.make' has modification time 1745461205 s in the future
make[2]: warning:  Clock skew detected.  Your build may be incomplete.
make[2]: warning:  Clock skew detected.  Your build may be incomplete.
make[2]: Warning: File 'CMakeFiles/_mavros_msgs_generate_messages_check_deps_ESCTelemetryItem.dir/progress.make' has modification time 1745461205 s in the future
make[2]: warning:  Clock skew detected.  Your build may be incomplete.
make[2]: Warning: File 'CMakeFiles/_mavros_msgs_generate_messages_check_deps_CameraImageCaptured.dir/progress.make' has modification time 1745461205 s in the future
make[2]: warning:  Clock skew detected.  Your build may be incomplete.
make[2]: Warning: File 'CMakeFiles/_mavros_msgs_generate_messages_check_deps_Altitude.dir/progress.make' has modification time 1745461205 s in the future
make[2]: Warning: File 'CMakeFiles/_mavros_msgs_generate_messages_check_deps_OnboardComputerStatus.dir/progress.make' has modification time 1745461205 s in the future
make[2]: warning:  Clock skew detected.  Your build may be incomplete.
make[2]: Warning: File 'CMakeFiles/_mavros_msgs_generate_messages_check_deps_CameraImageCaptured.dir/progress.make' has modification time 1745461205 s in the future
make[2]: warning:  Clock skew detected.  Your build may be incomplete.
make[2]: Warning: File 'CMakeFiles/_mavros_msgs_generate_messages_check_deps_Altitude.dir/progress.make' has modification time 1745461205 s in the future
make[2]: warning:  Clock skew detected.  Your build may be incomplete.
make[2]: warning:  Clock skew detected.  Your build may be incomplete.
make[2]: warning:  Clock skew detected.  Your build may be incomplete.
make[2]: warning:  Clock skew detected.  Your build may be incomplete.
make[2]: Warning: File 'CMakeFiles/_mavros_msgs_generate_messages_check_deps_RTCM.dir/progress.make' has modification time 1745461205 s in the future
make[2]: Warning: File 'CMakeFiles/_mavros_msgs_generate_messages_check_deps_VFR_HUD.dir/progress.make' has modification time 1745461205 s in the future
make[2]: Warning: File 'CMakeFiles/_mavros_msgs_generate_messages_check_deps_CommandInt.dir/progress.make' has modification time 1745461205 s in the future
make[2]: Warning: File 'CMakeFiles/_mavros_msgs_generate_messages_check_deps_ESCTelemetry.dir/progress.make' has modification time 1745461205 s in the future
make[2]: warning:  Clock skew detected.  Your build may be incomplete.
make[2]: Warning: File 'CMakeFiles/_mavros_msgs_generate_messages_check_deps_RTCM.dir/progress.make' has modification time 1745461205 s in the future
make[2]: warning:  Clock skew detected.  Your build may be incomplete.
make[2]: warning:  Clock skew detected.  Your build may be incomplete.
make[2]: warning:  Clock skew detected.  Your build may be incomplete.
make[2]: Warning: File 'CMakeFiles/_mavros_msgs_generate_messages_check_deps_CommandInt.dir/progress.make' has modification time 1745461205 s in the future
make[2]: Warning: File 'CMakeFiles/_mavros_msgs_generate_messages_check_deps_VFR_HUD.dir/progress.make' has modification time 1745461205 s in the future
make[2]: Warning: File 'CMakeFiles/_mavros_msgs_generate_messages_check_deps_ESCTelemetry.dir/progress.make' has modification time 1745461205 s in the future
make[2]: warning:  Clock skew detected.  Your build may be incomplete.
make[2]: warning:  Clock skew detected.  Your build may be incomplete.
make[2]: Warning: File 'CMakeFiles/_mavros_msgs_generate_messages_check_deps_HilGPS.dir/progress.make' has modification time 1745461205 s in the future
make[2]: Warning: File 'CMakeFiles/_mavros_msgs_generate_messages_check_deps_LandingTarget.dir/progress.make' has modification time 1745461205 s in the future
make[2]: warning:  Clock skew detected.  Your build may be incomplete.
make[2]: warning:  Clock skew detected.  Your build may be incomplete.
make[2]: Warning: File 'CMakeFiles/_mavros_msgs_generate_messages_check_deps_HilGPS.dir/progress.make' has modification time 1745461205 s in the future
make[2]: Warning: File 'CMakeFiles/_mavros_msgs_generate_messages_check_deps_HilActuatorControls.dir/progress.make' has modification time 1745461205 s in the future
make[2]: warning:  Clock skew detected.  Your build may be incomplete.
make[2]: warning:  Clock skew detected.  Your build may be incomplete.
make[2]: Warning: File 'CMakeFiles/_mavros_msgs_generate_messages_check_deps_LandingTarget.dir/progress.make' has modification time 1745461205 s in the future
make[2]: warning:  Clock skew detected.  Your build may be incomplete.
make[2]: Warning: File 'CMakeFiles/_mavros_msgs_generate_messages_check_deps_HilActuatorControls.dir/progress.make' has modification time 1745461205 s in the future
make[2]: Warning: File 'CMakeFiles/_mavros_msgs_generate_messages_check_deps_AttitudeTarget.dir/progress.make' has modification time 1745461205 s in the future
make[2]: warning:  Clock skew detected.  Your build may be incomplete.
make[2]: Warning: File 'CMakeFiles/_mavros_msgs_generate_messages_check_deps_AttitudeTarget.dir/progress.make' has modification time 1745461205 s in the future
make[2]: warning:  Clock skew detected.  Your build may be incomplete.
make[2]: warning:  Clock skew detected.  Your build may be incomplete.
make[2]: Warning: File 'CMakeFiles/_mavros_msgs_generate_messages_check_deps_FileWrite.dir/progress.make' has modification time 1745461205 s in the future
make[2]: warning:  Clock skew detected.  Your build may be incomplete.
make[2]: Warning: File 'CMakeFiles/_mavros_msgs_generate_messages_check_deps_FileWrite.dir/progress.make' has modification time 1745461205 s in the future
make[2]: warning:  Clock skew detected.  Your build may be incomplete.
make[2]: Warning: File 'CMakeFiles/_mavros_msgs_generate_messages_check_deps_HilSensor.dir/progress.make' has modification time 1745461205 s in the future
make[2]: Warning: File 'CMakeFiles/_mavros_msgs_generate_messages_check_deps_State.dir/progress.make' has modification time 1745461205 s in the future
make[2]: warning:  Clock skew detected.  Your build may be incomplete.
make[2]: Warning: File 'CMakeFiles/_mavros_msgs_generate_messages_check_deps_HilSensor.dir/progress.make' has modification time 1745461205 s in the future
make[2]: warning:  Clock skew detected.  Your build may be incomplete.
make[2]: warning:  Clock skew detected.  Your build may be incomplete.
make[2]: warning:  Clock skew detected.  Your build may be incomplete.
make[2]: Warning: File 'CMakeFiles/_mavros_msgs_generate_messages_check_deps_State.dir/progress.make' has modification time 1745461205 s in the future
make[2]: Warning: File 'CMakeFiles/_mavros_msgs_generate_messages_check_deps_HilStateQuaternion.dir/progress.make' has modification time 1745461205 s in the future
make[2]: Warning: File 'CMakeFiles/_mavros_msgs_generate_messages_check_deps_MagnetometerReporter.dir/progress.make' has modification time 1745461205 s in the future
make[2]: warning:  Clock skew detected.  Your build may be incomplete.
make[2]: Warning: File 'CMakeFiles/_mavros_msgs_generate_messages_check_deps_HilStateQuaternion.dir/progress.make' has modification time 1745461205 s in the future
make[2]: warning:  Clock skew detected.  Your build may be incomplete.
make[2]: warning:  Clock skew detected.  Your build may be incomplete.
make[2]: Warning: File 'CMakeFiles/_mavros_msgs_generate_messages_check_deps_MagnetometerReporter.dir/progress.make' has modification time 1745461205 s in the future
make[2]: Warning: File 'CMakeFiles/_mavros_msgs_generate_messages_check_deps_HomePosition.dir/progress.make' has modification time 1745461204 s in the future
make[2]: warning:  Clock skew detected.  Your build may be incomplete.
make[2]: warning:  Clock skew detected.  Your build may be incomplete.
make[2]: Warning: File 'CMakeFiles/_mavros_msgs_generate_messages_check_deps_HomePosition.dir/progress.make' has modification time 1745461204 s in the future
make[2]: warning:  Clock skew detected.  Your build may be incomplete.
make[2]: Warning: File 'CMakeFiles/_mavros_msgs_generate_messages_check_deps_LogData.dir/progress.make' has modification time 1745461204 s in the future
make[2]: warning:  Clock skew detected.  Your build may be incomplete.
make[2]: Warning: File 'CMakeFiles/_mavros_msgs_generate_messages_check_deps_LogData.dir/progress.make' has modification time 1745461204 s in the future
make[2]: Warning: File 'CMakeFiles/std_msgs_generate_messages_py.dir/progress.make' has modification time 1745461204 s in the future
make[2]: warning:  Clock skew detected.  Your build may be incomplete.
make[2]: warning:  Clock skew detected.  Your build may be incomplete.
make[2]: Warning: File 'CMakeFiles/std_msgs_generate_messages_py.dir/progress.make' has modification time 1745461204 s in the future
make[2]: warning:  Clock skew detected.  Your build may be incomplete.
make[2]: Warning: File 'CMakeFiles/_mavros_msgs_generate_messages_check_deps_PlayTuneV2.dir/progress.make' has modification time 1745461204 s in the future
make[2]: Warning: File 'CMakeFiles/_mavros_msgs_generate_messages_check_deps_CommandTOL.dir/progress.make' has modification time 1745461204 s in the future
make[2]: warning:  Clock skew detected.  Your build may be incomplete.
make[2]: warning:  Clock skew detected.  Your build may be incomplete.
make[2]: Warning: File 'CMakeFiles/_mavros_msgs_generate_messages_check_deps_CommandTOL.dir/progress.make' has modification time 1745461204 s in the future
make[2]: Warning: File 'CMakeFiles/_mavros_msgs_generate_messages_check_deps_PlayTuneV2.dir/progress.make' has modification time 1745461204 s in the future
make[2]: warning:  Clock skew detected.  Your build may be incomplete.
make[2]: warning:  Clock skew detected.  Your build may be incomplete.
make[2]: Warning: File 'CMakeFiles/_mavros_msgs_generate_messages_check_deps_LogEntry.dir/progress.make' has modification time 1745461204 s in the future
make[2]: warning:  Clock skew detected.  Your build may be incomplete.
make[2]: Warning: File 'CMakeFiles/geographic_msgs_generate_messages_py.dir/progress.make' has modification time 1745461204 s in the future
make[2]: Warning: File 'CMakeFiles/_mavros_msgs_generate_messages_check_deps_OverrideRCIn.dir/progress.make' has modification time 1745461204 s in the future
make[2]: warning:  Clock skew detected.  Your build may be incomplete.
make[2]: Warning: File 'CMakeFiles/geographic_msgs_generate_messages_py.dir/progress.make' has modification time 1745461204 s in the future
make[2]: warning:  Clock skew detected.  Your build may be incomplete.
make[2]: warning:  Clock skew detected.  Your build may be incomplete.
make[2]: warning:  Clock skew detected.  Your build may be incomplete.
make[2]: Warning: File 'CMakeFiles/_mavros_msgs_generate_messages_check_deps_OverrideRCIn.dir/progress.make' has modification time 1745461204 s in the future
make[2]: warning:  Clock skew detected.  Your build may be incomplete.
make[2]: Warning: File 'CMakeFiles/_mavros_msgs_generate_messages_check_deps_LogEntry.dir/progress.make' has modification time 1745461204 s in the future
make[2]: Warning: File 'CMakeFiles/_mavros_msgs_generate_messages_check_deps_ManualControl.dir/progress.make' has modification time 1745461204 s in the future
make[2]: Warning: File 'CMakeFiles/_mavros_msgs_generate_messages_check_deps_Waypoint.dir/progress.make' has modification time 1745461204 s in the future
make[2]: warning:  Clock skew detected.  Your build may be incomplete.
make[2]: Warning: File 'CMakeFiles/_mavros_msgs_generate_messages_check_deps_ManualControl.dir/progress.make' has modification time 1745461204 s in the future
make[2]: warning:  Clock skew detected.  Your build may be incomplete.
make[2]: Warning: File 'CMakeFiles/_mavros_msgs_generate_messages_check_deps_Waypoint.dir/progress.make' has modification time 1745461204 s in the future
make[2]: warning:  Clock skew detected.  Your build may be incomplete.
make[2]: warning:  Clock skew detected.  Your build may be incomplete.
make[2]: Warning: File 'CMakeFiles/_mavros_msgs_generate_messages_check_deps_Mavlink.dir/progress.make' has modification time 1745461204 s in the future
make[2]: warning:  Clock skew detected.  Your build may be incomplete.
make[2]: Warning: File 'CMakeFiles/_mavros_msgs_generate_messages_check_deps_Mavlink.dir/progress.make' has modification time 1745461204 s in the future
make[2]: Warning: File 'CMakeFiles/_mavros_msgs_generate_messages_check_deps_OpticalFlowRad.dir/progress.make' has modification time 1745461204 s in the future
make[2]: warning:  Clock skew detected.  Your build may be incomplete.
make[2]: warning:  Clock skew detected.  Your build may be incomplete.
make[2]: Warning: File 'CMakeFiles/_mavros_msgs_generate_messages_check_deps_FileChecksum.dir/progress.make' has modification time 1745461204 s in the future
make[2]: warning:  Clock skew detected.  Your build may be incomplete.
make[2]: Warning: File 'CMakeFiles/_mavros_msgs_generate_messages_check_deps_OpticalFlowRad.dir/progress.make' has modification time 1745461204 s in the future
make[2]: Warning: File 'CMakeFiles/_mavros_msgs_generate_messages_check_deps_PositionTarget.dir/progress.make' has modification time 1745461204 s in the future
make[2]: warning:  Clock skew detected.  Your build may be incomplete.
make[2]: Warning: File 'CMakeFiles/_mavros_msgs_generate_messages_check_deps_FileChecksum.dir/progress.make' has modification time 1745461204 s in the future
make[2]: warning:  Clock skew detected.  Your build may be incomplete.
make[2]: Warning: File 'CMakeFiles/_mavros_msgs_generate_messages_check_deps_PositionTarget.dir/progress.make' has modification time 1745461204 s in the future
make[2]: warning:  Clock skew detected.  Your build may be incomplete.
make[2]: warning:  Clock skew detected.  Your build may be incomplete.
make[2]: Warning: File 'CMakeFiles/_mavros_msgs_generate_messages_check_deps_CommandVtolTransition.dir/progress.make' has modification time 1745461204 s in the future
make[2]: Warning: File 'CMakeFiles/_mavros_msgs_generate_messages_check_deps_RCIn.dir/progress.make' has modification time 1745461204 s in the future
make[2]: warning:  Clock skew detected.  Your build may be incomplete.
make[2]: warning:  Clock skew detected.  Your build may be incomplete.
make[2]: Warning: File 'CMakeFiles/_mavros_msgs_generate_messages_check_deps_CommandVtolTransition.dir/progress.make' has modification time 1745461204 s in the future
make[2]: warning:  Clock skew detected.  Your build may be incomplete.
make[2]: Warning: File 'CMakeFiles/_mavros_msgs_generate_messages_check_deps_RCIn.dir/progress.make' has modification time 1745461204 s in the future
make[2]: warning:  Clock skew detected.  Your build may be incomplete.
make[2]: Warning: File 'CMakeFiles/_mavros_msgs_generate_messages_check_deps_ESCInfo.dir/progress.make' has modification time 1745461204 s in the future
make[2]: warning:  Clock skew detected.  Your build may be incomplete.
make[2]: Warning: File 'CMakeFiles/_mavros_msgs_generate_messages_check_deps_RCOut.dir/progress.make' has modification time 1745461204 s in the future
make[2]: Warning: File 'CMakeFiles/_mavros_msgs_generate_messages_check_deps_ESCInfo.dir/progress.make' has modification time 1745461204 s in the future
make[2]: warning:  Clock skew detected.  Your build may be incomplete.
make[2]: Warning: File 'CMakeFiles/_mavros_msgs_generate_messages_check_deps_RCOut.dir/progress.make' has modification time 1745461204 s in the future
make[2]: warning:  Clock skew detected.  Your build may be incomplete.
make[2]: Warning: File 'CMakeFiles/_mavros_msgs_generate_messages_check_deps_RadioStatus.dir/progress.make' has modification time 1745461204 s in the future
make[2]: warning:  Clock skew detected.  Your build may be incomplete.
make[2]: Warning: File 'CMakeFiles/_mavros_msgs_generate_messages_check_deps_RTKBaseline.dir/progress.make' has modification time 1745461204 s in the future
make[2]: warning:  Clock skew detected.  Your build may be incomplete.
make[2]: warning:  Clock skew detected.  Your build may be incomplete.
make[2]: Warning: File 'CMakeFiles/_mavros_msgs_generate_messages_check_deps_RadioStatus.dir/progress.make' has modification time 1745461204 s in the future
make[2]: Warning: File 'CMakeFiles/_mavros_msgs_generate_messages_check_deps_RTKBaseline.dir/progress.make' has modification time 1745461204 s in the future
make[2]: warning:  Clock skew detected.  Your build may be incomplete.
make[2]: warning:  Clock skew detected.  Your build may be incomplete.
make[2]: Warning: File 'CMakeFiles/_mavros_msgs_generate_messages_check_deps_SetMavFrame.dir/progress.make' has modification time 1745461204 s in the future
make[2]: Warning: File 'CMakeFiles/_mavros_msgs_generate_messages_check_deps_ParamValue.dir/progress.make' has modification time 1745461204 s in the future
make[2]: warning:  Clock skew detected.  Your build may be incomplete.
make[2]: warning:  Clock skew detected.  Your build may be incomplete.
make[2]: warning:  Clock skew detected.  Your build may be incomplete.
make[2]: Warning: File 'CMakeFiles/_mavros_msgs_generate_messages_check_deps_SetMavFrame.dir/progress.make' has modification time 1745461204 s in the future
make[2]: warning:  Clock skew detected.  Your build may be incomplete.
make[2]: Warning: File 'CMakeFiles/_mavros_msgs_generate_messages_check_deps_SysStatus.dir/progress.make' has modification time 1745461204 s in the future
make[2]: Warning: File 'CMakeFiles/_mavros_msgs_generate_messages_check_deps_ParamValue.dir/progress.make' has modification time 1745461204 s in the future
make[2]: Warning: File 'CMakeFiles/_mavros_msgs_generate_messages_check_deps_DebugValue.dir/progress.make' has modification time 1745461204 s in the future
make[2]: warning:  Clock skew detected.  Your build may be incomplete.
make[2]: Warning: File 'CMakeFiles/_mavros_msgs_generate_messages_check_deps_SysStatus.dir/progress.make' has modification time 1745461204 s in the future
make[2]: warning:  Clock skew detected.  Your build may be incomplete.
make[2]: Warning: File 'CMakeFiles/_mavros_msgs_generate_messages_check_deps_DebugValue.dir/progress.make' has modification time 1745461204 s in the future
make[2]: warning:  Clock skew detected.  Your build may be incomplete.
make[2]: Warning: File 'CMakeFiles/_mavros_msgs_generate_messages_check_deps_Tunnel.dir/progress.make' has modification time 1745461203 s in the future
make[2]: warning:  Clock skew detected.  Your build may be incomplete.
make[2]: Warning: File 'CMakeFiles/_mavros_msgs_generate_messages_check_deps_Tunnel.dir/progress.make' has modification time 1745461203 s in the future
make[2]: warning:  Clock skew detected.  Your build may be incomplete.
make[2]: warning:  Clock skew detected.  Your build may be incomplete.
make[2]: Warning: File 'CMakeFiles/_mavros_msgs_generate_messages_check_deps_WheelOdomStamped.dir/progress.make' has modification time 1745461203 s in the future
make[2]: warning:  Clock skew detected.  Your build may be incomplete.
make[2]: warning:  Clock skew detected.  Your build may be incomplete.
make[2]: Warning: File 'CMakeFiles/_mavros_msgs_generate_messages_check_deps_WheelOdomStamped.dir/progress.make' has modification time 1745461203 s in the future
make[2]: Warning: File 'CMakeFiles/_mavros_msgs_generate_messages_check_deps_VehicleInfo.dir/progress.make' has modification time 1745461203 s in the future
make[2]: Warning: File 'CMakeFiles/_mavros_msgs_generate_messages_check_deps_MountControl.dir/progress.make' has modification time 1745461203 s in the future
make[2]: warning:  Clock skew detected.  Your build may be incomplete.
make[2]: Warning: File 'CMakeFiles/_mavros_msgs_generate_messages_check_deps_VehicleInfo.dir/progress.make' has modification time 1745461203 s in the future
make[2]: warning:  Clock skew detected.  Your build may be incomplete.
make[2]: Warning: File 'CMakeFiles/_mavros_msgs_generate_messages_check_deps_MountControl.dir/progress.make' has modification time 1745461203 s in the future
make[2]: warning:  Clock skew detected.  Your build may be incomplete.
make[2]: Warning: File 'CMakeFiles/_mavros_msgs_generate_messages_check_deps_Vibration.dir/progress.make' has modification time 1745461203 s in the future
make[2]: warning:  Clock skew detected.  Your build may be incomplete.
make[2]: warning:  Clock skew detected.  Your build may be incomplete.
make[2]: Warning: File 'CMakeFiles/_mavros_msgs_generate_messages_check_deps_Vibration.dir/progress.make' has modification time 1745461203 s in the future
make[2]: warning:  Clock skew detected.  Your build may be incomplete.
make[2]: Warning: File 'CMakeFiles/_mavros_msgs_generate_messages_check_deps_WaypointList.dir/progress.make' has modification time 1745461203 s in the future
make[2]: Warning: File 'CMakeFiles/_mavros_msgs_generate_messages_check_deps_FileClose.dir/progress.make' has modification time 1745461203 s in the future
make[2]: warning:  Clock skew detected.  Your build may be incomplete.
make[2]: warning:  Clock skew detected.  Your build may be incomplete.
make[2]: Warning: File 'CMakeFiles/_mavros_msgs_generate_messages_check_deps_FileClose.dir/progress.make' has modification time 1745461203 s in the future
make[2]: Warning: File 'CMakeFiles/_mavros_msgs_generate_messages_check_deps_WaypointList.dir/progress.make' has modification time 1745461203 s in the future
make[2]: Warning: File 'CMakeFiles/_mavros_msgs_generate_messages_check_deps_NavControllerOutput.dir/progress.make' has modification time 1745461203 s in the future
make[2]: warning:  Clock skew detected.  Your build may be incomplete.
make[2]: warning:  Clock skew detected.  Your build may be incomplete.
make[2]: Warning: File 'CMakeFiles/_mavros_msgs_generate_messages_check_deps_NavControllerOutput.dir/progress.make' has modification time 1745461203 s in the future
make[2]: warning:  Clock skew detected.  Your build may be incomplete.
make[2]: Warning: File 'CMakeFiles/_mavros_msgs_generate_messages_check_deps_ParamPull.dir/progress.make' has modification time 1745461203 s in the future
make[2]: warning:  Clock skew detected.  Your build may be incomplete.
make[2]: warning:  Clock skew detected.  Your build may be incomplete.
make[2]: warning:  Clock skew detected.  Your build may be incomplete.
make[2]: Warning: File 'CMakeFiles/_mavros_msgs_generate_messages_check_deps_Trajectory.dir/progress.make' has modification time 1745461203 s in the future
make[2]: Warning: File 'CMakeFiles/_mavros_msgs_generate_messages_check_deps_WaypointReached.dir/progress.make' has modification time 1745461203 s in the future
make[2]: Warning: File 'CMakeFiles/_mavros_msgs_generate_messages_check_deps_ParamPull.dir/progress.make' has modification time 1745461203 s in the future
make[2]: warning:  Clock skew detected.  Your build may be incomplete.
make[2]: Warning: File 'CMakeFiles/_mavros_msgs_generate_messages_check_deps_Trajectory.dir/progress.make' has modification time 1745461203 s in the future
make[2]: Warning: File 'CMakeFiles/_mavros_msgs_generate_messages_check_deps_CommandAck.dir/progress.make' has modification time 1745461203 s in the future
make[2]: warning:  Clock skew detected.  Your build may be incomplete.
make[2]: warning:  Clock skew detected.  Your build may be incomplete.
make[2]: warning:  Clock skew detected.  Your build may be incomplete.
make[2]: Warning: File 'CMakeFiles/_mavros_msgs_generate_messages_check_deps_CommandAck.dir/progress.make' has modification time 1745461203 s in the future
make[2]: Warning: File 'CMakeFiles/_mavros_msgs_generate_messages_check_deps_BatteryStatus.dir/progress.make' has modification time 1745461203 s in the future
make[2]: Warning: File 'CMakeFiles/_mavros_msgs_generate_messages_check_deps_WaypointReached.dir/progress.make' has modification time 1745461203 s in the future
make[2]: Warning: File 'CMakeFiles/_mavros_msgs_generate_messages_check_deps_GPSRAW.dir/progress.make' has modification time 1745461203 s in the future
make[2]: warning:  Clock skew detected.  Your build may be incomplete.
make[2]: Warning: File 'CMakeFiles/_mavros_msgs_generate_messages_check_deps_BatteryStatus.dir/progress.make' has modification time 1745461203 s in the future
make[2]: warning:  Clock skew detected.  Your build may be incomplete.
make[2]: Warning: File 'CMakeFiles/_mavros_msgs_generate_messages_check_deps_GPSRAW.dir/progress.make' has modification time 1745461203 s in the future
make[2]: warning:  Clock skew detected.  Your build may be incomplete.
make[2]: warning:  Clock skew detected.  Your build may be incomplete.
make[2]: Warning: File 'CMakeFiles/_mavros_msgs_generate_messages_check_deps_CommandBool.dir/progress.make' has modification time 1745461203 s in the future
make[2]: Warning: File 'CMakeFiles/_mavros_msgs_generate_messages_check_deps_CommandLong.dir/progress.make' has modification time 1745461203 s in the future
make[2]: warning:  Clock skew detected.  Your build may be incomplete.
make[2]: Warning: File 'CMakeFiles/_mavros_msgs_generate_messages_check_deps_CommandBool.dir/progress.make' has modification time 1745461203 s in the future
make[2]: warning:  Clock skew detected.  Your build may be incomplete.
make[2]: Warning: File 'CMakeFiles/_mavros_msgs_generate_messages_check_deps_CommandLong.dir/progress.make' has modification time 1745461203 s in the future
make[2]: warning:  Clock skew detected.  Your build may be incomplete.
make[2]: warning:  Clock skew detected.  Your build may be incomplete.
make[2]: warning:  Clock skew detected.  Your build may be incomplete.
make[2]: warning:  Clock skew detected.  Your build may be incomplete.
make[2]: Warning: File 'CMakeFiles/_mavros_msgs_generate_messages_check_deps_CommandTriggerControl.dir/progress.make' has modification time 1745461203 s in the future
make[2]: warning:  Clock skew detected.  Your build may be incomplete.
make[2]: Warning: File 'CMakeFiles/_mavros_msgs_generate_messages_check_deps_FileList.dir/progress.make' has modification time 1745461203 s in the future
make[2]: Warning: File 'CMakeFiles/_mavros_msgs_generate_messages_check_deps_FileMakeDir.dir/progress.make' has modification time 1745461203 s in the future
make[2]: Warning: File 'CMakeFiles/_mavros_msgs_generate_messages_check_deps_TerrainReport.dir/progress.make' has modification time 1745461203 s in the future
make[2]: warning:  Clock skew detected.  Your build may be incomplete.
make[2]: Warning: File 'CMakeFiles/_mavros_msgs_generate_messages_check_deps_CommandTriggerControl.dir/progress.make' has modification time 1745461203 s in the future
make[2]: warning:  Clock skew detected.  Your build may be incomplete.
make[2]: warning:  Clock skew detected.  Your build may be incomplete.
make[2]: Warning: File 'CMakeFiles/_mavros_msgs_generate_messages_check_deps_FileMakeDir.dir/progress.make' has modification time 1745461203 s in the future
make[2]: warning:  Clock skew detected.  Your build may be incomplete.
make[2]: Warning: File 'CMakeFiles/_mavros_msgs_generate_messages_check_deps_FileRead.dir/progress.make' has modification time 1745461203 s in the future
make[2]: Warning: File 'CMakeFiles/_mavros_msgs_generate_messages_check_deps_FileList.dir/progress.make' has modification time 1745461203 s in the future
make[2]: warning:  Clock skew detected.  Your build may be incomplete.
make[2]: Warning: File 'CMakeFiles/_mavros_msgs_generate_messages_check_deps_TerrainReport.dir/progress.make' has modification time 1745461203 s in the future
make[2]: warning:  Clock skew detected.  Your build may be incomplete.
make[2]: Warning: File 'CMakeFiles/_mavros_msgs_generate_messages_check_deps_FileRead.dir/progress.make' has modification time 1745461203 s in the future
make[2]: Warning: File 'CMakeFiles/_mavros_msgs_generate_messages_check_deps_StatusText.dir/progress.make' has modification time 1745461203 s in the future
make[2]: warning:  Clock skew detected.  Your build may be incomplete.
make[2]: Warning: File 'CMakeFiles/_mavros_msgs_generate_messages_check_deps_StatusText.dir/progress.make' has modification time 1745461203 s in the future
make[2]: warning:  Clock skew detected.  Your build may be incomplete.
make[2]: warning:  Clock skew detected.  Your build may be incomplete.
make[2]: warning:  Clock skew detected.  Your build may be incomplete.
make[2]: Warning: File 'CMakeFiles/_mavros_msgs_generate_messages_check_deps_FileTruncate.dir/progress.make' has modification time 1745461203 s in the future
make[2]: warning:  Clock skew detected.  Your build may be incomplete.
make[2]: Warning: File 'CMakeFiles/_mavros_msgs_generate_messages_check_deps_LogRequestEnd.dir/progress.make' has modification time 1745461203 s in the future
make[2]: Warning: File 'CMakeFiles/_mavros_msgs_generate_messages_check_deps_ParamGet.dir/progress.make' has modification time 1745461203 s in the future
make[2]: warning:  Clock skew detected.  Your build may be incomplete.
make[2]: warning:  Clock skew detected.  Your build may be incomplete.
make[2]: warning:  Clock skew detected.  Your build may be incomplete.
make[2]: warning:  Clock skew detected.  Your build may be incomplete.
make[2]: Warning: File 'CMakeFiles/_mavros_msgs_generate_messages_check_deps_FileTruncate.dir/progress.make' has modification time 1745461203 s in the future
make[2]: Warning: File 'CMakeFiles/_mavros_msgs_generate_messages_check_deps_LogRequestEnd.dir/progress.make' has modification time 1745461203 s in the future
make[2]: Warning: File 'CMakeFiles/_mavros_msgs_generate_messages_check_deps_CommandTriggerInterval.dir/progress.make' has modification time 1745461203 s in the future
make[2]: warning:  Clock skew detected.  Your build may be incomplete.
make[2]: Warning: File 'CMakeFiles/_mavros_msgs_generate_messages_check_deps_ParamGet.dir/progress.make' has modification time 1745461203 s in the future
make[2]: warning:  Clock skew detected.  Your build may be incomplete.
make[2]: Warning: File 'CMakeFiles/_mavros_msgs_generate_messages_check_deps_CommandTriggerInterval.dir/progress.make' has modification time 1745461203 s in the future
make[2]: Warning: File 'CMakeFiles/_mavros_msgs_generate_messages_check_deps_ParamPush.dir/progress.make' has modification time 1745461203 s in the future
make[2]: Warning: File 'CMakeFiles/_mavros_msgs_generate_messages_check_deps_ParamSet.dir/progress.make' has modification time 1745461203 s in the future
make[2]: warning:  Clock skew detected.  Your build may be incomplete.
make[2]: Warning: File 'CMakeFiles/_mavros_msgs_generate_messages_check_deps_ParamPush.dir/progress.make' has modification time 1745461203 s in the future
make[2]: warning:  Clock skew detected.  Your build may be incomplete.
make[2]: warning:  Clock skew detected.  Your build may be incomplete.
make[2]: warning:  Clock skew detected.  Your build may be incomplete.
make[2]: warning:  Clock skew detected.  Your build may be incomplete.
make[2]: Warning: File 'CMakeFiles/_mavros_msgs_generate_messages_check_deps_ParamSet.dir/progress.make' has modification time 1745461203 s in the future
make[2]: warning:  Clock skew detected.  Your build may be incomplete.
make[2]: Warning: File 'CMakeFiles/_mavros_msgs_generate_messages_check_deps_FileRemoveDir.dir/progress.make' has modification time 1745461203 s in the future
make[2]: Warning: File 'CMakeFiles/_mavros_msgs_generate_messages_check_deps_SetMode.dir/progress.make' has modification time 1745461203 s in the future
make[2]: warning:  Clock skew detected.  Your build may be incomplete.
make[2]: Warning: File 'CMakeFiles/_mavros_msgs_generate_messages_check_deps_ESCStatusItem.dir/progress.make' has modification time 1745461203 s in the future
make[2]: Warning: File 'CMakeFiles/_mavros_msgs_generate_messages_check_deps_FileRemoveDir.dir/progress.make' has modification time 1745461203 s in the future
make[2]: Warning: File 'CMakeFiles/_mavros_msgs_generate_messages_check_deps_MountConfigure.dir/progress.make' has modification time 1745461203 s in the future
make[2]: warning:  Clock skew detected.  Your build may be incomplete.
make[2]: warning:  Clock skew detected.  Your build may be incomplete.
make[2]: Warning: File 'CMakeFiles/_mavros_msgs_generate_messages_check_deps_ESCStatusItem.dir/progress.make' has modification time 1745461203 s in the future
make[2]: Warning: File 'CMakeFiles/_mavros_msgs_generate_messages_check_deps_MountConfigure.dir/progress.make' has modification time 1745461203 s in the future
make[2]: warning:  Clock skew detected.  Your build may be incomplete.
make[2]: Warning: File 'CMakeFiles/_mavros_msgs_generate_messages_check_deps_SetMode.dir/progress.make' has modification time 1745461203 s in the future
make[2]: warning:  Clock skew detected.  Your build may be incomplete.
make[2]: Warning: File 'CMakeFiles/_mavros_msgs_generate_messages_check_deps_WaypointSetCurrent.dir/progress.make' has modification time 1745461203 s in the future
make[2]: warning:  Clock skew detected.  Your build may be incomplete.
make[2]: Warning: File 'CMakeFiles/_mavros_msgs_generate_messages_check_deps_WaypointSetCurrent.dir/progress.make' has modification time 1745461202 s in the future
make[2]: warning:  Clock skew detected.  Your build may be incomplete.
make[2]: warning:  Clock skew detected.  Your build may be incomplete.
make[2]: warning:  Clock skew detected.  Your build may be incomplete.
make[2]: warning:  Clock skew detected.  Your build may be incomplete.
make[2]: Warning: File 'CMakeFiles/_mavros_msgs_generate_messages_check_deps_ESCStatus.dir/progress.make' has modification time 1745461202 s in the future
make[2]: Warning: File 'CMakeFiles/geometry_msgs_generate_messages_nodejs.dir/progress.make' has modification time 1745461202 s in the future
make[2]: Warning: File 'CMakeFiles/sensor_msgs_generate_messages_nodejs.dir/progress.make' has modification time 1745461202 s in the future
make[2]: warning:  Clock skew detected.  Your build may be incomplete.
make[2]: Warning: File 'CMakeFiles/_mavros_msgs_generate_messages_check_deps_ESCStatus.dir/progress.make' has modification time 1745461202 s in the future
make[2]: Warning: File 'CMakeFiles/geographic_msgs_generate_messages_nodejs.dir/progress.make' has modification time 1745461202 s in the future
make[2]: warning:  Clock skew detected.  Your build may be incomplete.
make[2]: warning:  Clock skew detected.  Your build may be incomplete.
make[2]: warning:  Clock skew detected.  Your build may be incomplete.
make[2]: Warning: File 'CMakeFiles/sensor_msgs_generate_messages_nodejs.dir/progress.make' has modification time 1745461202 s in the future
make[2]: warning:  Clock skew detected.  Your build may be incomplete.
make[2]: warning:  Clock skew detected.  Your build may be incomplete.
make[2]: Warning: File 'CMakeFiles/std_msgs_generate_messages_nodejs.dir/progress.make' has modification time 1745461202 s in the future
make[2]: Warning: File 'CMakeFiles/geographic_msgs_generate_messages_nodejs.dir/progress.make' has modification time 1745461202 s in the future
make[2]: warning:  Clock skew detected.  Your build may be incomplete.
make[2]: warning:  Clock skew detected.  Your build may be incomplete.
make[2]: Warning: File 'CMakeFiles/geometry_msgs_generate_messages_nodejs.dir/progress.make' has modification time 1745461202 s in the future
make[2]: warning:  Clock skew detected.  Your build may be incomplete.
make[2]: Warning: File 'CMakeFiles/geometry_msgs_generate_messages_lisp.dir/progress.make' has modification time 1745461202 s in the future
make[2]: warning:  Clock skew detected.  Your build may be incomplete.
make[2]: Warning: File 'CMakeFiles/sensor_msgs_generate_messages_lisp.dir/progress.make' has modification time 1745461202 s in the future
make[2]: Warning: File 'CMakeFiles/std_msgs_generate_messages_nodejs.dir/progress.make' has modification time 1745461202 s in the future
make[2]: warning:  Clock skew detected.  Your build may be incomplete.
make[2]: Warning: File 'CMakeFiles/std_msgs_generate_messages_lisp.dir/progress.make' has modification time 1745461202 s in the future
make[2]: warning:  Clock skew detected.  Your build may be incomplete.
make[2]: Warning: File 'CMakeFiles/geographic_msgs_generate_messages_lisp.dir/progress.make' has modification time 1745461202 s in the future
make[2]: Warning: File 'CMakeFiles/sensor_msgs_generate_messages_lisp.dir/progress.make' has modification time 1745461202 s in the future
make[2]: warning:  Clock skew detected.  Your build may be incomplete.
make[2]: Warning: File 'CMakeFiles/geographic_msgs_generate_messages_eus.dir/progress.make' has modification time 1745461202 s in the future
make[2]: warning:  Clock skew detected.  Your build may be incomplete.
make[2]: Warning: File 'CMakeFiles/geometry_msgs_generate_messages_lisp.dir/progress.make' has modification time 1745461202 s in the future
make[2]: warning:  Clock skew detected.  Your build may be incomplete.
make[2]: warning:  Clock skew detected.  Your build may be incomplete.
make[2]: warning:  Clock skew detected.  Your build may be incomplete.
make[2]: warning:  Clock skew detected.  Your build may be incomplete.
make[2]: Warning: File 'CMakeFiles/geographic_msgs_generate_messages_eus.dir/progress.make' has modification time 1745461202 s in the future
make[2]: warning:  Clock skew detected.  Your build may be incomplete.
make[2]: Warning: File 'CMakeFiles/sensor_msgs_generate_messages_eus.dir/progress.make' has modification time 1745461202 s in the future
make[2]: Warning: File 'CMakeFiles/geographic_msgs_generate_messages_lisp.dir/progress.make' has modification time 1745461202 s in the future
make[2]: warning:  Clock skew detected.  Your build may be incomplete.
make[2]: Warning: File 'CMakeFiles/geometry_msgs_generate_messages_eus.dir/progress.make' has modification time 1745461202 s in the future
make[2]: warning:  Clock skew detected.  Your build may be incomplete.
make[2]: Warning: File 'CMakeFiles/std_msgs_generate_messages_lisp.dir/progress.make' has modification time 1745461202 s in the future
make[2]: warning:  Clock skew detected.  Your build may be incomplete.
make[2]: Warning: File 'CMakeFiles/std_msgs_generate_messages_eus.dir/progress.make' has modification time 1745461202 s in the future
make[2]: Warning: File 'CMakeFiles/geometry_msgs_generate_messages_cpp.dir/progress.make' has modification time 1745461202 s in the future
make[2]: warning:  Clock skew detected.  Your build may be incomplete.
make[2]: warning:  Clock skew detected.  Your build may be incomplete.
make[2]: Warning: File 'CMakeFiles/geometry_msgs_generate_messages_eus.dir/progress.make' has modification time 1745461202 s in the future
make[2]: warning:  Clock skew detected.  Your build may be incomplete.
make[2]: Warning: File 'CMakeFiles/sensor_msgs_generate_messages_eus.dir/progress.make' has modification time 1745461202 s in the future
make[2]: warning:  Clock skew detected.  Your build may be incomplete.
make[2]: Warning: File 'CMakeFiles/geographic_msgs_generate_messages_cpp.dir/progress.make' has modification time 1745461202 s in the future
make[2]: warning:  Clock skew detected.  Your build may be incomplete.
make[2]: warning:  Clock skew detected.  Your build may be incomplete.
make[2]: warning:  Clock skew detected.  Your build may be incomplete.
make[2]: Warning: File 'CMakeFiles/geometry_msgs_generate_messages_cpp.dir/progress.make' has modification time 1745461202 s in the future
make[2]: Warning: File 'CMakeFiles/std_msgs_generate_messages_eus.dir/progress.make' has modification time 1745461202 s in the future
make[2]: warning:  Clock skew detected.  Your build may be incomplete.
make[2]: warning:  Clock skew detected.  Your build may be incomplete.
make[2]: Warning: File 'CMakeFiles/geographic_msgs_generate_messages_cpp.dir/progress.make' has modification time 1745461202 s in the future
make[2]: warning:  Clock skew detected.  Your build may be incomplete.
make[2]: Warning: File 'CMakeFiles/sensor_msgs_generate_messages_cpp.dir/progress.make' has modification time 1745461202 s in the future
make[2]: Warning: File 'CMakeFiles/std_msgs_generate_messages_cpp.dir/progress.make' has modification time 1745461202 s in the future
make[2]: Warning: File 'CMakeFiles/mavros_msgs_generate_messages_py.dir/progress.make' has modification time 1745461202 s in the future
make[2]: Warning: File 'CMakeFiles/mavros_msgs_generate_messages_nodejs.dir/progress.make' has modification time 1745461202 s in the future
make[2]: warning:  Clock skew detected.  Your build may be incomplete.
make[2]: Warning: File 'CMakeFiles/mavros_msgs_generate_messages_lisp.dir/progress.make' has modification time 1745461202 s in the future
make[2]: Warning: File 'CMakeFiles/sensor_msgs_generate_messages_cpp.dir/progress.make' has modification time 1745461202 s in the future
make[2]: warning:  Clock skew detected.  Your build may be incomplete.
make[2]: Warning: File 'CMakeFiles/mavros_msgs_generate_messages_eus.dir/progress.make' has modification time 1745461202 s in the future
make[2]: warning:  Clock skew detected.  Your build may be incomplete.
make[2]: warning:  Clock skew detected.  Your build may be incomplete.
make[2]: warning:  Clock skew detected.  Your build may be incomplete.
make[2]: Warning: File 'CMakeFiles/mavros_msgs_generate_messages_eus.dir/progress.make' has modification time 1745461202 s in the future
make[2]: Warning: File 'CMakeFiles/std_msgs_generate_messages_cpp.dir/progress.make' has modification time 1745461202 s in the future
make[2]: warning:  Clock skew detected.  Your build may be incomplete.
make[2]: Warning: File 'CMakeFiles/mavros_msgs_generate_messages_py.dir/progress.make' has modification time 1745461202 s in the future
make[2]: warning:  Clock skew detected.  Your build may be incomplete.
make[2]: warning:  Clock skew detected.  Your build may be incomplete.
make[2]: warning:  Clock skew detected.  Your build may be incomplete.
make[2]: Warning: File 'CMakeFiles/mavros_msgs_generate_messages_nodejs.dir/progress.make' has modification time 1745461202 s in the future
make[2]: warning:  Clock skew detected.  Your build may be incomplete.
make[2]: warning:  Clock skew detected.  Your build may be incomplete.
make[2]: Warning: File 'CMakeFiles/mavros_msgs_generate_messages_lisp.dir/progress.make' has modification time 1745461202 s in the future
make[2]: warning:  Clock skew detected.  Your build may be incomplete.
make[2]: Warning: File 'CMakeFiles/mavros_msgs_generate_messages_cpp.dir/progress.make' has modification time 1745461202 s in the future
make[2]: warning:  Clock skew detected.  Your build may be incomplete.
make[2]: Warning: File 'CMakeFiles/mavros_msgs_generate_messages_cpp.dir/progress.make' has modification time 1745461202 s in the future
make[2]: warning:  Clock skew detected.  Your build may be incomplete.
make[2]: Warning: File 'CMakeFiles/mavros_msgs_generate_messages.dir/progress.make' has modification time 1745461202 s in the future
make[2]: warning:  Clock skew detected.  Your build may be incomplete.
make[2]: Warning: File 'CMakeFiles/mavros_msgs_generate_messages.dir/progress.make' has modification time 1745461202 s in the future
make[2]: warning:  Clock skew detected.  Your build may be incomplete.
make[1]: warning:  Clock skew detected.  Your build may be incomplete.
make: warning:  Clock skew detected.  Your build may be incomplete.
