make: Warning: File 'Makefile' has modification time 1745461293 s in the future
make[1]: Warning: File 'CMakeFiles/Makefile2' has modification time 1745461293 s in the future
make[2]: Warning: File 'CMakeFiles/icarous.xml-v1.0.dir/progress.make' has modification time 1745461293 s in the future
make[2]: Warning: File 'CMakeFiles/ualberta.xml-v2.0.dir/progress.make' has modification time 1745461293 s in the future
make[2]: warning:  Clock skew detected.  Your build may be incomplete.
make[2]: warning:  Clock skew detected.  Your build may be incomplete.
make[2]: Warning: File 'CMakeFiles/icarous.xml-v1.0.dir/progress.make' has modification time 1745461293 s in the future
make[2]: Warning: File 'CMakeFiles/ualberta.xml-v2.0.dir/progress.make' has modification time 1745461293 s in the future
make[2]: warning:  Clock skew detected.  Your build may be incomplete.
make[2]: warning:  Clock skew detected.  Your build may be incomplete.
[  3%] Built target icarous.xml-v1.0
make[2]: Warning: File 'CMakeFiles/csAirLink.xml-v1.0.dir/progress.make' has modification time 1745461293 s in the future
[  6%] Built target ualberta.xml-v2.0
make[2]: Warning: File 'CMakeFiles/cubepilot.xml-v2.0.dir/progress.make' has modification time 1745461293 s in the future
make[2]: warning:  Clock skew detected.  Your build may be incomplete.
make[2]: Warning: File 'CMakeFiles/csAirLink.xml-v1.0.dir/progress.make' has modification time 1745461293 s in the future
make[2]: warning:  Clock skew detected.  Your build may be incomplete.
make[2]: warning:  Clock skew detected.  Your build may be incomplete.
make[2]: Warning: File 'CMakeFiles/cubepilot.xml-v2.0.dir/progress.make' has modification time 1745461293 s in the future
make[2]: warning:  Clock skew detected.  Your build may be incomplete.
[ 10%] Built target csAirLink.xml-v1.0
make[2]: Warning: File 'CMakeFiles/storm32.xml-v1.0.dir/progress.make' has modification time 1745461293 s in the future
[ 13%] Built target cubepilot.xml-v2.0
make[2]: Warning: File 'CMakeFiles/uAvionix.xml-v1.0.dir/progress.make' has modification time 1745461293 s in the future
make[2]: warning:  Clock skew detected.  Your build may be incomplete.
make[2]: Warning: File 'CMakeFiles/storm32.xml-v1.0.dir/progress.make' has modification time 1745461293 s in the future
make[2]: warning:  Clock skew detected.  Your build may be incomplete.
make[2]: warning:  Clock skew detected.  Your build may be incomplete.
make[2]: Warning: File 'CMakeFiles/uAvionix.xml-v1.0.dir/progress.make' has modification time 1745461293 s in the future
make[2]: warning:  Clock skew detected.  Your build may be incomplete.
[ 20%] Built target uAvionix.xml-v1.0
[ 20%] Built target storm32.xml-v1.0
make[2]: Warning: File 'CMakeFiles/ualberta.xml-v1.0.dir/progress.make' has modification time 1745461293 s in the future
make[2]: Warning: File 'CMakeFiles/paparazzi.xml-v2.0.dir/progress.make' has modification time 1745461293 s in the future
make[2]: warning:  Clock skew detected.  Your build may be incomplete.
make[2]: Warning: File 'CMakeFiles/paparazzi.xml-v2.0.dir/progress.make' has modification time 1745461293 s in the future
make[2]: warning:  Clock skew detected.  Your build may be incomplete.
make[2]: warning:  Clock skew detected.  Your build may be incomplete.
make[2]: Warning: File 'CMakeFiles/ualberta.xml-v1.0.dir/progress.make' has modification time 1745461293 s in the future
make[2]: warning:  Clock skew detected.  Your build may be incomplete.
[ 23%] Built target paparazzi.xml-v2.0
[ 26%] Built target ualberta.xml-v1.0
make[2]: Warning: File 'CMakeFiles/paparazzi.xml-v1.0.dir/progress.make' has modification time 1745461293 s in the future
make[2]: Warning: File 'CMakeFiles/standard.xml-v1.0.dir/progress.make' has modification time 1745461293 s in the future
make[2]: warning:  Clock skew detected.  Your build may be incomplete.
make[2]: Warning: File 'CMakeFiles/standard.xml-v1.0.dir/progress.make' has modification time 1745461292 s in the future
make[2]: warning:  Clock skew detected.  Your build may be incomplete.
make[2]: warning:  Clock skew detected.  Your build may be incomplete.
[ 30%] Built target standard.xml-v1.0
make[2]: Warning: File 'CMakeFiles/paparazzi.xml-v1.0.dir/progress.make' has modification time 1745461292 s in the future
make[2]: Warning: File 'CMakeFiles/cubepilot.xml-v1.0.dir/progress.make' has modification time 1745461292 s in the future
make[2]: warning:  Clock skew detected.  Your build may be incomplete.
[ 33%] Built target paparazzi.xml-v1.0
make[2]: warning:  Clock skew detected.  Your build may be incomplete.
make[2]: Warning: File 'CMakeFiles/uAvionix.xml-v2.0.dir/progress.make' has modification time 1745461292 s in the future
make[2]: Warning: File 'CMakeFiles/cubepilot.xml-v1.0.dir/progress.make' has modification time 1745461292 s in the future
make[2]: warning:  Clock skew detected.  Your build may be incomplete.
make[2]: warning:  Clock skew detected.  Your build may be incomplete.
make[2]: Warning: File 'CMakeFiles/uAvionix.xml-v2.0.dir/progress.make' has modification time 1745461292 s in the future
make[2]: warning:  Clock skew detected.  Your build may be incomplete.
[ 36%] Built target cubepilot.xml-v1.0
[ 40%] Built target uAvionix.xml-v2.0
make[2]: Warning: File 'CMakeFiles/all.xml-v1.0.dir/progress.make' has modification time 1745461292 s in the future
make[2]: warning:  Clock skew detected.  Your build may be incomplete.
make[2]: Warning: File 'CMakeFiles/all.xml-v1.0.dir/progress.make' has modification time 1745461292 s in the future
make[2]: warning:  Clock skew detected.  Your build may be incomplete.
[ 43%] Built target all.xml-v1.0
make[2]: Warning: File 'CMakeFiles/ardupilotmega.xml-v1.0.dir/progress.make' has modification time 1745461292 s in the future
make[2]: warning:  Clock skew detected.  Your build may be incomplete.
make[2]: Warning: File 'CMakeFiles/ardupilotmega.xml-v1.0.dir/progress.make' has modification time 1745461292 s in the future
make[2]: warning:  Clock skew detected.  Your build may be incomplete.
[ 46%] Built target ardupilotmega.xml-v1.0
make[2]: Warning: File 'CMakeFiles/all.xml-v2.0.dir/progress.make' has modification time 1745461292 s in the future
make[2]: warning:  Clock skew detected.  Your build may be incomplete.
make[2]: Warning: File 'CMakeFiles/all.xml-v2.0.dir/progress.make' has modification time 1745461292 s in the future
make[2]: warning:  Clock skew detected.  Your build may be incomplete.
[ 50%] Built target all.xml-v2.0
make[2]: Warning: File 'CMakeFiles/icarous.xml-v2.0.dir/progress.make' has modification time 1745461292 s in the future
make[2]: warning:  Clock skew detected.  Your build may be incomplete.
make[2]: Warning: File 'CMakeFiles/icarous.xml-v2.0.dir/progress.make' has modification time 1745461292 s in the future
make[2]: warning:  Clock skew detected.  Your build may be incomplete.
[ 53%] Built target icarous.xml-v2.0
make[2]: Warning: File 'CMakeFiles/storm32.xml-v2.0.dir/progress.make' has modification time 1745461292 s in the future
make[2]: warning:  Clock skew detected.  Your build may be incomplete.
make[2]: Warning: File 'CMakeFiles/storm32.xml-v2.0.dir/progress.make' has modification time 1745461292 s in the future
make[2]: warning:  Clock skew detected.  Your build may be incomplete.
[ 56%] Built target storm32.xml-v2.0
make[2]: Warning: File 'CMakeFiles/development.xml-v1.0.dir/progress.make' has modification time 1745461292 s in the future
make[2]: warning:  Clock skew detected.  Your build may be incomplete.
make[2]: Warning: File 'CMakeFiles/development.xml-v1.0.dir/progress.make' has modification time 1745461292 s in the future
make[2]: warning:  Clock skew detected.  Your build may be incomplete.
[ 60%] Built target development.xml-v1.0
make[2]: Warning: File 'CMakeFiles/ASLUAV.xml-v1.0.dir/progress.make' has modification time 1745461292 s in the future
make[2]: warning:  Clock skew detected.  Your build may be incomplete.
make[2]: Warning: File 'CMakeFiles/ASLUAV.xml-v1.0.dir/progress.make' has modification time 1745461292 s in the future
make[2]: warning:  Clock skew detected.  Your build may be incomplete.
[ 63%] Built target ASLUAV.xml-v1.0
make[2]: Warning: File 'CMakeFiles/AVSSUAS.xml-v2.0.dir/progress.make' has modification time 1745461292 s in the future
make[2]: warning:  Clock skew detected.  Your build may be incomplete.
make[2]: Warning: File 'CMakeFiles/AVSSUAS.xml-v2.0.dir/progress.make' has modification time 1745461292 s in the future
make[2]: warning:  Clock skew detected.  Your build may be incomplete.
[ 66%] Built target AVSSUAS.xml-v2.0
make[2]: Warning: File 'CMakeFiles/standard.xml-v2.0.dir/progress.make' has modification time 1745461292 s in the future
make[2]: warning:  Clock skew detected.  Your build may be incomplete.
make[2]: Warning: File 'CMakeFiles/standard.xml-v2.0.dir/progress.make' has modification time 1745461292 s in the future
make[2]: warning:  Clock skew detected.  Your build may be incomplete.
[ 70%] Built target standard.xml-v2.0
make[2]: Warning: File 'CMakeFiles/common.xml-v1.0.dir/progress.make' has modification time 1745461292 s in the future
make[2]: warning:  Clock skew detected.  Your build may be incomplete.
make[2]: Warning: File 'CMakeFiles/common.xml-v1.0.dir/progress.make' has modification time 1745461291 s in the future
make[2]: warning:  Clock skew detected.  Your build may be incomplete.
[ 73%] Built target common.xml-v1.0
make[2]: Warning: File 'CMakeFiles/ardupilotmega.xml-v2.0.dir/progress.make' has modification time 1745461291 s in the future
make[2]: Warning: File 'CMakeFiles/ASLUAV.xml-v2.0.dir/progress.make' has modification time 1745461291 s in the future
make[2]: warning:  Clock skew detected.  Your build may be incomplete.
make[2]: Warning: File 'CMakeFiles/ASLUAV.xml-v2.0.dir/progress.make' has modification time 1745461291 s in the future
make[2]: warning:  Clock skew detected.  Your build may be incomplete.
[ 76%] Built target ASLUAV.xml-v2.0
make[2]: Warning: File 'CMakeFiles/csAirLink.xml-v2.0.dir/progress.make' has modification time 1745461291 s in the future
make[2]: warning:  Clock skew detected.  Your build may be incomplete.
make[2]: Warning: File 'CMakeFiles/ardupilotmega.xml-v2.0.dir/progress.make' has modification time 1745461291 s in the future
make[2]: warning:  Clock skew detected.  Your build may be incomplete.
[ 80%] Built target ardupilotmega.xml-v2.0
make[2]: warning:  Clock skew detected.  Your build may be incomplete.
make[2]: Warning: File 'CMakeFiles/matrixpilot.xml-v1.0.dir/progress.make' has modification time 1745461291 s in the future
make[2]: Warning: File 'CMakeFiles/csAirLink.xml-v2.0.dir/progress.make' has modification time 1745461291 s in the future
make[2]: warning:  Clock skew detected.  Your build may be incomplete.
[ 83%] Built target csAirLink.xml-v2.0
make[2]: warning:  Clock skew detected.  Your build may be incomplete.
make[2]: Warning: File 'CMakeFiles/AVSSUAS.xml-v1.0.dir/progress.make' has modification time 1745461291 s in the future
make[2]: Warning: File 'CMakeFiles/matrixpilot.xml-v1.0.dir/progress.make' has modification time 1745461291 s in the future
make[2]: warning:  Clock skew detected.  Your build may be incomplete.
[ 86%] Built target matrixpilot.xml-v1.0
make[2]: Warning: File 'CMakeFiles/development.xml-v2.0.dir/progress.make' has modification time 1745461291 s in the future
make[2]: warning:  Clock skew detected.  Your build may be incomplete.
make[2]: Warning: File 'CMakeFiles/AVSSUAS.xml-v1.0.dir/progress.make' has modification time 1745461291 s in the future
make[2]: warning:  Clock skew detected.  Your build may be incomplete.
make[2]: warning:  Clock skew detected.  Your build may be incomplete.
make[2]: Warning: File 'CMakeFiles/development.xml-v2.0.dir/progress.make' has modification time 1745461291 s in the future
make[2]: warning:  Clock skew detected.  Your build may be incomplete.
[ 90%] Built target AVSSUAS.xml-v1.0
make[2]: Warning: File 'CMakeFiles/matrixpilot.xml-v2.0.dir/progress.make' has modification time 1745461291 s in the future
make[2]: warning:  Clock skew detected.  Your build may be incomplete.
make[2]: Warning: File 'CMakeFiles/matrixpilot.xml-v2.0.dir/progress.make' has modification time 1745461291 s in the future
make[2]: warning:  Clock skew detected.  Your build may be incomplete.
[ 93%] Built target development.xml-v2.0
[ 96%] Built target matrixpilot.xml-v2.0
make[2]: Warning: File 'CMakeFiles/common.xml-v2.0.dir/progress.make' has modification time 1745461291 s in the future
make[2]: warning:  Clock skew detected.  Your build may be incomplete.
make[2]: Warning: File 'CMakeFiles/common.xml-v2.0.dir/progress.make' has modification time 1745461291 s in the future
make[2]: warning:  Clock skew detected.  Your build may be incomplete.
[100%] Built target common.xml-v2.0
make[1]: warning:  Clock skew detected.  Your build may be incomplete.
make: warning:  Clock skew detected.  Your build may be incomplete.
