make: Warning: File 'Makefile' has modification time 1745461293 s in the future
make[1]: Warning: File 'CMakeFiles/Makefile2' has modification time 1745461293 s in the future
make[2]: Warning: File 'CMakeFiles/icarous.xml-v1.0.dir/progress.make' has modification time 1745461293 s in the future
make[2]: Warning: File 'CMakeFiles/ualberta.xml-v2.0.dir/progress.make' has modification time 1745461293 s in the future
make[2]: warning:  Clock skew detected.  Your build may be incomplete.
make[2]: warning:  Clock skew detected.  Your build may be incomplete.
make[2]: Warning: File 'CMakeFiles/icarous.xml-v1.0.dir/progress.make' has modification time 1745461293 s in the future
make[2]: Warning: File 'CMakeFiles/ualberta.xml-v2.0.dir/progress.make' has modification time 1745461293 s in the future
make[2]: warning:  Clock skew detected.  Your build may be incomplete.
make[2]: warning:  Clock skew detected.  Your build may be incomplete.
make[2]: Warning: File 'CMakeFiles/csAirLink.xml-v1.0.dir/progress.make' has modification time 1745461293 s in the future
make[2]: Warning: File 'CMakeFiles/cubepilot.xml-v2.0.dir/progress.make' has modification time 1745461293 s in the future
make[2]: warning:  Clock skew detected.  Your build may be incomplete.
make[2]: Warning: File 'CMakeFiles/csAirLink.xml-v1.0.dir/progress.make' has modification time 1745461293 s in the future
make[2]: warning:  Clock skew detected.  Your build may be incomplete.
make[2]: warning:  Clock skew detected.  Your build may be incomplete.
make[2]: Warning: File 'CMakeFiles/cubepilot.xml-v2.0.dir/progress.make' has modification time 1745461293 s in the future
make[2]: warning:  Clock skew detected.  Your build may be incomplete.
make[2]: Warning: File 'CMakeFiles/storm32.xml-v1.0.dir/progress.make' has modification time 1745461293 s in the future
make[2]: Warning: File 'CMakeFiles/uAvionix.xml-v1.0.dir/progress.make' has modification time 1745461293 s in the future
make[2]: warning:  Clock skew detected.  Your build may be incomplete.
make[2]: Warning: File 'CMakeFiles/storm32.xml-v1.0.dir/progress.make' has modification time 1745461293 s in the future
make[2]: warning:  Clock skew detected.  Your build may be incomplete.
make[2]: warning:  Clock skew detected.  Your build may be incomplete.
make[2]: Warning: File 'CMakeFiles/uAvionix.xml-v1.0.dir/progress.make' has modification time 1745461293 s in the future
make[2]: warning:  Clock skew detected.  Your build may be incomplete.
make[2]: Warning: File 'CMakeFiles/ualberta.xml-v1.0.dir/progress.make' has modification time 1745461293 s in the future
make[2]: Warning: File 'CMakeFiles/paparazzi.xml-v2.0.dir/progress.make' has modification time 1745461293 s in the future
make[2]: warning:  Clock skew detected.  Your build may be incomplete.
make[2]: Warning: File 'CMakeFiles/paparazzi.xml-v2.0.dir/progress.make' has modification time 1745461293 s in the future
make[2]: warning:  Clock skew detected.  Your build may be incomplete.
make[2]: warning:  Clock skew detected.  Your build may be incomplete.
make[2]: Warning: File 'CMakeFiles/ualberta.xml-v1.0.dir/progress.make' has modification time 1745461293 s in the future
make[2]: warning:  Clock skew detected.  Your build may be incomplete.
make[2]: Warning: File 'CMakeFiles/paparazzi.xml-v1.0.dir/progress.make' has modification time 1745461293 s in the future
make[2]: Warning: File 'CMakeFiles/standard.xml-v1.0.dir/progress.make' has modification time 1745461293 s in the future
make[2]: warning:  Clock skew detected.  Your build may be incomplete.
make[2]: Warning: File 'CMakeFiles/standard.xml-v1.0.dir/progress.make' has modification time 1745461292 s in the future
make[2]: warning:  Clock skew detected.  Your build may be incomplete.
make[2]: warning:  Clock skew detected.  Your build may be incomplete.
make[2]: Warning: File 'CMakeFiles/paparazzi.xml-v1.0.dir/progress.make' has modification time 1745461292 s in the future
make[2]: Warning: File 'CMakeFiles/cubepilot.xml-v1.0.dir/progress.make' has modification time 1745461292 s in the future
make[2]: warning:  Clock skew detected.  Your build may be incomplete.
make[2]: warning:  Clock skew detected.  Your build may be incomplete.
make[2]: Warning: File 'CMakeFiles/uAvionix.xml-v2.0.dir/progress.make' has modification time 1745461292 s in the future
make[2]: Warning: File 'CMakeFiles/cubepilot.xml-v1.0.dir/progress.make' has modification time 1745461292 s in the future
make[2]: warning:  Clock skew detected.  Your build may be incomplete.
make[2]: warning:  Clock skew detected.  Your build may be incomplete.
make[2]: Warning: File 'CMakeFiles/uAvionix.xml-v2.0.dir/progress.make' has modification time 1745461292 s in the future
make[2]: warning:  Clock skew detected.  Your build may be incomplete.
make[2]: Warning: File 'CMakeFiles/all.xml-v1.0.dir/progress.make' has modification time 1745461292 s in the future
make[2]: warning:  Clock skew detected.  Your build may be incomplete.
make[2]: Warning: File 'CMakeFiles/all.xml-v1.0.dir/progress.make' has modification time 1745461292 s in the future
make[2]: warning:  Clock skew detected.  Your build may be incomplete.
make[2]: Warning: File 'CMakeFiles/ardupilotmega.xml-v1.0.dir/progress.make' has modification time 1745461292 s in the future
make[2]: warning:  Clock skew detected.  Your build may be incomplete.
make[2]: Warning: File 'CMakeFiles/ardupilotmega.xml-v1.0.dir/progress.make' has modification time 1745461292 s in the future
make[2]: warning:  Clock skew detected.  Your build may be incomplete.
make[2]: Warning: File 'CMakeFiles/all.xml-v2.0.dir/progress.make' has modification time 1745461292 s in the future
make[2]: warning:  Clock skew detected.  Your build may be incomplete.
make[2]: Warning: File 'CMakeFiles/all.xml-v2.0.dir/progress.make' has modification time 1745461292 s in the future
make[2]: warning:  Clock skew detected.  Your build may be incomplete.
make[2]: Warning: File 'CMakeFiles/icarous.xml-v2.0.dir/progress.make' has modification time 1745461292 s in the future
make[2]: warning:  Clock skew detected.  Your build may be incomplete.
make[2]: Warning: File 'CMakeFiles/icarous.xml-v2.0.dir/progress.make' has modification time 1745461292 s in the future
make[2]: warning:  Clock skew detected.  Your build may be incomplete.
make[2]: Warning: File 'CMakeFiles/storm32.xml-v2.0.dir/progress.make' has modification time 1745461292 s in the future
make[2]: warning:  Clock skew detected.  Your build may be incomplete.
make[2]: Warning: File 'CMakeFiles/storm32.xml-v2.0.dir/progress.make' has modification time 1745461292 s in the future
make[2]: warning:  Clock skew detected.  Your build may be incomplete.
make[2]: Warning: File 'CMakeFiles/development.xml-v1.0.dir/progress.make' has modification time 1745461292 s in the future
make[2]: warning:  Clock skew detected.  Your build may be incomplete.
make[2]: Warning: File 'CMakeFiles/development.xml-v1.0.dir/progress.make' has modification time 1745461292 s in the future
make[2]: warning:  Clock skew detected.  Your build may be incomplete.
make[2]: Warning: File 'CMakeFiles/ASLUAV.xml-v1.0.dir/progress.make' has modification time 1745461292 s in the future
make[2]: warning:  Clock skew detected.  Your build may be incomplete.
make[2]: Warning: File 'CMakeFiles/ASLUAV.xml-v1.0.dir/progress.make' has modification time 1745461292 s in the future
make[2]: warning:  Clock skew detected.  Your build may be incomplete.
make[2]: Warning: File 'CMakeFiles/AVSSUAS.xml-v2.0.dir/progress.make' has modification time 1745461292 s in the future
make[2]: warning:  Clock skew detected.  Your build may be incomplete.
make[2]: Warning: File 'CMakeFiles/AVSSUAS.xml-v2.0.dir/progress.make' has modification time 1745461292 s in the future
make[2]: warning:  Clock skew detected.  Your build may be incomplete.
make[2]: Warning: File 'CMakeFiles/standard.xml-v2.0.dir/progress.make' has modification time 1745461292 s in the future
make[2]: warning:  Clock skew detected.  Your build may be incomplete.
make[2]: Warning: File 'CMakeFiles/standard.xml-v2.0.dir/progress.make' has modification time 1745461292 s in the future
make[2]: warning:  Clock skew detected.  Your build may be incomplete.
make[2]: Warning: File 'CMakeFiles/common.xml-v1.0.dir/progress.make' has modification time 1745461292 s in the future
make[2]: warning:  Clock skew detected.  Your build may be incomplete.
make[2]: Warning: File 'CMakeFiles/common.xml-v1.0.dir/progress.make' has modification time 1745461291 s in the future
make[2]: warning:  Clock skew detected.  Your build may be incomplete.
make[2]: Warning: File 'CMakeFiles/ardupilotmega.xml-v2.0.dir/progress.make' has modification time 1745461291 s in the future
make[2]: Warning: File 'CMakeFiles/ASLUAV.xml-v2.0.dir/progress.make' has modification time 1745461291 s in the future
make[2]: warning:  Clock skew detected.  Your build may be incomplete.
make[2]: Warning: File 'CMakeFiles/ASLUAV.xml-v2.0.dir/progress.make' has modification time 1745461291 s in the future
make[2]: warning:  Clock skew detected.  Your build may be incomplete.
make[2]: Warning: File 'CMakeFiles/csAirLink.xml-v2.0.dir/progress.make' has modification time 1745461291 s in the future
make[2]: warning:  Clock skew detected.  Your build may be incomplete.
make[2]: Warning: File 'CMakeFiles/ardupilotmega.xml-v2.0.dir/progress.make' has modification time 1745461291 s in the future
make[2]: warning:  Clock skew detected.  Your build may be incomplete.
make[2]: warning:  Clock skew detected.  Your build may be incomplete.
make[2]: Warning: File 'CMakeFiles/matrixpilot.xml-v1.0.dir/progress.make' has modification time 1745461291 s in the future
make[2]: Warning: File 'CMakeFiles/csAirLink.xml-v2.0.dir/progress.make' has modification time 1745461291 s in the future
make[2]: warning:  Clock skew detected.  Your build may be incomplete.
make[2]: warning:  Clock skew detected.  Your build may be incomplete.
make[2]: Warning: File 'CMakeFiles/AVSSUAS.xml-v1.0.dir/progress.make' has modification time 1745461291 s in the future
make[2]: Warning: File 'CMakeFiles/matrixpilot.xml-v1.0.dir/progress.make' has modification time 1745461291 s in the future
make[2]: warning:  Clock skew detected.  Your build may be incomplete.
make[2]: Warning: File 'CMakeFiles/development.xml-v2.0.dir/progress.make' has modification time 1745461291 s in the future
make[2]: warning:  Clock skew detected.  Your build may be incomplete.
make[2]: Warning: File 'CMakeFiles/AVSSUAS.xml-v1.0.dir/progress.make' has modification time 1745461291 s in the future
make[2]: warning:  Clock skew detected.  Your build may be incomplete.
make[2]: warning:  Clock skew detected.  Your build may be incomplete.
make[2]: Warning: File 'CMakeFiles/development.xml-v2.0.dir/progress.make' has modification time 1745461291 s in the future
make[2]: warning:  Clock skew detected.  Your build may be incomplete.
make[2]: Warning: File 'CMakeFiles/matrixpilot.xml-v2.0.dir/progress.make' has modification time 1745461291 s in the future
make[2]: warning:  Clock skew detected.  Your build may be incomplete.
make[2]: Warning: File 'CMakeFiles/matrixpilot.xml-v2.0.dir/progress.make' has modification time 1745461291 s in the future
make[2]: warning:  Clock skew detected.  Your build may be incomplete.
make[2]: Warning: File 'CMakeFiles/common.xml-v2.0.dir/progress.make' has modification time 1745461291 s in the future
make[2]: warning:  Clock skew detected.  Your build may be incomplete.
make[2]: Warning: File 'CMakeFiles/common.xml-v2.0.dir/progress.make' has modification time 1745461291 s in the future
make[2]: warning:  Clock skew detected.  Your build may be incomplete.
make[1]: warning:  Clock skew detected.  Your build may be incomplete.
make: warning:  Clock skew detected.  Your build may be incomplete.
